#
# There is insufficient memory for the Java Runtime Environment to continue.
# Native memory allocation (malloc) failed to allocate 1787536 bytes. Error detail: Chunk::new
# Possible reasons:
#   The system is out of physical RAM or swap space
#   This process is running with CompressedOops enabled, and the Java Heap may be blocking the growth of the native heap
# Possible solutions:
#   Reduce memory load on the system
#   Increase physical memory or swap space
#   Check if swap backing store is full
#   Decrease Java heap size (-Xmx/-Xms)
#   Decrease number of Java threads
#   Decrease Java thread stack sizes (-Xss)
#   Set larger code cache with -XX:ReservedCodeCacheSize=
#   JVM is running with Unscaled Compressed Oops mode in which the Java heap is
#     placed in the first 4GB address space. The Java Heap base address is the
#     maximum limit for the native heap growth. Please use -XX:HeapBaseMinAddress
#     to set the Java Heap base and to place the Java Heap above 4GB virtual address.
# This output file may be truncated or incomplete.
#
#  Out of Memory Error (arena.cpp:168), pid=5980, tid=27128
#
# JRE version: OpenJDK Runtime Environment (21.0.3) (build 21.0.3+-12282718-b509.11)
# Java VM: OpenJDK 64-Bit Server VM (21.0.3+-12282718-b509.11, mixed mode, tiered, compressed oops, compressed class ptrs, g1 gc, windows-amd64)
# No core dump will be written. Minidumps are not enabled by default on client versions of Windows
#

---------------  S U M M A R Y ------------

Command Line: --add-opens=java.base/java.util=ALL-UNNAMED --add-opens=java.base/java.lang=ALL-UNNAMED --add-opens=java.base/java.lang.invoke=ALL-UNNAMED --add-opens=java.prefs/java.util.prefs=ALL-UNNAMED --add-exports=jdk.compiler/com.sun.tools.javac.api=ALL-UNNAMED --add-exports=jdk.compiler/com.sun.tools.javac.util=ALL-UNNAMED --add-opens=java.base/java.nio.charset=ALL-UNNAMED --add-opens=java.base/java.net=ALL-UNNAMED --add-opens=java.base/java.util.concurrent.atomic=ALL-UNNAMED -Xmx2048m -Dfile.encoding=UTF-8 -Duser.country=US -Duser.language=en -Duser.variant -javaagent:C:\Users\PC\.gradle\wrapper\dists\gradle-8.9-bin\90cnw93cvbtalezasaz0blq0a\gradle-8.9\lib\agents\gradle-instrumentation-agent-8.9.jar org.gradle.launcher.daemon.bootstrap.GradleDaemon 8.9

Host: 12th Gen Intel(R) Core(TM) i7-12700H, 20 cores, 15G,  Windows 11 , 64 bit Build 26100 (10.0.26100.2454)
Time: Mon Feb 17 13:21:00 2025 Egypt Standard Time elapsed time: 5.936774 seconds (0d 0h 0m 5s)

---------------  T H R E A D  ---------------

Current thread (0x0000021c68bf5190):  JavaThread "C2 CompilerThread2" daemon [_thread_in_native, id=27128, stack(0x0000009136b00000,0x0000009136c00000) (1024K)]


Current CompileTask:
C2:   5936 6763   !   4       java.net.URLClassLoader$1::run (81 bytes)

Stack: [0x0000009136b00000,0x0000009136c00000]
Native frames: (J=compiled Java code, j=interpreted, Vv=VM code, C=native code)
V  [jvm.dll+0x6cafb9]
V  [jvm.dll+0x858523]
V  [jvm.dll+0x85aa7e]
V  [jvm.dll+0x85b163]
V  [jvm.dll+0x27d356]
V  [jvm.dll+0xbf93d]
V  [jvm.dll+0xbfe73]
V  [jvm.dll+0x3b1cb1]
V  [jvm.dll+0x37e787]
V  [jvm.dll+0x37dbfa]
V  [jvm.dll+0x246b02]
V  [jvm.dll+0x2460d1]
V  [jvm.dll+0x1c5804]
V  [jvm.dll+0x25575c]
V  [jvm.dll+0x253c36]
V  [jvm.dll+0x3ec996]
V  [jvm.dll+0x800d78]
V  [jvm.dll+0x6c98cd]
C  [ucrtbase.dll+0x14ea0]
C  [KERNEL32.DLL+0x2e8d7]
C  [ntdll.dll+0xdfbcc]


---------------  P R O C E S S  ---------------

Threads class SMR info:
_java_thread_list=0x0000021c71648f60, length=76, elements={
0x0000021c4ddc3850, 0x0000021c689a8640, 0x0000021c689ac230, 0x0000021c689dd1a0,
0x0000021c689dd810, 0x0000021c689ca2b0, 0x0000021c689cbbd0, 0x0000021c689b40f0,
0x0000021c68a08b40, 0x0000021c68a6aad0, 0x0000021c6d09b0e0, 0x0000021c68bf3d20,
0x0000021c68bf5190, 0x0000021c6d1e5cf0, 0x0000021c6d1e7dc0, 0x0000021c6d1e4fd0,
0x0000021c6d1e7730, 0x0000021c6d1e5660, 0x0000021c6d1e6380, 0x0000021c6d1e6a10,
0x0000021c6f0844c0, 0x0000021c6f083e30, 0x0000021c6f084b50, 0x0000021c6f083110,
0x0000021c6f085870, 0x0000021c6f0851e0, 0x0000021c6f085f00, 0x0000021c6f086590,
0x0000021c6f086c20, 0x0000021c6f0837a0, 0x0000021c6f087940, 0x0000021c6f08a0a0,
0x0000021c6f0872b0, 0x0000021c6f087fd0, 0x0000021c6f088660, 0x0000021c6f088cf0,
0x0000021c6f089380, 0x0000021c6f089a10, 0x0000021c72abde30, 0x0000021c72abd7a0,
0x0000021c72abe4c0, 0x0000021c72abd110, 0x0000021c72abf870, 0x0000021c72abeb50,
0x0000021c72abf1e0, 0x0000021c72abc3f0, 0x0000021c72abff00, 0x0000021c72abca80,
0x0000021c72ac2cf0, 0x0000021c72ac3380, 0x0000021c72ac0c20, 0x0000021c72ac1fd0,
0x0000021c72ac1940, 0x0000021c72ac2660, 0x0000021c68bf2f80, 0x0000021c6f354d70,
0x0000021c6f352ca0, 0x0000021c6f353330, 0x0000021c6f3539c0, 0x0000021c6f355a90,
0x0000021c6f355400, 0x0000021c6f356120, 0x0000021c6f3567b0, 0x0000021c6f3546e0,
0x0000021c6f356e40, 0x0000021c6f3574d0, 0x0000021c6f354050, 0x0000021c6f359c30,
0x0000021c6f358f10, 0x0000021c6f357b60, 0x0000021c6f358880, 0x0000021c6f3581f0,
0x0000021c6f3595a0, 0x0000021c6f35a2c0, 0x0000021c72ddf050, 0x0000021c72de1120
}

Java Threads: ( => current thread )
  0x0000021c4ddc3850 JavaThread "main"                              [_thread_blocked, id=30444, stack(0x0000009135600000,0x0000009135700000) (1024K)]
  0x0000021c689a8640 JavaThread "Reference Handler"          daemon [_thread_blocked, id=24276, stack(0x0000009135e00000,0x0000009135f00000) (1024K)]
  0x0000021c689ac230 JavaThread "Finalizer"                  daemon [_thread_blocked, id=29716, stack(0x0000009135f00000,0x0000009136000000) (1024K)]
  0x0000021c689dd1a0 JavaThread "Signal Dispatcher"          daemon [_thread_blocked, id=29068, stack(0x0000009136000000,0x0000009136100000) (1024K)]
  0x0000021c689dd810 JavaThread "Attach Listener"            daemon [_thread_blocked, id=15352, stack(0x0000009136100000,0x0000009136200000) (1024K)]
  0x0000021c689ca2b0 JavaThread "Service Thread"             daemon [_thread_blocked, id=21768, stack(0x0000009136200000,0x0000009136300000) (1024K)]
  0x0000021c689cbbd0 JavaThread "Monitor Deflation Thread"   daemon [_thread_blocked, id=7960, stack(0x0000009136300000,0x0000009136400000) (1024K)]
  0x0000021c689b40f0 JavaThread "C2 CompilerThread0"         daemon [_thread_blocked, id=24756, stack(0x0000009136400000,0x0000009136500000) (1024K)]
  0x0000021c68a08b40 JavaThread "C1 CompilerThread0"         daemon [_thread_blocked, id=27552, stack(0x0000009136500000,0x0000009136600000) (1024K)]
  0x0000021c68a6aad0 JavaThread "Common-Cleaner"             daemon [_thread_blocked, id=3800, stack(0x0000009136600000,0x0000009136700000) (1024K)]
  0x0000021c6d09b0e0 JavaThread "Notification Thread"        daemon [_thread_blocked, id=13776, stack(0x0000009136900000,0x0000009136a00000) (1024K)]
  0x0000021c68bf3d20 JavaThread "C2 CompilerThread1"         daemon [_thread_in_native, id=31272, stack(0x0000009136a00000,0x0000009136b00000) (1024K)]
=>0x0000021c68bf5190 JavaThread "C2 CompilerThread2"         daemon [_thread_in_native, id=27128, stack(0x0000009136b00000,0x0000009136c00000) (1024K)]
  0x0000021c6d1e5cf0 JavaThread "Daemon health stats"               [_thread_blocked, id=5100, stack(0x0000009136c00000,0x0000009136d00000) (1024K)]
  0x0000021c6d1e7dc0 JavaThread "Incoming local TCP Connector on port 62772"        [_thread_in_native, id=4596, stack(0x0000009137300000,0x0000009137400000) (1024K)]
  0x0000021c6d1e4fd0 JavaThread "Daemon periodic checks"            [_thread_in_native, id=2144, stack(0x0000009137400000,0x0000009137500000) (1024K)]
  0x0000021c6d1e7730 JavaThread "Daemon"                            [_thread_blocked, id=28488, stack(0x0000009137500000,0x0000009137600000) (1024K)]
  0x0000021c6d1e5660 JavaThread "Handler for socket connection from /127.0.0.1:62772 to /127.0.0.1:62773"        [_thread_in_native, id=19912, stack(0x0000009137600000,0x0000009137700000) (1024K)]
  0x0000021c6d1e6380 JavaThread "Cancel handler"                    [_thread_blocked, id=19836, stack(0x0000009137700000,0x0000009137800000) (1024K)]
  0x0000021c6d1e6a10 JavaThread "Daemon worker"                     [_thread_in_Java, id=32236, stack(0x0000009137800000,0x0000009137900000) (1024K)]
  0x0000021c6f0844c0 JavaThread "Asynchronous log dispatcher for DefaultDaemonConnection: socket connection from /127.0.0.1:62772 to /127.0.0.1:62773"        [_thread_blocked, id=18036, stack(0x0000009137900000,0x0000009137a00000) (1024K)]
  0x0000021c6f083e30 JavaThread "Stdin handler"                     [_thread_blocked, id=28264, stack(0x0000009137a00000,0x0000009137b00000) (1024K)]
  0x0000021c6f084b50 JavaThread "Daemon client event forwarder"        [_thread_blocked, id=1824, stack(0x0000009137b00000,0x0000009137c00000) (1024K)]
  0x0000021c6f083110 JavaThread "Cache worker for journal cache (C:\Users\PC\.gradle\caches\journal-1)"        [_thread_blocked, id=26028, stack(0x0000009138800000,0x0000009138900000) (1024K)]
  0x0000021c6f085870 JavaThread "File lock request listener"        [_thread_in_native, id=31680, stack(0x0000009138900000,0x0000009138a00000) (1024K)]
  0x0000021c6f0851e0 JavaThread "Cache worker for file hash cache (C:\Users\PC\.gradle\caches\8.9\fileHashes)"        [_thread_blocked, id=5640, stack(0x0000009138a00000,0x0000009138b00000) (1024K)]
  0x0000021c6f085f00 JavaThread "Cache worker for file hash cache (F:\AndroidStudioProjects\QRScannerApp\.gradle\8.9\fileHashes)"        [_thread_blocked, id=17904, stack(0x0000009138b00000,0x0000009138c00000) (1024K)]
  0x0000021c6f086590 JavaThread "Cache worker for Build Output Cleanup Cache (F:\AndroidStudioProjects\QRScannerApp\.gradle\buildOutputCleanup)"        [_thread_blocked, id=17496, stack(0x0000009138c00000,0x0000009138d00000) (1024K)]
  0x0000021c6f086c20 JavaThread "File watcher server"        daemon [_thread_in_native, id=19904, stack(0x0000009138d00000,0x0000009138e00000) (1024K)]
  0x0000021c6f0837a0 JavaThread "File watcher consumer"      daemon [_thread_blocked, id=7452, stack(0x0000009138e00000,0x0000009138f00000) (1024K)]
  0x0000021c6f087940 JavaThread "jar transforms"                    [_thread_blocked, id=28104, stack(0x0000009138f00000,0x0000009139000000) (1024K)]
  0x0000021c6f08a0a0 JavaThread "jar transforms Thread 2"           [_thread_blocked, id=27272, stack(0x0000009139000000,0x0000009139100000) (1024K)]
  0x0000021c6f0872b0 JavaThread "jar transforms Thread 3"           [_thread_blocked, id=23580, stack(0x0000009139100000,0x0000009139200000) (1024K)]
  0x0000021c6f087fd0 JavaThread "jar transforms Thread 4"           [_thread_blocked, id=25716, stack(0x0000009139200000,0x0000009139300000) (1024K)]
  0x0000021c6f088660 JavaThread "jar transforms Thread 5"           [_thread_blocked, id=13900, stack(0x0000009139300000,0x0000009139400000) (1024K)]
  0x0000021c6f088cf0 JavaThread "jar transforms Thread 6"           [_thread_blocked, id=8456, stack(0x0000009139400000,0x0000009139500000) (1024K)]
  0x0000021c6f089380 JavaThread "jar transforms Thread 7"           [_thread_blocked, id=26252, stack(0x0000009139500000,0x0000009139600000) (1024K)]
  0x0000021c6f089a10 JavaThread "jar transforms Thread 8"           [_thread_blocked, id=24580, stack(0x0000009139600000,0x0000009139700000) (1024K)]
  0x0000021c72abde30 JavaThread "jar transforms Thread 9"           [_thread_blocked, id=20448, stack(0x0000009139700000,0x0000009139800000) (1024K)]
  0x0000021c72abd7a0 JavaThread "jar transforms Thread 10"          [_thread_blocked, id=28116, stack(0x0000009139800000,0x0000009139900000) (1024K)]
  0x0000021c72abe4c0 JavaThread "jar transforms Thread 11"          [_thread_blocked, id=31100, stack(0x0000009139900000,0x0000009139a00000) (1024K)]
  0x0000021c72abd110 JavaThread "jar transforms Thread 12"          [_thread_blocked, id=19208, stack(0x0000009139a00000,0x0000009139b00000) (1024K)]
  0x0000021c72abf870 JavaThread "jar transforms Thread 13"          [_thread_blocked, id=21384, stack(0x0000009139b00000,0x0000009139c00000) (1024K)]
  0x0000021c72abeb50 JavaThread "jar transforms Thread 14"          [_thread_blocked, id=31120, stack(0x0000009139c00000,0x0000009139d00000) (1024K)]
  0x0000021c72abf1e0 JavaThread "jar transforms Thread 15"          [_thread_blocked, id=16884, stack(0x0000009139d00000,0x0000009139e00000) (1024K)]
  0x0000021c72abc3f0 JavaThread "jar transforms Thread 16"          [_thread_blocked, id=3536, stack(0x0000009139e00000,0x0000009139f00000) (1024K)]
  0x0000021c72abff00 JavaThread "jar transforms Thread 17"          [_thread_blocked, id=29728, stack(0x0000009139f00000,0x000000913a000000) (1024K)]
  0x0000021c72abca80 JavaThread "jar transforms Thread 18"          [_thread_blocked, id=5836, stack(0x000000913a000000,0x000000913a100000) (1024K)]
  0x0000021c72ac2cf0 JavaThread "jar transforms Thread 19"          [_thread_blocked, id=13372, stack(0x000000913a100000,0x000000913a200000) (1024K)]
  0x0000021c72ac3380 JavaThread "jar transforms Thread 20"          [_thread_blocked, id=27224, stack(0x000000913a200000,0x000000913a300000) (1024K)]
  0x0000021c72ac0c20 JavaThread "Cache worker for checksums cache (F:\AndroidStudioProjects\QRScannerApp\.gradle\8.9\checksums)"        [_thread_blocked, id=28648, stack(0x000000913a300000,0x000000913a400000) (1024K)]
  0x0000021c72ac1fd0 JavaThread "Cache worker for file content cache (C:\Users\PC\.gradle\caches\8.9\fileContent)"        [_thread_blocked, id=28132, stack(0x000000913a400000,0x000000913a500000) (1024K)]
  0x0000021c72ac1940 JavaThread "Cache worker for cache directory md-rule (C:\Users\PC\.gradle\caches\8.9\md-rule)"        [_thread_blocked, id=30504, stack(0x000000913a500000,0x000000913a600000) (1024K)]
  0x0000021c72ac2660 JavaThread "Cache worker for cache directory md-supplier (C:\Users\PC\.gradle\caches\8.9\md-supplier)"        [_thread_blocked, id=17224, stack(0x000000913a600000,0x000000913a700000) (1024K)]
  0x0000021c68bf2f80 JavaThread "C2 CompilerThread3"         daemon [_thread_in_native, id=33732, stack(0x000000913a700000,0x000000913a800000) (1024K)]
  0x0000021c6f354d70 JavaThread "Unconstrained build operations"        [_thread_blocked, id=12992, stack(0x000000913a900000,0x000000913aa00000) (1024K)]
  0x0000021c6f352ca0 JavaThread "Unconstrained build operations Thread 2"        [_thread_blocked, id=27044, stack(0x000000913aa00000,0x000000913ab00000) (1024K)]
  0x0000021c6f353330 JavaThread "Unconstrained build operations Thread 3"        [_thread_blocked, id=21968, stack(0x000000913ab00000,0x000000913ac00000) (1024K)]
  0x0000021c6f3539c0 JavaThread "Unconstrained build operations Thread 4"        [_thread_blocked, id=29928, stack(0x000000913ac00000,0x000000913ad00000) (1024K)]
  0x0000021c6f355a90 JavaThread "Unconstrained build operations Thread 5"        [_thread_blocked, id=20824, stack(0x000000913ad00000,0x000000913ae00000) (1024K)]
  0x0000021c6f355400 JavaThread "Unconstrained build operations Thread 6"        [_thread_blocked, id=8116, stack(0x000000913ae00000,0x000000913af00000) (1024K)]
  0x0000021c6f356120 JavaThread "Unconstrained build operations Thread 7"        [_thread_blocked, id=24044, stack(0x000000913af00000,0x000000913b000000) (1024K)]
  0x0000021c6f3567b0 JavaThread "Unconstrained build operations Thread 8"        [_thread_blocked, id=20784, stack(0x000000913b000000,0x000000913b100000) (1024K)]
  0x0000021c6f3546e0 JavaThread "Unconstrained build operations Thread 9"        [_thread_blocked, id=20692, stack(0x000000913b100000,0x000000913b200000) (1024K)]
  0x0000021c6f356e40 JavaThread "Unconstrained build operations Thread 10"        [_thread_blocked, id=13324, stack(0x000000913b200000,0x000000913b300000) (1024K)]
  0x0000021c6f3574d0 JavaThread "Unconstrained build operations Thread 11"        [_thread_blocked, id=11616, stack(0x000000913b300000,0x000000913b400000) (1024K)]
  0x0000021c6f354050 JavaThread "Unconstrained build operations Thread 12"        [_thread_blocked, id=14104, stack(0x000000913b400000,0x000000913b500000) (1024K)]
  0x0000021c6f359c30 JavaThread "Unconstrained build operations Thread 13"        [_thread_blocked, id=18008, stack(0x000000913b500000,0x000000913b600000) (1024K)]
  0x0000021c6f358f10 JavaThread "Unconstrained build operations Thread 14"        [_thread_blocked, id=32856, stack(0x000000913b600000,0x000000913b700000) (1024K)]
  0x0000021c6f357b60 JavaThread "Unconstrained build operations Thread 15"        [_thread_blocked, id=17564, stack(0x000000913b700000,0x000000913b800000) (1024K)]
  0x0000021c6f358880 JavaThread "Unconstrained build operations Thread 16"        [_thread_blocked, id=17476, stack(0x000000913b800000,0x000000913b900000) (1024K)]
  0x0000021c6f3581f0 JavaThread "Unconstrained build operations Thread 17"        [_thread_blocked, id=10996, stack(0x000000913b900000,0x000000913ba00000) (1024K)]
  0x0000021c6f3595a0 JavaThread "Unconstrained build operations Thread 18"        [_thread_blocked, id=23912, stack(0x000000913ba00000,0x000000913bb00000) (1024K)]
  0x0000021c6f35a2c0 JavaThread "Unconstrained build operations Thread 19"        [_thread_blocked, id=10276, stack(0x000000913bb00000,0x000000913bc00000) (1024K)]
  0x0000021c72ddf050 JavaThread "Unconstrained build operations Thread 20"        [_thread_blocked, id=32720, stack(0x000000913bc00000,0x000000913bd00000) (1024K)]
  0x0000021c72de1120 JavaThread "Unconstrained build operations Thread 21"        [_thread_blocked, id=12320, stack(0x000000913bd00000,0x000000913be00000) (1024K)]
Total: 76

Other Threads:
  0x0000021c68882d00 VMThread "VM Thread"                           [id=28256, stack(0x0000009135d00000,0x0000009135e00000) (1024K)]
  0x0000021c689309d0 WatcherThread "VM Periodic Task Thread"        [id=20500, stack(0x0000009135c00000,0x0000009135d00000) (1024K)]
  0x0000021c50214230 WorkerThread "GC Thread#0"                     [id=8900, stack(0x0000009135700000,0x0000009135800000) (1024K)]
  0x0000021c6d34dd70 WorkerThread "GC Thread#1"                     [id=22244, stack(0x0000009136d00000,0x0000009136e00000) (1024K)]
  0x0000021c6d34e110 WorkerThread "GC Thread#2"                     [id=2840, stack(0x0000009136e00000,0x0000009136f00000) (1024K)]
  0x0000021c6d461560 WorkerThread "GC Thread#3"                     [id=30016, stack(0x0000009136f00000,0x0000009137000000) (1024K)]
  0x0000021c6d5ce270 WorkerThread "GC Thread#4"                     [id=21368, stack(0x0000009137000000,0x0000009137100000) (1024K)]
  0x0000021c6d5ce610 WorkerThread "GC Thread#5"                     [id=24764, stack(0x0000009137100000,0x0000009137200000) (1024K)]
  0x0000021c6eec1e10 WorkerThread "GC Thread#6"                     [id=4888, stack(0x0000009137c00000,0x0000009137d00000) (1024K)]
  0x0000021c6eec2c90 WorkerThread "GC Thread#7"                     [id=4772, stack(0x0000009137d00000,0x0000009137e00000) (1024K)]
  0x0000021c6eec21b0 WorkerThread "GC Thread#8"                     [id=1460, stack(0x0000009137e00000,0x0000009137f00000) (1024K)]
  0x0000021c6eec2550 WorkerThread "GC Thread#9"                     [id=4936, stack(0x0000009137f00000,0x0000009138000000) (1024K)]
  0x0000021c6eec33d0 WorkerThread "GC Thread#10"                    [id=3704, stack(0x0000009138000000,0x0000009138100000) (1024K)]
  0x0000021c6eec1a70 WorkerThread "GC Thread#11"                    [id=32640, stack(0x0000009138100000,0x0000009138200000) (1024K)]
  0x0000021c6eec28f0 WorkerThread "GC Thread#12"                    [id=18656, stack(0x0000009138200000,0x0000009138300000) (1024K)]
  0x0000021c6eec3030 WorkerThread "GC Thread#13"                    [id=33264, stack(0x0000009138300000,0x0000009138400000) (1024K)]
  0x0000021c6f08ae30 WorkerThread "GC Thread#14"                    [id=7788, stack(0x0000009138400000,0x0000009138500000) (1024K)]
  0x0000021c50225120 ConcurrentGCThread "G1 Main Marker"            [id=32832, stack(0x0000009135800000,0x0000009135900000) (1024K)]
  0x0000021c50226970 WorkerThread "G1 Conc#0"                       [id=6016, stack(0x0000009135900000,0x0000009135a00000) (1024K)]
  0x0000021c6f08d610 WorkerThread "G1 Conc#1"                       [id=7676, stack(0x0000009138500000,0x0000009138600000) (1024K)]
  0x0000021c6f08c3f0 WorkerThread "G1 Conc#2"                       [id=25728, stack(0x0000009138600000,0x0000009138700000) (1024K)]
  0x0000021c6f08e490 WorkerThread "G1 Conc#3"                       [id=15904, stack(0x0000009138700000,0x0000009138800000) (1024K)]
  0x0000021c6878e420 ConcurrentGCThread "G1 Refine#0"               [id=4656, stack(0x0000009135a00000,0x0000009135b00000) (1024K)]
  0x0000021c6878eea0 ConcurrentGCThread "G1 Service"                [id=31684, stack(0x0000009135b00000,0x0000009135c00000) (1024K)]
Total: 24

Threads with active compile tasks:
C2 CompilerThread1    12009 6762       4       java.net.URLClassLoader$1::run (5 bytes)
C2 CompilerThread2    12009 6763   !   4       java.net.URLClassLoader$1::run (81 bytes)
C2 CompilerThread3    12009 6761   !   4       java.net.URLClassLoader::findClass (47 bytes)
Total: 3

VM state: not at safepoint (normal execution)

VM Mutex/Monitor currently owned by a thread: None

Heap address: 0x0000000080000000, size: 2048 MB, Compressed Oops mode: 32-bit

CDS archive(s) not mapped
Compressed class space mapped at: 0x0000000100000000-0x0000000140000000, reserved size: 1073741824
Narrow klass base: 0x0000000000000000, Narrow klass shift: 3, Narrow klass range: 0x140000000

GC Precious Log:
 CardTable entry size: 512
 Card Set container configuration: InlinePtr #cards 5 size 8 Array Of Cards #cards 12 size 40 Howl #buckets 4 coarsen threshold 1843 Howl Bitmap #cards 512 size 80 coarsen threshold 460 Card regions per heap region 1 cards per card region 2048
 CPUs: 20 total, 20 available
 Memory: 16068M
 Large Page Support: Disabled
 NUMA Support: Disabled
 Compressed Oops: Enabled (32-bit)
 Heap Region Size: 1M
 Heap Min Capacity: 8M
 Heap Initial Capacity: 252M
 Heap Max Capacity: 2G
 Pre-touch: Disabled
 Parallel Workers: 15
 Concurrent Workers: 4
 Concurrent Refinement Workers: 15
 Periodic GC: Disabled

Heap:
 garbage-first heap   total 165888K, used 122618K [0x0000000080000000, 0x0000000100000000)
  region size 1024K, 54 young (55296K), 11 survivors (11264K)
 Metaspace       used 65138K, committed 66816K, reserved 1114112K
  class space    used 8924K, committed 9792K, reserved 1048576K

Heap Regions: E=young(eden), S=young(survivor), O=old, HS=humongous(starts), HC=humongous(continues), CS=collection set, F=free, TAMS=top-at-mark-start, PB=parsable bottom
|   0|0x0000000080000000, 0x0000000080100000, 0x0000000080100000|100%|HS|  |TAMS 0x0000000080000000| PB 0x0000000080000000| Complete 
|   1|0x0000000080100000, 0x0000000080200000, 0x0000000080200000|100%|HC|  |TAMS 0x0000000080100000| PB 0x0000000080100000| Complete 
|   2|0x0000000080200000, 0x0000000080300000, 0x0000000080300000|100%|HC|  |TAMS 0x0000000080200000| PB 0x0000000080200000| Complete 
|   3|0x0000000080300000, 0x0000000080400000, 0x0000000080400000|100%|HC|  |TAMS 0x0000000080300000| PB 0x0000000080300000| Complete 
|   4|0x0000000080400000, 0x0000000080500000, 0x0000000080500000|100%| O|  |TAMS 0x0000000080400000| PB 0x0000000080400000| Untracked 
|   5|0x0000000080500000, 0x0000000080600000, 0x0000000080600000|100%| O|  |TAMS 0x0000000080500000| PB 0x0000000080500000| Untracked 
|   6|0x0000000080600000, 0x0000000080700000, 0x0000000080700000|100%| O|  |TAMS 0x0000000080600000| PB 0x0000000080600000| Untracked 
|   7|0x0000000080700000, 0x0000000080800000, 0x0000000080800000|100%| O|  |TAMS 0x0000000080700000| PB 0x0000000080700000| Untracked 
|   8|0x0000000080800000, 0x0000000080900000, 0x0000000080900000|100%| O|  |TAMS 0x0000000080800000| PB 0x0000000080800000| Untracked 
|   9|0x0000000080900000, 0x0000000080a00000, 0x0000000080a00000|100%| O|  |TAMS 0x0000000080900000| PB 0x0000000080900000| Untracked 
|  10|0x0000000080a00000, 0x0000000080b00000, 0x0000000080b00000|100%|HS|  |TAMS 0x0000000080a00000| PB 0x0000000080a00000| Complete 
|  11|0x0000000080b00000, 0x0000000080c00000, 0x0000000080c00000|100%|HS|  |TAMS 0x0000000080b00000| PB 0x0000000080b00000| Complete 
|  12|0x0000000080c00000, 0x0000000080d00000, 0x0000000080d00000|100%|HS|  |TAMS 0x0000000080c00000| PB 0x0000000080c00000| Complete 
|  13|0x0000000080d00000, 0x0000000080e00000, 0x0000000080e00000|100%|HC|  |TAMS 0x0000000080d00000| PB 0x0000000080d00000| Complete 
|  14|0x0000000080e00000, 0x0000000080f00000, 0x0000000080f00000|100%|HC|  |TAMS 0x0000000080e00000| PB 0x0000000080e00000| Complete 
|  15|0x0000000080f00000, 0x0000000081000000, 0x0000000081000000|100%|HC|  |TAMS 0x0000000080f00000| PB 0x0000000080f00000| Complete 
|  16|0x0000000081000000, 0x0000000081100000, 0x0000000081100000|100%|HC|  |TAMS 0x0000000081000000| PB 0x0000000081000000| Complete 
|  17|0x0000000081100000, 0x0000000081200000, 0x0000000081200000|100%|HC|  |TAMS 0x0000000081100000| PB 0x0000000081100000| Complete 
|  18|0x0000000081200000, 0x0000000081300000, 0x0000000081300000|100%|HS|  |TAMS 0x0000000081200000| PB 0x0000000081200000| Complete 
|  19|0x0000000081300000, 0x0000000081400000, 0x0000000081400000|100%|HC|  |TAMS 0x0000000081300000| PB 0x0000000081300000| Complete 
|  20|0x0000000081400000, 0x0000000081500000, 0x0000000081500000|100%|HC|  |TAMS 0x0000000081400000| PB 0x0000000081400000| Complete 
|  21|0x0000000081500000, 0x0000000081600000, 0x0000000081600000|100%|HS|  |TAMS 0x0000000081500000| PB 0x0000000081500000| Complete 
|  22|0x0000000081600000, 0x0000000081700000, 0x0000000081700000|100%|HC|  |TAMS 0x0000000081600000| PB 0x0000000081600000| Complete 
|  23|0x0000000081700000, 0x0000000081800000, 0x0000000081800000|100%| O|  |TAMS 0x0000000081700000| PB 0x0000000081700000| Untracked 
|  24|0x0000000081800000, 0x0000000081900000, 0x0000000081900000|100%| O|  |TAMS 0x0000000081800000| PB 0x0000000081800000| Untracked 
|  25|0x0000000081900000, 0x0000000081a00000, 0x0000000081a00000|100%| O|  |TAMS 0x0000000081900000| PB 0x0000000081900000| Untracked 
|  26|0x0000000081a00000, 0x0000000081b00000, 0x0000000081b00000|100%| O|  |TAMS 0x0000000081a00000| PB 0x0000000081a00000| Untracked 
|  27|0x0000000081b00000, 0x0000000081c00000, 0x0000000081c00000|100%| O|  |TAMS 0x0000000081b00000| PB 0x0000000081b00000| Untracked 
|  28|0x0000000081c00000, 0x0000000081d00000, 0x0000000081d00000|100%| O|  |TAMS 0x0000000081c00000| PB 0x0000000081c00000| Untracked 
|  29|0x0000000081d00000, 0x0000000081e00000, 0x0000000081e00000|100%| O|  |TAMS 0x0000000081d00000| PB 0x0000000081d00000| Untracked 
|  30|0x0000000081e00000, 0x0000000081e00000, 0x0000000081f00000|  0%| F|  |TAMS 0x0000000081e00000| PB 0x0000000081e00000| Untracked 
|  31|0x0000000081f00000, 0x0000000082000000, 0x0000000082000000|100%| O|  |TAMS 0x0000000081f00000| PB 0x0000000081f00000| Untracked 
|  32|0x0000000082000000, 0x0000000082100000, 0x0000000082100000|100%| O|  |TAMS 0x0000000082000000| PB 0x0000000082000000| Untracked 
|  33|0x0000000082100000, 0x0000000082200000, 0x0000000082200000|100%| O|  |TAMS 0x0000000082100000| PB 0x0000000082100000| Untracked 
|  34|0x0000000082200000, 0x0000000082300000, 0x0000000082300000|100%| O|  |TAMS 0x0000000082200000| PB 0x0000000082200000| Untracked 
|  35|0x0000000082300000, 0x0000000082400000, 0x0000000082400000|100%| O|  |TAMS 0x0000000082300000| PB 0x0000000082300000| Untracked 
|  36|0x0000000082400000, 0x0000000082500000, 0x0000000082500000|100%| O|  |TAMS 0x0000000082400000| PB 0x0000000082400000| Untracked 
|  37|0x0000000082500000, 0x0000000082600000, 0x0000000082600000|100%| O|  |TAMS 0x0000000082500000| PB 0x0000000082500000| Untracked 
|  38|0x0000000082600000, 0x0000000082700000, 0x0000000082700000|100%| O|  |TAMS 0x0000000082600000| PB 0x0000000082600000| Untracked 
|  39|0x0000000082700000, 0x0000000082800000, 0x0000000082800000|100%| O|  |TAMS 0x0000000082700000| PB 0x0000000082700000| Untracked 
|  40|0x0000000082800000, 0x0000000082900000, 0x0000000082900000|100%| O|  |TAMS 0x0000000082800000| PB 0x0000000082800000| Untracked 
|  41|0x0000000082900000, 0x0000000082a00000, 0x0000000082a00000|100%| O|  |TAMS 0x0000000082900000| PB 0x0000000082900000| Untracked 
|  42|0x0000000082a00000, 0x0000000082a00000, 0x0000000082b00000|  0%| F|  |TAMS 0x0000000082a00000| PB 0x0000000082a00000| Untracked 
|  43|0x0000000082b00000, 0x0000000082c00000, 0x0000000082c00000|100%|HS|  |TAMS 0x0000000082b00000| PB 0x0000000082b00000| Complete 
|  44|0x0000000082c00000, 0x0000000082d00000, 0x0000000082d00000|100%|HC|  |TAMS 0x0000000082c00000| PB 0x0000000082c00000| Complete 
|  45|0x0000000082d00000, 0x0000000082d00000, 0x0000000082e00000|  0%| F|  |TAMS 0x0000000082d00000| PB 0x0000000082d00000| Untracked 
|  46|0x0000000082e00000, 0x0000000082e00000, 0x0000000082f00000|  0%| F|  |TAMS 0x0000000082e00000| PB 0x0000000082e00000| Untracked 
|  47|0x0000000082f00000, 0x0000000083000000, 0x0000000083000000|100%| O|  |TAMS 0x0000000082f00000| PB 0x0000000082f00000| Untracked 
|  48|0x0000000083000000, 0x0000000083100000, 0x0000000083100000|100%| O|  |TAMS 0x0000000083000000| PB 0x0000000083000000| Untracked 
|  49|0x0000000083100000, 0x0000000083200000, 0x0000000083200000|100%| O|  |TAMS 0x0000000083100000| PB 0x0000000083100000| Untracked 
|  50|0x0000000083200000, 0x0000000083300000, 0x0000000083300000|100%| O|  |TAMS 0x0000000083200000| PB 0x0000000083200000| Untracked 
|  51|0x0000000083300000, 0x0000000083300000, 0x0000000083400000|  0%| F|  |TAMS 0x0000000083300000| PB 0x0000000083300000| Untracked 
|  52|0x0000000083400000, 0x0000000083400000, 0x0000000083500000|  0%| F|  |TAMS 0x0000000083400000| PB 0x0000000083400000| Untracked 
|  53|0x0000000083500000, 0x0000000083500000, 0x0000000083600000|  0%| F|  |TAMS 0x0000000083500000| PB 0x0000000083500000| Untracked 
|  54|0x0000000083600000, 0x0000000083600000, 0x0000000083700000|  0%| F|  |TAMS 0x0000000083600000| PB 0x0000000083600000| Untracked 
|  55|0x0000000083700000, 0x0000000083800000, 0x0000000083800000|100%|HS|  |TAMS 0x0000000083700000| PB 0x0000000083700000| Complete 
|  56|0x0000000083800000, 0x0000000083900000, 0x0000000083900000|100%|HC|  |TAMS 0x0000000083800000| PB 0x0000000083800000| Complete 
|  57|0x0000000083900000, 0x0000000083a00000, 0x0000000083a00000|100%|HC|  |TAMS 0x0000000083900000| PB 0x0000000083900000| Complete 
|  58|0x0000000083a00000, 0x0000000083b00000, 0x0000000083b00000|100%|HC|  |TAMS 0x0000000083a00000| PB 0x0000000083a00000| Complete 
|  59|0x0000000083b00000, 0x0000000083c00000, 0x0000000083c00000|100%|HC|  |TAMS 0x0000000083b00000| PB 0x0000000083b00000| Complete 
|  60|0x0000000083c00000, 0x0000000083d00000, 0x0000000083d00000|100%|HC|  |TAMS 0x0000000083c00000| PB 0x0000000083c00000| Complete 
|  61|0x0000000083d00000, 0x0000000083e00000, 0x0000000083e00000|100%|HS|  |TAMS 0x0000000083d00000| PB 0x0000000083d00000| Complete 
|  62|0x0000000083e00000, 0x0000000083f00000, 0x0000000083f00000|100%|HC|  |TAMS 0x0000000083e00000| PB 0x0000000083e00000| Complete 
|  63|0x0000000083f00000, 0x0000000084000000, 0x0000000084000000|100%|HC|  |TAMS 0x0000000083f00000| PB 0x0000000083f00000| Complete 
|  64|0x0000000084000000, 0x0000000084100000, 0x0000000084100000|100%|HC|  |TAMS 0x0000000084000000| PB 0x0000000084000000| Complete 
|  65|0x0000000084100000, 0x0000000084200000, 0x0000000084200000|100%|HC|  |TAMS 0x0000000084100000| PB 0x0000000084100000| Complete 
|  66|0x0000000084200000, 0x0000000084300000, 0x0000000084300000|100%|HC|  |TAMS 0x0000000084200000| PB 0x0000000084200000| Complete 
|  67|0x0000000084300000, 0x0000000084300000, 0x0000000084400000|  0%| F|  |TAMS 0x0000000084300000| PB 0x0000000084300000| Untracked 
|  68|0x0000000084400000, 0x0000000084400000, 0x0000000084500000|  0%| F|  |TAMS 0x0000000084400000| PB 0x0000000084400000| Untracked 
|  69|0x0000000084500000, 0x0000000084500000, 0x0000000084600000|  0%| F|  |TAMS 0x0000000084500000| PB 0x0000000084500000| Untracked 
|  70|0x0000000084600000, 0x0000000084600000, 0x0000000084700000|  0%| F|  |TAMS 0x0000000084600000| PB 0x0000000084600000| Untracked 
|  71|0x0000000084700000, 0x0000000084700000, 0x0000000084800000|  0%| F|  |TAMS 0x0000000084700000| PB 0x0000000084700000| Untracked 
|  72|0x0000000084800000, 0x0000000084800000, 0x0000000084900000|  0%| F|  |TAMS 0x0000000084800000| PB 0x0000000084800000| Untracked 
|  73|0x0000000084900000, 0x0000000084900000, 0x0000000084a00000|  0%| F|  |TAMS 0x0000000084900000| PB 0x0000000084900000| Untracked 
|  74|0x0000000084a00000, 0x0000000084a00000, 0x0000000084b00000|  0%| F|  |TAMS 0x0000000084a00000| PB 0x0000000084a00000| Untracked 
|  75|0x0000000084b00000, 0x0000000084b00000, 0x0000000084c00000|  0%| F|  |TAMS 0x0000000084b00000| PB 0x0000000084b00000| Untracked 
|  76|0x0000000084c00000, 0x0000000084c00000, 0x0000000084d00000|  0%| F|  |TAMS 0x0000000084c00000| PB 0x0000000084c00000| Untracked 
|  77|0x0000000084d00000, 0x0000000084d00000, 0x0000000084e00000|  0%| F|  |TAMS 0x0000000084d00000| PB 0x0000000084d00000| Untracked 
|  78|0x0000000084e00000, 0x0000000084e00000, 0x0000000084f00000|  0%| F|  |TAMS 0x0000000084e00000| PB 0x0000000084e00000| Untracked 
|  79|0x0000000084f00000, 0x0000000084f00000, 0x0000000085000000|  0%| F|  |TAMS 0x0000000084f00000| PB 0x0000000084f00000| Untracked 
|  80|0x0000000085000000, 0x0000000085000000, 0x0000000085100000|  0%| F|  |TAMS 0x0000000085000000| PB 0x0000000085000000| Untracked 
|  81|0x0000000085100000, 0x0000000085100000, 0x0000000085200000|  0%| F|  |TAMS 0x0000000085100000| PB 0x0000000085100000| Untracked 
|  82|0x0000000085200000, 0x0000000085200000, 0x0000000085300000|  0%| F|  |TAMS 0x0000000085200000| PB 0x0000000085200000| Untracked 
|  83|0x0000000085300000, 0x0000000085300000, 0x0000000085400000|  0%| F|  |TAMS 0x0000000085300000| PB 0x0000000085300000| Untracked 
|  84|0x0000000085400000, 0x0000000085400000, 0x0000000085500000|  0%| F|  |TAMS 0x0000000085400000| PB 0x0000000085400000| Untracked 
|  85|0x0000000085500000, 0x0000000085500000, 0x0000000085600000|  0%| F|  |TAMS 0x0000000085500000| PB 0x0000000085500000| Untracked 
|  86|0x0000000085600000, 0x0000000085600000, 0x0000000085700000|  0%| F|  |TAMS 0x0000000085600000| PB 0x0000000085600000| Untracked 
|  87|0x0000000085700000, 0x0000000085700000, 0x0000000085800000|  0%| F|  |TAMS 0x0000000085700000| PB 0x0000000085700000| Untracked 
|  88|0x0000000085800000, 0x0000000085800000, 0x0000000085900000|  0%| F|  |TAMS 0x0000000085800000| PB 0x0000000085800000| Untracked 
|  89|0x0000000085900000, 0x0000000085900000, 0x0000000085a00000|  0%| F|  |TAMS 0x0000000085900000| PB 0x0000000085900000| Untracked 
|  90|0x0000000085a00000, 0x0000000085a00000, 0x0000000085b00000|  0%| F|  |TAMS 0x0000000085a00000| PB 0x0000000085a00000| Untracked 
|  91|0x0000000085b00000, 0x0000000085b00000, 0x0000000085c00000|  0%| F|  |TAMS 0x0000000085b00000| PB 0x0000000085b00000| Untracked 
|  92|0x0000000085c00000, 0x0000000085c00000, 0x0000000085d00000|  0%| F|  |TAMS 0x0000000085c00000| PB 0x0000000085c00000| Untracked 
|  93|0x0000000085d00000, 0x0000000085d00000, 0x0000000085e00000|  0%| F|  |TAMS 0x0000000085d00000| PB 0x0000000085d00000| Untracked 
|  94|0x0000000085e00000, 0x0000000085e00000, 0x0000000085f00000|  0%| F|  |TAMS 0x0000000085e00000| PB 0x0000000085e00000| Untracked 
|  95|0x0000000085f00000, 0x0000000085f00000, 0x0000000086000000|  0%| F|  |TAMS 0x0000000085f00000| PB 0x0000000085f00000| Untracked 
|  96|0x0000000086000000, 0x0000000086000000, 0x0000000086100000|  0%| F|  |TAMS 0x0000000086000000| PB 0x0000000086000000| Untracked 
|  97|0x0000000086100000, 0x0000000086100000, 0x0000000086200000|  0%| F|  |TAMS 0x0000000086100000| PB 0x0000000086100000| Untracked 
|  98|0x0000000086200000, 0x0000000086200000, 0x0000000086300000|  0%| F|  |TAMS 0x0000000086200000| PB 0x0000000086200000| Untracked 
|  99|0x0000000086300000, 0x0000000086300000, 0x0000000086400000|  0%| F|  |TAMS 0x0000000086300000| PB 0x0000000086300000| Untracked 
| 100|0x0000000086400000, 0x00000000864d2778, 0x0000000086500000| 82%| E|  |TAMS 0x0000000086400000| PB 0x0000000086400000| Complete 
| 101|0x0000000086500000, 0x0000000086600000, 0x0000000086600000|100%| E|CS|TAMS 0x0000000086500000| PB 0x0000000086500000| Complete 
| 102|0x0000000086600000, 0x0000000086700000, 0x0000000086700000|100%| E|CS|TAMS 0x0000000086600000| PB 0x0000000086600000| Complete 
| 103|0x0000000086700000, 0x0000000086800000, 0x0000000086800000|100%| E|CS|TAMS 0x0000000086700000| PB 0x0000000086700000| Complete 
| 104|0x0000000086800000, 0x0000000086900000, 0x0000000086900000|100%| E|CS|TAMS 0x0000000086800000| PB 0x0000000086800000| Complete 
| 105|0x0000000086900000, 0x0000000086a00000, 0x0000000086a00000|100%| E|CS|TAMS 0x0000000086900000| PB 0x0000000086900000| Complete 
| 106|0x0000000086a00000, 0x0000000086b00000, 0x0000000086b00000|100%| E|CS|TAMS 0x0000000086a00000| PB 0x0000000086a00000| Complete 
| 107|0x0000000086b00000, 0x0000000086c00000, 0x0000000086c00000|100%| E|CS|TAMS 0x0000000086b00000| PB 0x0000000086b00000| Complete 
| 108|0x0000000086c00000, 0x0000000086d00000, 0x0000000086d00000|100%| E|CS|TAMS 0x0000000086c00000| PB 0x0000000086c00000| Complete 
| 109|0x0000000086d00000, 0x0000000086e00000, 0x0000000086e00000|100%| E|CS|TAMS 0x0000000086d00000| PB 0x0000000086d00000| Complete 
| 110|0x0000000086e00000, 0x0000000086f00000, 0x0000000086f00000|100%| E|CS|TAMS 0x0000000086e00000| PB 0x0000000086e00000| Complete 
| 111|0x0000000086f00000, 0x0000000087000000, 0x0000000087000000|100%| E|CS|TAMS 0x0000000086f00000| PB 0x0000000086f00000| Complete 
| 112|0x0000000087000000, 0x0000000087100000, 0x0000000087100000|100%| E|CS|TAMS 0x0000000087000000| PB 0x0000000087000000| Complete 
| 113|0x0000000087100000, 0x0000000087200000, 0x0000000087200000|100%| E|CS|TAMS 0x0000000087100000| PB 0x0000000087100000| Complete 
| 114|0x0000000087200000, 0x0000000087300000, 0x0000000087300000|100%| E|CS|TAMS 0x0000000087200000| PB 0x0000000087200000| Complete 
| 115|0x0000000087300000, 0x0000000087400000, 0x0000000087400000|100%| E|CS|TAMS 0x0000000087300000| PB 0x0000000087300000| Complete 
| 116|0x0000000087400000, 0x0000000087500000, 0x0000000087500000|100%| E|CS|TAMS 0x0000000087400000| PB 0x0000000087400000| Complete 
| 117|0x0000000087500000, 0x0000000087600000, 0x0000000087600000|100%| E|CS|TAMS 0x0000000087500000| PB 0x0000000087500000| Complete 
| 118|0x0000000087600000, 0x0000000087700000, 0x0000000087700000|100%| E|CS|TAMS 0x0000000087600000| PB 0x0000000087600000| Complete 
| 119|0x0000000087700000, 0x0000000087800000, 0x0000000087800000|100%| E|CS|TAMS 0x0000000087700000| PB 0x0000000087700000| Complete 
| 120|0x0000000087800000, 0x0000000087900000, 0x0000000087900000|100%| E|CS|TAMS 0x0000000087800000| PB 0x0000000087800000| Complete 
| 121|0x0000000087900000, 0x0000000087a00000, 0x0000000087a00000|100%| E|CS|TAMS 0x0000000087900000| PB 0x0000000087900000| Complete 
| 122|0x0000000087a00000, 0x0000000087b00000, 0x0000000087b00000|100%| E|CS|TAMS 0x0000000087a00000| PB 0x0000000087a00000| Complete 
| 123|0x0000000087b00000, 0x0000000087c00000, 0x0000000087c00000|100%| E|CS|TAMS 0x0000000087b00000| PB 0x0000000087b00000| Complete 
| 124|0x0000000087c00000, 0x0000000087d00000, 0x0000000087d00000|100%| E|CS|TAMS 0x0000000087c00000| PB 0x0000000087c00000| Complete 
| 125|0x0000000087d00000, 0x0000000087e00000, 0x0000000087e00000|100%| E|CS|TAMS 0x0000000087d00000| PB 0x0000000087d00000| Complete 
| 126|0x0000000087e00000, 0x0000000087f00000, 0x0000000087f00000|100%| E|CS|TAMS 0x0000000087e00000| PB 0x0000000087e00000| Complete 
| 127|0x0000000087f00000, 0x0000000088000000, 0x0000000088000000|100%| E|CS|TAMS 0x0000000087f00000| PB 0x0000000087f00000| Complete 
| 128|0x0000000088000000, 0x0000000088100000, 0x0000000088100000|100%| E|CS|TAMS 0x0000000088000000| PB 0x0000000088000000| Complete 
| 129|0x0000000088100000, 0x0000000088200000, 0x0000000088200000|100%| E|CS|TAMS 0x0000000088100000| PB 0x0000000088100000| Complete 
| 130|0x0000000088200000, 0x0000000088300000, 0x0000000088300000|100%| E|CS|TAMS 0x0000000088200000| PB 0x0000000088200000| Complete 
| 131|0x0000000088300000, 0x0000000088400000, 0x0000000088400000|100%| S|CS|TAMS 0x0000000088300000| PB 0x0000000088300000| Complete 
| 132|0x0000000088400000, 0x0000000088500000, 0x0000000088500000|100%| S|CS|TAMS 0x0000000088400000| PB 0x0000000088400000| Complete 
| 133|0x0000000088500000, 0x0000000088600000, 0x0000000088600000|100%| S|CS|TAMS 0x0000000088500000| PB 0x0000000088500000| Complete 
| 134|0x0000000088600000, 0x0000000088700000, 0x0000000088700000|100%| S|CS|TAMS 0x0000000088600000| PB 0x0000000088600000| Complete 
| 135|0x0000000088700000, 0x0000000088800000, 0x0000000088800000|100%| S|CS|TAMS 0x0000000088700000| PB 0x0000000088700000| Complete 
| 136|0x0000000088800000, 0x0000000088900000, 0x0000000088900000|100%| S|CS|TAMS 0x0000000088800000| PB 0x0000000088800000| Complete 
| 137|0x0000000088900000, 0x0000000088a00000, 0x0000000088a00000|100%| S|CS|TAMS 0x0000000088900000| PB 0x0000000088900000| Complete 
| 138|0x0000000088a00000, 0x0000000088b00000, 0x0000000088b00000|100%| S|CS|TAMS 0x0000000088a00000| PB 0x0000000088a00000| Complete 
| 139|0x0000000088b00000, 0x0000000088c00000, 0x0000000088c00000|100%| S|CS|TAMS 0x0000000088b00000| PB 0x0000000088b00000| Complete 
| 140|0x0000000088c00000, 0x0000000088d00000, 0x0000000088d00000|100%| S|CS|TAMS 0x0000000088c00000| PB 0x0000000088c00000| Complete 
| 141|0x0000000088d00000, 0x0000000088e00000, 0x0000000088e00000|100%| S|CS|TAMS 0x0000000088d00000| PB 0x0000000088d00000| Complete 
| 177|0x000000008b100000, 0x000000008b200000, 0x000000008b200000|100%| E|CS|TAMS 0x000000008b100000| PB 0x000000008b100000| Complete 
| 178|0x000000008b200000, 0x000000008b300000, 0x000000008b300000|100%| E|CS|TAMS 0x000000008b200000| PB 0x000000008b200000| Complete 
| 179|0x000000008b300000, 0x000000008b400000, 0x000000008b400000|100%| E|CS|TAMS 0x000000008b300000| PB 0x000000008b300000| Complete 
| 180|0x000000008b400000, 0x000000008b500000, 0x000000008b500000|100%| E|CS|TAMS 0x000000008b400000| PB 0x000000008b400000| Complete 
| 181|0x000000008b500000, 0x000000008b600000, 0x000000008b600000|100%| E|CS|TAMS 0x000000008b500000| PB 0x000000008b500000| Complete 
| 182|0x000000008b600000, 0x000000008b700000, 0x000000008b700000|100%| E|CS|TAMS 0x000000008b600000| PB 0x000000008b600000| Complete 
| 183|0x000000008b700000, 0x000000008b800000, 0x000000008b800000|100%| E|CS|TAMS 0x000000008b700000| PB 0x000000008b700000| Complete 
| 184|0x000000008b800000, 0x000000008b900000, 0x000000008b900000|100%| E|CS|TAMS 0x000000008b800000| PB 0x000000008b800000| Complete 
| 185|0x000000008b900000, 0x000000008ba00000, 0x000000008ba00000|100%| E|CS|TAMS 0x000000008b900000| PB 0x000000008b900000| Complete 
| 186|0x000000008ba00000, 0x000000008bb00000, 0x000000008bb00000|100%| E|CS|TAMS 0x000000008ba00000| PB 0x000000008ba00000| Complete 
| 251|0x000000008fb00000, 0x000000008fc00000, 0x000000008fc00000|100%| E|CS|TAMS 0x000000008fb00000| PB 0x000000008fb00000| Complete 
|2039|0x00000000ff700000, 0x00000000ff7beb90, 0x00000000ff800000| 74%| O|  |TAMS 0x00000000ff700000| PB 0x00000000ff700000| Untracked 
|2040|0x00000000ff800000, 0x00000000ff900000, 0x00000000ff900000|100%| O|  |TAMS 0x00000000ff800000| PB 0x00000000ff800000| Untracked 
|2041|0x00000000ff900000, 0x00000000ffa00000, 0x00000000ffa00000|100%| O|  |TAMS 0x00000000ff900000| PB 0x00000000ff900000| Untracked 
|2042|0x00000000ffa00000, 0x00000000ffb00000, 0x00000000ffb00000|100%| O|  |TAMS 0x00000000ffa00000| PB 0x00000000ffa00000| Untracked 
|2043|0x00000000ffb00000, 0x00000000ffc00000, 0x00000000ffc00000|100%| E|CS|TAMS 0x00000000ffb00000| PB 0x00000000ffb00000| Complete 
|2044|0x00000000ffc00000, 0x00000000ffd00000, 0x00000000ffd00000|100%| O|  |TAMS 0x00000000ffc00000| PB 0x00000000ffc00000| Untracked 
|2045|0x00000000ffd00000, 0x00000000ffe00000, 0x00000000ffe00000|100%| O|  |TAMS 0x00000000ffd00000| PB 0x00000000ffd00000| Untracked 
|2046|0x00000000ffe00000, 0x00000000fff00000, 0x00000000fff00000|100%| O|  |TAMS 0x00000000ffe00000| PB 0x00000000ffe00000| Untracked 
|2047|0x00000000fff00000, 0x0000000100000000, 0x0000000100000000|100%| O|  |TAMS 0x00000000fff00000| PB 0x00000000fff00000| Untracked 

Card table byte_map: [0x0000021c631b0000,0x0000021c635b0000] _byte_map_base: 0x0000021c62db0000

Marking Bits: (CMBitMap*) 0x0000021c50214840
 Bits: [0x0000021c635b0000, 0x0000021c655b0000)

Polling page: 0x0000021c4e140000

Metaspace:

Usage:
  Non-class:     54.90 MB used.
      Class:      8.72 MB used.
       Both:     63.62 MB used.

Virtual space:
  Non-class space:       64.00 MB reserved,      55.69 MB ( 87%) committed,  1 nodes.
      Class space:        1.00 GB reserved,       9.56 MB ( <1%) committed,  1 nodes.
             Both:        1.06 GB reserved,      65.25 MB (  6%) committed. 

Chunk freelists:
   Non-Class:  7.95 MB
       Class:  6.47 MB
        Both:  14.42 MB

MaxMetaspaceSize: unlimited
CompressedClassSpaceSize: 1.00 GB
Initial GC threshold: 21.00 MB
Current GC threshold: 83.75 MB
CDS: off
 - commit_granule_bytes: 65536.
 - commit_granule_words: 8192.
 - virtual_space_node_default_size: 8388608.
 - enlarge_chunks_in_place: 1.
 - use_allocation_guard: 0.


Internal statistics:

num_allocs_failed_limit: 9.
num_arena_births: 3012.
num_arena_deaths: 0.
num_vsnodes_births: 2.
num_vsnodes_deaths: 0.
num_space_committed: 1044.
num_space_uncommitted: 0.
num_chunks_returned_to_freelist: 9.
num_chunks_taken_from_freelist: 5673.
num_chunk_merges: 9.
num_chunk_splits: 3669.
num_chunks_enlarged: 2237.
num_inconsistent_stats: 0.

CodeHeap 'non-profiled nmethods': size=119168Kb used=3312Kb max_used=3312Kb free=115855Kb
 bounds [0x0000021c5aea0000, 0x0000021c5b1e0000, 0x0000021c62300000]
CodeHeap 'profiled nmethods': size=119104Kb used=12410Kb max_used=12410Kb free=106693Kb
 bounds [0x0000021c53300000, 0x0000021c53f20000, 0x0000021c5a750000]
CodeHeap 'non-nmethods': size=7488Kb used=2710Kb max_used=4427Kb free=4777Kb
 bounds [0x0000021c5a750000, 0x0000021c5abb0000, 0x0000021c5aea0000]
 total_blobs=7091 nmethods=6230 adapters=764
 compilation: enabled
              stopped_count=0, restarted_count=0
 full_count=0

Compilation events (20 events):
Event: 4.911 Thread 0x0000021c68a08b40 6808       3       java.util.BitSet::recalculateWordsInUse (39 bytes)
Event: 4.911 Thread 0x0000021c68a08b40 nmethod 6808 0x0000021c53f14a10 code [0x0000021c53f14bc0, 0x0000021c53f14df0]
Event: 4.913 Thread 0x0000021c68a08b40 6809       3       com.google.common.collect.ImmutableSet::builder (8 bytes)
Event: 4.913 Thread 0x0000021c68a08b40 nmethod 6809 0x0000021c53f14f10 code [0x0000021c53f150e0, 0x0000021c53f15478]
Event: 4.915 Thread 0x0000021c689b40f0 nmethod 6804 0x0000021c5b1d6e10 code [0x0000021c5b1d7000, 0x0000021c5b1d7918]
Event: 4.915 Thread 0x0000021c689b40f0 6802       4       java.lang.reflect.Method::getGenericReturnType (20 bytes)
Event: 4.918 Thread 0x0000021c689b40f0 nmethod 6802 0x0000021c5b1d7d90 code [0x0000021c5b1d7f80, 0x0000021c5b1d85e0]
Event: 4.918 Thread 0x0000021c689b40f0 6803       4       java.lang.reflect.Method::getGenericInfo (28 bytes)
Event: 4.920 Thread 0x0000021c689b40f0 nmethod 6803 0x0000021c5b1d8990 code [0x0000021c5b1d8b60, 0x0000021c5b1d8fa8]
Event: 4.920 Thread 0x0000021c689b40f0 6801       4       java.util.ArrayList::toArray (57 bytes)
Event: 4.922 Thread 0x0000021c689b40f0 nmethod 6801 0x0000021c5b1d9210 code [0x0000021c5b1d93c0, 0x0000021c5b1d9890]
Event: 4.922 Thread 0x0000021c689b40f0 6807       4       java.lang.Long::bitCount (61 bytes)
Event: 4.922 Thread 0x0000021c689b40f0 nmethod 6807 0x0000021c5b1d9a90 code [0x0000021c5b1d9c00, 0x0000021c5b1d9ce0]
Event: 4.922 Thread 0x0000021c689b40f0 6805       4       jdk.internal.misc.Unsafe::weakCompareAndSetInt (11 bytes)
Event: 4.922 Thread 0x0000021c689b40f0 nmethod 6805 0x0000021c5b1d9d90 code [0x0000021c5b1d9f20, 0x0000021c5b1d9fb8]
Event: 4.978 Thread 0x0000021c68a08b40 6810       3       java.util.stream.ReferencePipeline$Head::forEach (26 bytes)
Event: 4.978 Thread 0x0000021c68a08b40 nmethod 6810 0x0000021c53f15610 code [0x0000021c53f15840, 0x0000021c53f15f58]
Event: 4.978 Thread 0x0000021c68a08b40 6811       3       java.util.stream.AbstractPipeline::sourceStageSpliterator (112 bytes)
Event: 4.979 Thread 0x0000021c68a08b40 nmethod 6811 0x0000021c53f16210 code [0x0000021c53f16440, 0x0000021c53f16b18]
Event: 5.179 Thread 0x0000021c68a08b40 6812   !   3       java.util.concurrent.LinkedBlockingQueue::poll (128 bytes)

GC Heap History (20 events):
Event: 0.608 GC heap before
{Heap before GC invocations=1 (full 0):
 garbage-first heap   total 258048K, used 40834K [0x0000000080000000, 0x0000000100000000)
  region size 1024K, 33 young (33792K), 3 survivors (3072K)
 Metaspace       used 12113K, committed 12352K, reserved 1114112K
  class space    used 1278K, committed 1408K, reserved 1048576K
}
Event: 0.611 GC heap after
{Heap after GC invocations=2 (full 0):
 garbage-first heap   total 258048K, used 11907K [0x0000000080000000, 0x0000000100000000)
  region size 1024K, 2 young (2048K), 2 survivors (2048K)
 Metaspace       used 12113K, committed 12352K, reserved 1114112K
  class space    used 1278K, committed 1408K, reserved 1048576K
}
Event: 1.187 GC heap before
{Heap before GC invocations=2 (full 0):
 garbage-first heap   total 258048K, used 77443K [0x0000000080000000, 0x0000000100000000)
  region size 1024K, 65 young (66560K), 2 survivors (2048K)
 Metaspace       used 21203K, committed 21504K, reserved 1114112K
  class space    used 2432K, committed 2560K, reserved 1048576K
}
Event: 1.191 GC heap after
{Heap after GC invocations=3 (full 0):
 garbage-first heap   total 258048K, used 20673K [0x0000000080000000, 0x0000000100000000)
  region size 1024K, 10 young (10240K), 10 survivors (10240K)
 Metaspace       used 21203K, committed 21504K, reserved 1114112K
  class space    used 2432K, committed 2560K, reserved 1048576K
}
Event: 1.698 GC heap before
{Heap before GC invocations=4 (full 0):
 garbage-first heap   total 78848K, used 76993K [0x0000000080000000, 0x0000000100000000)
  region size 1024K, 65 young (66560K), 10 survivors (10240K)
 Metaspace       used 30198K, committed 30848K, reserved 1114112K
  class space    used 3892K, committed 4224K, reserved 1048576K
}
Event: 1.703 GC heap after
{Heap after GC invocations=5 (full 0):
 garbage-first heap   total 92160K, used 24105K [0x0000000080000000, 0x0000000100000000)
  region size 1024K, 13 young (13312K), 13 survivors (13312K)
 Metaspace       used 30198K, committed 30848K, reserved 1114112K
  class space    used 3892K, committed 4224K, reserved 1048576K
}
Event: 2.026 GC heap before
{Heap before GC invocations=5 (full 0):
 garbage-first heap   total 92160K, used 75305K [0x0000000080000000, 0x0000000100000000)
  region size 1024K, 54 young (55296K), 13 survivors (13312K)
 Metaspace       used 35158K, committed 35968K, reserved 1114112K
  class space    used 4743K, committed 5120K, reserved 1048576K
}
Event: 2.030 GC heap after
{Heap after GC invocations=6 (full 0):
 garbage-first heap   total 98304K, used 41089K [0x0000000080000000, 0x0000000100000000)
  region size 1024K, 7 young (7168K), 7 survivors (7168K)
 Metaspace       used 35158K, committed 35968K, reserved 1114112K
  class space    used 4743K, committed 5120K, reserved 1048576K
}
Event: 2.068 GC heap before
{Heap before GC invocations=6 (full 0):
 garbage-first heap   total 98304K, used 46209K [0x0000000080000000, 0x0000000100000000)
  region size 1024K, 12 young (12288K), 7 survivors (7168K)
 Metaspace       used 35505K, committed 36288K, reserved 1114112K
  class space    used 4795K, committed 5184K, reserved 1048576K
}
Event: 2.071 GC heap after
{Heap after GC invocations=7 (full 0):
 garbage-first heap   total 98304K, used 43755K [0x0000000080000000, 0x0000000100000000)
  region size 1024K, 2 young (2048K), 2 survivors (2048K)
 Metaspace       used 35505K, committed 36288K, reserved 1114112K
  class space    used 4795K, committed 5184K, reserved 1048576K
}
Event: 2.350 GC heap before
{Heap before GC invocations=8 (full 0):
 garbage-first heap   total 98304K, used 82667K [0x0000000080000000, 0x0000000100000000)
  region size 1024K, 40 young (40960K), 2 survivors (2048K)
 Metaspace       used 40393K, committed 41536K, reserved 1114112K
  class space    used 5604K, committed 6144K, reserved 1048576K
}
Event: 2.352 GC heap after
{Heap after GC invocations=9 (full 0):
 garbage-first heap   total 98304K, used 44924K [0x0000000080000000, 0x0000000100000000)
  region size 1024K, 3 young (3072K), 3 survivors (3072K)
 Metaspace       used 40393K, committed 41536K, reserved 1114112K
  class space    used 5604K, committed 6144K, reserved 1048576K
}
Event: 2.671 GC heap before
{Heap before GC invocations=9 (full 0):
 garbage-first heap   total 98304K, used 83836K [0x0000000080000000, 0x0000000100000000)
  region size 1024K, 42 young (43008K), 3 survivors (3072K)
 Metaspace       used 48111K, committed 49408K, reserved 1114112K
  class space    used 6614K, committed 7232K, reserved 1048576K
}
Event: 2.674 GC heap after
{Heap after GC invocations=10 (full 0):
 garbage-first heap   total 98304K, used 48491K [0x0000000080000000, 0x0000000100000000)
  region size 1024K, 6 young (6144K), 6 survivors (6144K)
 Metaspace       used 48111K, committed 49408K, reserved 1114112K
  class space    used 6614K, committed 7232K, reserved 1048576K
}
Event: 2.794 GC heap before
{Heap before GC invocations=10 (full 0):
 garbage-first heap   total 98304K, used 80235K [0x0000000080000000, 0x0000000100000000)
  region size 1024K, 38 young (38912K), 6 survivors (6144K)
 Metaspace       used 49589K, committed 50816K, reserved 1114112K
  class space    used 6736K, committed 7360K, reserved 1048576K
}
Event: 2.798 GC heap after
{Heap after GC invocations=11 (full 0):
 garbage-first heap   total 98304K, used 53044K [0x0000000080000000, 0x0000000100000000)
  region size 1024K, 4 young (4096K), 4 survivors (4096K)
 Metaspace       used 49589K, committed 50816K, reserved 1114112K
  class space    used 6736K, committed 7360K, reserved 1048576K
}
Event: 3.049 GC heap before
{Heap before GC invocations=12 (full 0):
 garbage-first heap   total 99328K, used 90932K [0x0000000080000000, 0x0000000100000000)
  region size 1024K, 37 young (37888K), 4 survivors (4096K)
 Metaspace       used 54195K, committed 55680K, reserved 1114112K
  class space    used 7387K, committed 8128K, reserved 1048576K
}
Event: 3.052 GC heap after
{Heap after GC invocations=13 (full 0):
 garbage-first heap   total 151552K, used 54574K [0x0000000080000000, 0x0000000100000000)
  region size 1024K, 4 young (4096K), 4 survivors (4096K)
 Metaspace       used 54195K, committed 55680K, reserved 1114112K
  class space    used 7387K, committed 8128K, reserved 1048576K
}
Event: 3.603 GC heap before
{Heap before GC invocations=13 (full 0):
 garbage-first heap   total 151552K, used 148782K [0x0000000080000000, 0x0000000100000000)
  region size 1024K, 81 young (82944K), 4 survivors (4096K)
 Metaspace       used 59770K, committed 61376K, reserved 1114112K
  class space    used 8102K, committed 8896K, reserved 1048576K
}
Event: 3.608 GC heap after
{Heap after GC invocations=14 (full 0):
 garbage-first heap   total 165888K, used 79610K [0x0000000080000000, 0x0000000100000000)
  region size 1024K, 11 young (11264K), 11 survivors (11264K)
 Metaspace       used 59770K, committed 61376K, reserved 1114112K
  class space    used 8102K, committed 8896K, reserved 1048576K
}

Dll operation events (3 events):
Event: 0.009 Loaded shared library C:\Program Files\Android\Android Studio3\jbr\bin\java.dll
Event: 0.014 Loaded shared library C:\Program Files\Android\Android Studio3\jbr\bin\zip.dll
Event: 0.322 Loaded shared library C:\Program Files\Android\Android Studio3\jbr\bin\verify.dll

Deoptimization events (20 events):
Event: 3.857 Thread 0x0000021c6d1e6a10 Uncommon trap: trap_request=0xffffff45 fr.pc=0x0000021c5afa3af0 relative=0x0000000000000670
Event: 3.857 Thread 0x0000021c6d1e6a10 Uncommon trap: reason=unstable_if action=reinterpret pc=0x0000021c5afa3af0 method=java.lang.invoke.LambdaForm$BasicType.basicType(C)Ljava/lang/invoke/LambdaForm$BasicType; @ 1 c2
Event: 3.857 Thread 0x0000021c6d1e6a10 DEOPT PACKING pc=0x0000021c5afa3af0 sp=0x00000091378f7120
Event: 3.857 Thread 0x0000021c6d1e6a10 DEOPT UNPACKING pc=0x0000021c5a7a46a2 sp=0x00000091378f6fd0 mode 2
Event: 3.863 Thread 0x0000021c6d1e6a10 Uncommon trap: trap_request=0xffffffde fr.pc=0x0000021c5b12a318 relative=0x00000000000027f8
Event: 3.863 Thread 0x0000021c6d1e6a10 Uncommon trap: reason=class_check action=maybe_recompile pc=0x0000021c5b12a318 method=java.util.regex.Pattern$CharProperty.study(Ljava/util/regex/Pattern$TreeInfo;)Z @ 25 c2
Event: 3.863 Thread 0x0000021c6d1e6a10 DEOPT PACKING pc=0x0000021c5b12a318 sp=0x00000091378f92f0
Event: 3.863 Thread 0x0000021c6d1e6a10 DEOPT UNPACKING pc=0x0000021c5a7a46a2 sp=0x00000091378f91e8 mode 2
Event: 3.863 Thread 0x0000021c6d1e6a10 Uncommon trap: trap_request=0xffffffde fr.pc=0x0000021c5b12a318 relative=0x00000000000027f8
Event: 3.863 Thread 0x0000021c6d1e6a10 Uncommon trap: reason=class_check action=maybe_recompile pc=0x0000021c5b12a318 method=java.util.regex.Pattern$CharProperty.study(Ljava/util/regex/Pattern$TreeInfo;)Z @ 25 c2
Event: 3.863 Thread 0x0000021c6d1e6a10 DEOPT PACKING pc=0x0000021c5b12a318 sp=0x00000091378f92f0
Event: 3.863 Thread 0x0000021c6d1e6a10 DEOPT UNPACKING pc=0x0000021c5a7a46a2 sp=0x00000091378f91e8 mode 2
Event: 3.894 Thread 0x0000021c6d1e6a10 Uncommon trap: trap_request=0xffffff45 fr.pc=0x0000021c5af63b90 relative=0x0000000000000070
Event: 3.894 Thread 0x0000021c6d1e6a10 Uncommon trap: reason=unstable_if action=reinterpret pc=0x0000021c5af63b90 method=java.lang.ref.ReferenceQueue.poll()Ljava/lang/ref/Reference; @ 4 c2
Event: 3.894 Thread 0x0000021c6d1e6a10 DEOPT PACKING pc=0x0000021c5af63b90 sp=0x00000091378f6370
Event: 3.894 Thread 0x0000021c6d1e6a10 DEOPT UNPACKING pc=0x0000021c5a7a46a2 sp=0x00000091378f62f8 mode 2
Event: 4.922 Thread 0x0000021c6d1e6a10 Uncommon trap: trap_request=0xffffffcc fr.pc=0x0000021c5b1d95e8 relative=0x0000000000000228
Event: 4.922 Thread 0x0000021c6d1e6a10 Uncommon trap: reason=intrinsic_or_type_checked_inlining action=make_not_entrant pc=0x0000021c5b1d95e8 method=java.util.ArrayList.toArray([Ljava/lang/Object;)[Ljava/lang/Object; @ 36 c2
Event: 4.922 Thread 0x0000021c6d1e6a10 DEOPT PACKING pc=0x0000021c5b1d95e8 sp=0x00000091378f45d0
Event: 4.922 Thread 0x0000021c6d1e6a10 DEOPT UNPACKING pc=0x0000021c5a7a46a2 sp=0x00000091378f4570 mode 2

Classes loaded (20 events):
Event: 3.857 Loading class jdk/internal/reflect/MethodHandleBooleanFieldAccessorImpl
Event: 3.857 Loading class jdk/internal/reflect/MethodHandleBooleanFieldAccessorImpl done
Event: 3.861 Loading class java/util/IdentityHashMap$EntrySet
Event: 3.861 Loading class java/util/IdentityHashMap$EntrySet done
Event: 3.861 Loading class java/util/IdentityHashMap$EntryIterator
Event: 3.861 Loading class java/util/IdentityHashMap$IdentityHashMapIterator
Event: 3.861 Loading class java/util/IdentityHashMap$IdentityHashMapIterator done
Event: 3.861 Loading class java/util/IdentityHashMap$EntryIterator done
Event: 3.861 Loading class java/util/IdentityHashMap$EntryIterator$Entry
Event: 3.861 Loading class java/util/IdentityHashMap$EntryIterator$Entry done
Event: 3.872 Loading class java/util/concurrent/RecursiveAction
Event: 3.872 Loading class java/util/concurrent/RecursiveAction done
Event: 3.884 Loading class java/lang/invoke/SerializedLambda$1
Event: 3.884 Loading class java/lang/invoke/SerializedLambda$1 done
Event: 3.896 Loading class org/xml/sax/Locator
Event: 3.896 Loading class org/xml/sax/Locator done
Event: 3.896 Loading class org/xml/sax/SAXParseException
Event: 3.897 Loading class org/xml/sax/SAXParseException done
Event: 3.897 Loading class org/xml/sax/Attributes
Event: 3.897 Loading class org/xml/sax/Attributes done

Classes unloaded (0 events):
No events

Classes redefined (0 events):
No events

Internal exceptions (20 events):
Event: 3.624 Thread 0x0000021c6d1e6a10 Exception <a 'sun/nio/fs/WindowsException'{0x000000008ba56d48}> (0x000000008ba56d48) 
thrown [s\src\hotspot\share\prims\jni.cpp, line 535]
Event: 3.624 Thread 0x0000021c6d1e6a10 Exception <a 'sun/nio/fs/WindowsException'{0x000000008ba584f0}> (0x000000008ba584f0) 
thrown [s\src\hotspot\share\prims\jni.cpp, line 535]
Event: 3.625 Thread 0x0000021c6d1e6a10 Exception <a 'sun/nio/fs/WindowsException'{0x000000008ba65768}> (0x000000008ba65768) 
thrown [s\src\hotspot\share\prims\jni.cpp, line 535]
Event: 3.698 Thread 0x0000021c6d1e6a10 Exception <a 'java/lang/NoSuchMethodError'{0x000000008b23abf8}: 'void java.lang.invoke.DirectMethodHandle$Holder.invokeStatic(java.lang.Object, java.lang.Object, java.lang.Object, java.lang.Object, java.lang.Object, java.lang.Object, java.lang.Object)'> (0x000000008b23abf8) 
thrown [s\src\hotspot\share\interpreter\linkResolver.cpp, line 784]
Event: 3.857 Thread 0x0000021c6d1e6a10 Exception <a 'java/lang/NoSuchMethodError'{0x0000000086d5a010}: 'void java.lang.invoke.DelegatingMethodHandle$Holder.reinvoke_L(java.lang.Object, java.lang.Object, int)'> (0x0000000086d5a010) 
thrown [s\src\hotspot\share\interpreter\linkResolver.cpp, line 784]
Event: 3.857 Thread 0x0000021c6d1e6a10 Exception <a 'java/lang/NoSuchMethodError'{0x0000000086d615e8}: 'int java.lang.invoke.Invokers$Holder.invokeExact_MT(java.lang.Object, java.lang.Object, java.lang.Object)'> (0x0000000086d615e8) 
thrown [s\src\hotspot\share\interpreter\linkResolver.cpp, line 784]
Event: 3.858 Thread 0x0000021c6d1e6a10 Exception <a 'java/lang/NoSuchMethodError'{0x0000000086d711f0}: 'long java.lang.invoke.DelegatingMethodHandle$Holder.reinvoke_L(java.lang.Object, java.lang.Object)'> (0x0000000086d711f0) 
thrown [s\src\hotspot\share\interpreter\linkResolver.cpp, line 784]
Event: 3.858 Thread 0x0000021c6d1e6a10 Exception <a 'java/lang/NoSuchMethodError'{0x0000000086d7bab8}: 'void java.lang.invoke.DelegatingMethodHandle$Holder.reinvoke_L(java.lang.Object, java.lang.Object, long)'> (0x0000000086d7bab8) 
thrown [s\src\hotspot\share\interpreter\linkResolver.cpp, line 784]
Event: 3.858 Thread 0x0000021c6d1e6a10 Exception <a 'java/lang/NoSuchMethodError'{0x0000000086d832a8}: 'long java.lang.invoke.Invokers$Holder.invokeExact_MT(java.lang.Object, java.lang.Object, java.lang.Object)'> (0x0000000086d832a8) 
thrown [s\src\hotspot\share\interpreter\linkResolver.cpp, line 784]
Event: 3.878 Thread 0x0000021c6d1e6a10 Exception <a 'java/lang/NoSuchMethodError'{0x0000000086b87bd0}: 'void java.lang.invoke.Invokers$Holder.invokeExact_MT(java.lang.Object, java.lang.Object, java.lang.Object, java.lang.Object)'> (0x0000000086b87bd0) 
thrown [s\src\hotspot\share\interpreter\linkResolver.cpp, line 784]
Event: 3.881 Thread 0x0000021c6d1e6a10 Exception <a 'java/lang/ClassNotFoundException'{0x0000000086bf3960}: org/gradle/internal/serialize/codecs/core/ClosureCodec$BrokenScriptBeanInfo> (0x0000000086bf3960) 
thrown [s\src\hotspot\share\classfile\systemDictionary.cpp, line 312]
Event: 3.881 Thread 0x0000021c6d1e6a10 Exception <a 'java/lang/ClassNotFoundException'{0x0000000086a02670}: org/gradle/internal/serialize/codecs/core/ClosureCodec$BrokenScriptCustomizer> (0x0000000086a02670) 
thrown [s\src\hotspot\share\classfile\systemDictionary.cpp, line 312]
Event: 3.882 Thread 0x0000021c6d1e6a10 Exception <a 'java/lang/ClassNotFoundException'{0x0000000086a1c5e0}: org/gradle/api/invocation/GradleBeanInfo> (0x0000000086a1c5e0) 
thrown [s\src\hotspot\share\classfile\systemDictionary.cpp, line 312]
Event: 3.882 Thread 0x0000021c6d1e6a10 Exception <a 'java/lang/ClassNotFoundException'{0x0000000086a28030}: org/gradle/api/invocation/GradleCustomizer> (0x0000000086a28030) 
thrown [s\src\hotspot\share\classfile\systemDictionary.cpp, line 312]
Event: 3.883 Thread 0x0000021c6d1e6a10 Exception <a 'java/lang/NoSuchMethodError'{0x0000000086a4a358}: 'void java.lang.invoke.Invokers$Holder.invokeExact_MT(java.lang.Object, java.lang.Object, int, java.lang.Object)'> (0x0000000086a4a358) 
thrown [s\src\hotspot\share\interpreter\linkResolver.cpp, line 784]
Event: 3.886 Thread 0x0000021c6d1e6a10 Exception <a 'java/lang/NoSuchMethodError'{0x0000000086a6c278}: 'void java.lang.invoke.Invokers$Holder.invokeExact_MT(java.lang.Object, java.lang.Object, long, java.lang.Object)'> (0x0000000086a6c278) 
thrown [s\src\hotspot\share\interpreter\linkResolver.cpp, line 784]
Event: 3.893 Thread 0x0000021c6d1e6a10 Exception <a 'java/lang/ClassNotFoundException'{0x0000000086982e88}: org/gradle/api/internal/project/DefaultProject_DecoratedBeanInfo> (0x0000000086982e88) 
thrown [s\src\hotspot\share\classfile\systemDictionary.cpp, line 312]
Event: 3.893 Thread 0x0000021c6d1e6a10 Exception <a 'java/lang/ClassNotFoundException'{0x000000008698ea48}: org/gradle/api/internal/project/DefaultProjectBeanInfo> (0x000000008698ea48) 
thrown [s\src\hotspot\share\classfile\systemDictionary.cpp, line 312]
Event: 3.893 Thread 0x0000021c6d1e6a10 Exception <a 'java/lang/ClassNotFoundException'{0x000000008699a680}: org/gradle/api/internal/project/DefaultProjectCustomizer> (0x000000008699a680) 
thrown [s\src\hotspot\share\classfile\systemDictionary.cpp, line 312]
Event: 3.895 Thread 0x0000021c6d1e6a10 Exception <a 'java/lang/ClassNotFoundException'{0x0000000086850d10}: org/gradle/api/internal/project/DefaultProject_DecoratedCustomizer> (0x0000000086850d10) 
thrown [s\src\hotspot\share\classfile\systemDictionary.cpp, line 312]

ZGC Phase Switch (0 events):
No events

VM Operations (20 events):
Event: 3.458 Executing VM operation: ICBufferFull
Event: 3.458 Executing VM operation: ICBufferFull done
Event: 3.603 Executing VM operation: G1CollectForAllocation (G1 Evacuation Pause)
Event: 3.608 Executing VM operation: G1CollectForAllocation (G1 Evacuation Pause) done
Event: 3.707 Executing VM operation: HandshakeAllThreads (Deoptimize)
Event: 3.707 Executing VM operation: HandshakeAllThreads (Deoptimize) done
Event: 3.717 Executing VM operation: HandshakeAllThreads (Deoptimize)
Event: 3.717 Executing VM operation: HandshakeAllThreads (Deoptimize) done
Event: 3.722 Executing VM operation: ICBufferFull
Event: 3.723 Executing VM operation: ICBufferFull done
Event: 3.741 Executing VM operation: HandshakeAllThreads (Deoptimize)
Event: 3.741 Executing VM operation: HandshakeAllThreads (Deoptimize) done
Event: 3.802 Executing VM operation: HandshakeAllThreads (Deoptimize)
Event: 3.803 Executing VM operation: HandshakeAllThreads (Deoptimize) done
Event: 3.868 Executing VM operation: HandshakeAllThreads (Deoptimize)
Event: 3.869 Executing VM operation: HandshakeAllThreads (Deoptimize) done
Event: 4.870 Executing VM operation: Cleanup
Event: 4.870 Executing VM operation: Cleanup done
Event: 5.871 Executing VM operation: Cleanup
Event: 5.872 Executing VM operation: Cleanup done

Events (20 events):
Event: 3.234 Thread 0x0000021c6f355400 Thread added: 0x0000021c6f355400
Event: 3.234 Thread 0x0000021c6f356120 Thread added: 0x0000021c6f356120
Event: 3.235 Thread 0x0000021c6f3567b0 Thread added: 0x0000021c6f3567b0
Event: 3.235 Thread 0x0000021c6f3546e0 Thread added: 0x0000021c6f3546e0
Event: 3.235 Thread 0x0000021c6f356e40 Thread added: 0x0000021c6f356e40
Event: 3.236 Thread 0x0000021c6f3574d0 Thread added: 0x0000021c6f3574d0
Event: 3.237 Thread 0x0000021c6f354050 Thread added: 0x0000021c6f354050
Event: 3.251 Thread 0x0000021c6f359c30 Thread added: 0x0000021c6f359c30
Event: 3.252 Thread 0x0000021c6f358f10 Thread added: 0x0000021c6f358f10
Event: 3.252 Thread 0x0000021c6f357b60 Thread added: 0x0000021c6f357b60
Event: 3.252 Thread 0x0000021c6f358880 Thread added: 0x0000021c6f358880
Event: 3.252 Thread 0x0000021c6f3581f0 Thread added: 0x0000021c6f3581f0
Event: 3.253 Thread 0x0000021c6f3595a0 Thread added: 0x0000021c6f3595a0
Event: 3.253 Thread 0x0000021c6f35a2c0 Thread added: 0x0000021c6f35a2c0
Event: 3.253 Thread 0x0000021c72ddf050 Thread added: 0x0000021c72ddf050
Event: 3.253 Thread 0x0000021c72de1120 Thread added: 0x0000021c72de1120
Event: 3.848 Thread 0x0000021c68bf5f30 Thread exited: 0x0000021c68bf5f30
Event: 4.479 Thread 0x0000021c68bf5860 Thread exited: 0x0000021c68bf5860
Event: 4.479 Thread 0x0000021c68bf3650 Thread exited: 0x0000021c68bf3650
Event: 4.911 Thread 0x0000021c68b9df50 Thread exited: 0x0000021c68b9df50


Dynamic libraries:
0x00007ff7253d0000 - 0x00007ff7253da000 	C:\Program Files\Android\Android Studio3\jbr\bin\java.exe
0x00007ffc7fa60000 - 0x00007ffc7fcc3000 	C:\WINDOWS\SYSTEM32\ntdll.dll
0x00007ffc7edb0000 - 0x00007ffc7ee78000 	C:\WINDOWS\System32\KERNEL32.DLL
0x00007ffc7cfc0000 - 0x00007ffc7d372000 	C:\WINDOWS\System32\KERNELBASE.dll
0x00007ffc7d5f0000 - 0x00007ffc7d73b000 	C:\WINDOWS\System32\ucrtbase.dll
0x00007ffc74de0000 - 0x00007ffc74dfb000 	C:\Program Files\Android\Android Studio3\jbr\bin\VCRUNTIME140.dll
0x00007ffc66d50000 - 0x00007ffc66d68000 	C:\Program Files\Android\Android Studio3\jbr\bin\jli.dll
0x00007ffc7f480000 - 0x00007ffc7f648000 	C:\WINDOWS\System32\USER32.dll
0x00007ffc7cf90000 - 0x00007ffc7cfb7000 	C:\WINDOWS\System32\win32u.dll
0x00007ffc621e0000 - 0x00007ffc62470000 	C:\WINDOWS\WinSxS\amd64_microsoft.windows.common-controls_6595b64144ccf1df_6.0.26100.2454_none_3e0b68a2e331ad60\COMCTL32.dll
0x00007ffc7e870000 - 0x00007ffc7e89a000 	C:\WINDOWS\System32\GDI32.dll
0x00007ffc7f870000 - 0x00007ffc7f919000 	C:\WINDOWS\System32\msvcrt.dll
0x00007ffc7d4c0000 - 0x00007ffc7d5eb000 	C:\WINDOWS\System32\gdi32full.dll
0x00007ffc7d380000 - 0x00007ffc7d423000 	C:\WINDOWS\System32\msvcp_win.dll
0x00007ffc7f440000 - 0x00007ffc7f46f000 	C:\WINDOWS\System32\IMM32.DLL
0x00007ffc74e50000 - 0x00007ffc74e5c000 	C:\Program Files\Android\Android Studio3\jbr\bin\vcruntime140_1.dll
0x00007ffc3cdb0000 - 0x00007ffc3ce3d000 	C:\Program Files\Android\Android Studio3\jbr\bin\msvcp140.dll
0x00007ffbd94c0000 - 0x00007ffbda13d000 	C:\Program Files\Android\Android Studio3\jbr\bin\server\jvm.dll
0x00007ffc7eae0000 - 0x00007ffc7eb94000 	C:\WINDOWS\System32\ADVAPI32.dll
0x00007ffc7ed00000 - 0x00007ffc7eda6000 	C:\WINDOWS\System32\sechost.dll
0x00007ffc7ee80000 - 0x00007ffc7ef96000 	C:\WINDOWS\System32\RPCRT4.dll
0x00007ffc7ea60000 - 0x00007ffc7ead4000 	C:\WINDOWS\System32\WS2_32.dll
0x00007ffc7baa0000 - 0x00007ffc7baee000 	C:\WINDOWS\SYSTEM32\POWRPROF.dll
0x00007ffc759b0000 - 0x00007ffc759e6000 	C:\WINDOWS\SYSTEM32\WINMM.dll
0x00007ffc72540000 - 0x00007ffc7254b000 	C:\WINDOWS\SYSTEM32\VERSION.dll
0x00007ffc7ba80000 - 0x00007ffc7ba94000 	C:\WINDOWS\SYSTEM32\UMPDC.dll
0x00007ffc7bd40000 - 0x00007ffc7bd5a000 	C:\WINDOWS\SYSTEM32\kernel.appcore.dll
0x00007ffc74dd0000 - 0x00007ffc74dda000 	C:\Program Files\Android\Android Studio3\jbr\bin\jimage.dll
0x00007ffc7a630000 - 0x00007ffc7a871000 	C:\WINDOWS\SYSTEM32\DBGHELP.DLL
0x00007ffc7dce0000 - 0x00007ffc7e05e000 	C:\WINDOWS\System32\combase.dll
0x00007ffc7e080000 - 0x00007ffc7e156000 	C:\WINDOWS\System32\OLEAUT32.dll
0x00007ffc6e210000 - 0x00007ffc6e249000 	C:\WINDOWS\SYSTEM32\dbgcore.DLL
0x00007ffc7ce30000 - 0x00007ffc7cec9000 	C:\WINDOWS\System32\bcryptPrimitives.dll
0x00007ffc742d0000 - 0x00007ffc742de000 	C:\Program Files\Android\Android Studio3\jbr\bin\instrument.dll
0x00007ffc74db0000 - 0x00007ffc74dcf000 	C:\Program Files\Android\Android Studio3\jbr\bin\java.dll
0x00007ffc74d90000 - 0x00007ffc74da8000 	C:\Program Files\Android\Android Studio3\jbr\bin\zip.dll
0x00007ffc7e160000 - 0x00007ffc7e861000 	C:\WINDOWS\System32\SHELL32.dll
0x00007ffc7ab20000 - 0x00007ffc7b351000 	C:\WINDOWS\SYSTEM32\windows.storage.dll
0x00007ffc7f650000 - 0x00007ffc7f72a000 	C:\WINDOWS\System32\SHCORE.dll
0x00007ffc7f790000 - 0x00007ffc7f7ed000 	C:\WINDOWS\System32\shlwapi.dll
0x00007ffc7cd40000 - 0x00007ffc7cd6e000 	C:\WINDOWS\SYSTEM32\profapi.dll
0x00007ffc74d80000 - 0x00007ffc74d90000 	C:\Program Files\Android\Android Studio3\jbr\bin\net.dll
0x00007ffc749e0000 - 0x00007ffc74b06000 	C:\WINDOWS\SYSTEM32\WINHTTP.dll
0x00007ffc7c220000 - 0x00007ffc7c288000 	C:\WINDOWS\system32\mswsock.dll
0x00007ffc746b0000 - 0x00007ffc746c6000 	C:\Program Files\Android\Android Studio3\jbr\bin\nio.dll
0x00007ffc716f0000 - 0x00007ffc71700000 	C:\Program Files\Android\Android Studio3\jbr\bin\verify.dll
0x00007ffc70680000 - 0x00007ffc706a7000 	C:\Users\PC\.gradle\native\c067742578af261105cb4f569cf0c3c89f3d7b1fecec35dd04571415982c5e48\windows-amd64\native-platform.dll
0x00007ffc37bf0000 - 0x00007ffc37d34000 	C:\Users\PC\.gradle\native\100fb08df4bc3b14c8652ba06237920a3bd2aa13389f12d3474272988ae205f9\windows-amd64\native-platform-file-events.dll
0x00007ffc74d40000 - 0x00007ffc74d49000 	C:\Program Files\Android\Android Studio3\jbr\bin\management.dll
0x00007ffc718f0000 - 0x00007ffc718fb000 	C:\Program Files\Android\Android Studio3\jbr\bin\management_ext.dll
0x00007ffc7efa0000 - 0x00007ffc7efa8000 	C:\WINDOWS\System32\PSAPI.DLL
0x00007ffc7c560000 - 0x00007ffc7c57c000 	C:\WINDOWS\SYSTEM32\CRYPTSP.dll
0x00007ffc7bca0000 - 0x00007ffc7bcd8000 	C:\WINDOWS\system32\rsaenh.dll
0x00007ffc7c2c0000 - 0x00007ffc7c2eb000 	C:\WINDOWS\SYSTEM32\USERENV.dll
0x00007ffc7c6f0000 - 0x00007ffc7c716000 	C:\WINDOWS\SYSTEM32\bcrypt.dll
0x00007ffc7c450000 - 0x00007ffc7c45c000 	C:\WINDOWS\SYSTEM32\CRYPTBASE.dll
0x00007ffc7b730000 - 0x00007ffc7b762000 	C:\WINDOWS\SYSTEM32\IPHLPAPI.DLL
0x00007ffc7e070000 - 0x00007ffc7e07a000 	C:\WINDOWS\System32\NSI.dll
0x00007ffc74d70000 - 0x00007ffc74d79000 	C:\Program Files\Android\Android Studio3\jbr\bin\extnet.dll
0x00007ffc2de90000 - 0x00007ffc2de98000 	C:\WINDOWS\system32\wshunix.dll

dbghelp: loaded successfully - version: 4.0.5 - missing functions: none
symbol engine: initialized successfully - sym options: 0x614 - pdb path: .;C:\Program Files\Android\Android Studio3\jbr\bin;C:\WINDOWS\SYSTEM32;C:\WINDOWS\WinSxS\amd64_microsoft.windows.common-controls_6595b64144ccf1df_6.0.26100.2454_none_3e0b68a2e331ad60;C:\Program Files\Android\Android Studio3\jbr\bin\server;C:\Users\PC\.gradle\native\c067742578af261105cb4f569cf0c3c89f3d7b1fecec35dd04571415982c5e48\windows-amd64;C:\Users\PC\.gradle\native\100fb08df4bc3b14c8652ba06237920a3bd2aa13389f12d3474272988ae205f9\windows-amd64

VM Arguments:
jvm_args: --add-opens=java.base/java.util=ALL-UNNAMED --add-opens=java.base/java.lang=ALL-UNNAMED --add-opens=java.base/java.lang.invoke=ALL-UNNAMED --add-opens=java.prefs/java.util.prefs=ALL-UNNAMED --add-exports=jdk.compiler/com.sun.tools.javac.api=ALL-UNNAMED --add-exports=jdk.compiler/com.sun.tools.javac.util=ALL-UNNAMED --add-opens=java.base/java.nio.charset=ALL-UNNAMED --add-opens=java.base/java.net=ALL-UNNAMED --add-opens=java.base/java.util.concurrent.atomic=ALL-UNNAMED -Xmx2048m -Dfile.encoding=UTF-8 -Duser.country=US -Duser.language=en -Duser.variant -javaagent:C:\Users\PC\.gradle\wrapper\dists\gradle-8.9-bin\90cnw93cvbtalezasaz0blq0a\gradle-8.9\lib\agents\gradle-instrumentation-agent-8.9.jar 
java_command: org.gradle.launcher.daemon.bootstrap.GradleDaemon 8.9
java_class_path (initial): C:\Users\PC\.gradle\wrapper\dists\gradle-8.9-bin\90cnw93cvbtalezasaz0blq0a\gradle-8.9\lib\gradle-daemon-main-8.9.jar
Launcher Type: SUN_STANDARD

[Global flags]
     intx CICompilerCount                          = 12                                        {product} {ergonomic}
     uint ConcGCThreads                            = 4                                         {product} {ergonomic}
     uint G1ConcRefinementThreads                  = 15                                        {product} {ergonomic}
   size_t G1HeapRegionSize                         = 1048576                                   {product} {ergonomic}
    uintx GCDrainStackTargetSize                   = 64                                        {product} {ergonomic}
   size_t InitialHeapSize                          = 264241152                                 {product} {ergonomic}
   size_t MarkStackSize                            = 4194304                                   {product} {ergonomic}
   size_t MaxHeapSize                              = 2147483648                                {product} {command line}
   size_t MaxNewSize                               = 1287651328                                {product} {ergonomic}
   size_t MinHeapDeltaBytes                        = 1048576                                   {product} {ergonomic}
   size_t MinHeapSize                              = 8388608                                   {product} {ergonomic}
    uintx NonNMethodCodeHeapSize                   = 7602480                                {pd product} {ergonomic}
    uintx NonProfiledCodeHeapSize                  = 122027880                              {pd product} {ergonomic}
    uintx ProfiledCodeHeapSize                     = 122027880                              {pd product} {ergonomic}
    uintx ReservedCodeCacheSize                    = 251658240                              {pd product} {ergonomic}
     bool SegmentedCodeCache                       = true                                      {product} {ergonomic}
   size_t SoftMaxHeapSize                          = 2147483648                             {manageable} {ergonomic}
     bool UseCompressedOops                        = true                           {product lp64_product} {ergonomic}
     bool UseG1GC                                  = true                                      {product} {ergonomic}
     bool UseLargePagesIndividualAllocation        = false                                  {pd product} {ergonomic}

Logging:
Log output configuration:
 #0: stdout all=warning uptime,level,tags foldmultilines=false
 #1: stderr all=off uptime,level,tags foldmultilines=false

Environment Variables:
CLASSPATH=.;C:\Program Files (x86)\QuickTime\QTSystem\QTJava.zip
PATH=C:\Program Files\Common Files\Oracle\Java\javapath;C:\Program Files (x86)\Common Files\Intel\Shared Libraries\redist\intel64\compiler;C:\WINDOWS\system32;C:\WINDOWS;C:\WINDOWS\System32\Wbem;C:\WINDOWS\System32\WindowsPowerShell\v1.0\;C:\WINDOWS\System32\OpenSSH\;C:\Program Files (x86)\NVIDIA Corporation\PhysX\Common;C:\Program Files\NVIDIA Corporation\NVIDIA NvDLISR;C:\Program Files\Git\cmd;C:\Program Files\Microsoft SQL Server\150\Tools\Binn\;C:\Program Files (x86)\QuickTime\QTSystem\;C:\Program Files (x86)\Windows Kits\10\Windows Performance Toolkit\;C:\Users\PC\AppData\Local\Programs\Python\Python313;C:\Users\PC\AppData\Local\Programs\Python\Python313\Scripts;C:\Users\PC\AppData\Local\Programs\Python\Python313\Scripts\;C:\Users\PC\AppData\Local\Programs\Python\Python313\;C:\Users\PC\AppData\Local\Microsoft\WindowsApps;C:\Users\PC\AppData\Local\Android\Sdk\platform-tools;
USERNAME=PC
OS=Windows_NT
PROCESSOR_IDENTIFIER=Intel64 Family 6 Model 154 Stepping 3, GenuineIntel
TMP=C:\Users\PC\AppData\Local\Temp
TEMP=C:\Users\PC\AppData\Local\Temp




Periodic native trim disabled

JNI global refs:
JNI global refs: 34, weak refs: 0

JNI global refs memory usage: 835, weak refs: 201

Process memory usage:
Resident Set Size: 394368K (2% of 16454388K total physical memory with 2006880K free physical memory)

OOME stack traces (most recent first):
Classloader memory used:
Loader org.gradle.internal.classloader.VisitableURLClassLoader                         : 30968K
Loader bootstrap                                                                       : 22782K
Loader org.gradle.initialization.MixInLegacyTypesClassLoader                           : 8833K
Loader org.gradle.internal.classloader.VisitableURLClassLoader                         : 807K
Loader org.gradle.internal.classloader.VisitableURLClassLoader$InstrumentingVisitableURLClassLoader: 636K
Loader jdk.internal.loader.ClassLoaders$PlatformClassLoader                            : 511K
Loader jdk.internal.loader.ClassLoaders$AppClassLoader                                 : 230K
Loader jdk.internal.reflect.DelegatingClassLoader                                      : 208K
Loader org.gradle.groovy.scripts.internal.DefaultScriptCompilationHandler$ScriptClassLoader: 150K
Loader org.codehaus.groovy.runtime.callsite.CallSiteClassLoader                        : 52552B

Classes loaded by more than one classloader:
Class org.gradle.api.GradleException                                                  : loaded 3 times (x 79B)
Class org.gradle.internal.classloader.ClassLoaderHierarchy                            : loaded 2 times (x 67B)
Class org.gradle.api.internal.classpath.ManifestUtil                                  : loaded 2 times (x 68B)
Class org.jetbrains.plugins.gradle.model.GradleExtensions                             : loaded 2 times (x 67B)
Class org.jetbrains.plugins.gradle.model.AnnotationProcessingModel                    : loaded 2 times (x 67B)
Class org.gradle.internal.operations.MultipleBuildOperationFailures                   : loaded 2 times (x 92B)
Class org.jetbrains.kotlin.idea.gradleTooling.model.noarg.NoArgModel                  : loaded 2 times (x 67B)
Class org.gradle.internal.classloader.DefaultClassLoaderFactory                       : loaded 2 times (x 79B)
Class kotlin.collections.AbstractList$Companion                                       : loaded 2 times (x 68B)
Class org.gradle.internal.classloader.ClassLoaderVisitor                              : loaded 2 times (x 73B)
Class org.gradle.api.internal.classpath.EffectiveClassPath                            : loaded 2 times (x 87B)
Class org.gradle.tooling.internal.gradle.DefaultProjectIdentifier                     : loaded 2 times (x 83B)
Class org.jetbrains.kotlin.idea.gradleTooling.model.allopen.AllOpenModel              : loaded 2 times (x 67B)
Class org.gradle.api.internal.DefaultClassPathProvider                                : loaded 2 times (x 73B)
Class [Lorg.gradle.api.internal.ClassPathProvider;                                    : loaded 2 times (x 66B)
Class org.gradle.api.internal.ClassPathProvider                                       : loaded 2 times (x 67B)
Class settings_66attmhv5m9d63s8m78qcx3pd$_run_closure1$_closure2                      : loaded 2 times (x 136B)
Class org.gradle.internal.service.UnknownServiceException                             : loaded 2 times (x 80B)
Class org.jetbrains.kotlin.idea.gradleTooling.KotlinDslScriptAdditionalTask           : loaded 2 times (x 67B)
Class org.gradle.internal.classpath.TransformedClassPath                              : loaded 2 times (x 93B)
Class kotlin.enums.EnumEntriesList                                                    : loaded 2 times (x 220B)
Class org.jetbrains.plugins.gradle.model.IntelliJSettings                             : loaded 2 times (x 67B)
Class org.jetbrains.kotlin.idea.gradleTooling.KotlinSourceSetContainer                : loaded 2 times (x 67B)
Class org.gradle.internal.service.ServiceLocator                                      : loaded 2 times (x 67B)
Class org.jetbrains.kotlin.android.synthetic.idea.AndroidExtensionsGradleModel        : loaded 2 times (x 67B)
Class org.gradle.tooling.model.UnsupportedMethodException                             : loaded 2 times (x 79B)
Class org.gradle.internal.InternalTransformer                                         : loaded 2 times (x 67B)
Class org.gradle.internal.time.DefaultTimer                                           : loaded 2 times (x 77B)
Class org.gradle.internal.classloader.ClasspathUtil$1                                 : loaded 2 times (x 73B)
Class org.gradle.api.internal.classpath.DefaultModuleRegistry$DefaultModule           : loaded 2 times (x 83B)
Class org.jetbrains.kotlin.idea.gradleTooling.model.lombok.LombokModel                : loaded 2 times (x 67B)
Class org.gradle.internal.time.DefaultCountdownTimer                                  : loaded 2 times (x 85B)
Class org.gradle.tooling.internal.gradle.DefaultBuildIdentifier                       : loaded 2 times (x 76B)
Class kotlin.Function                                                                 : loaded 2 times (x 67B)
Class org.gradle.api.internal.classpath.Module                                        : loaded 2 times (x 67B)
Class org.gradle.api.internal.classpath.UnknownModuleException                        : loaded 2 times (x 79B)
Class com.intellij.openapi.externalSystem.model.project.dependencies.ProjectDependencies: loaded 2 times (x 67B)
Class org.gradle.tooling.internal.gradle.GradleProjectIdentity                        : loaded 2 times (x 67B)
Class org.gradle.api.internal.DefaultClassPathRegistry                                : loaded 2 times (x 73B)
Class org.gradle.api.internal.ClassPathRegistry                                       : loaded 2 times (x 67B)
Class org.gradle.internal.classpath.DefaultClassPath$ImmutableUniqueList              : loaded 2 times (x 196B)
Class org.gradle.internal.classpath.ClassPath                                         : loaded 2 times (x 67B)
Class org.gradle.api.UncheckedIOException                                             : loaded 2 times (x 79B)
Class org.jetbrains.kotlin.idea.gradleTooling.KotlinGradleModel                       : loaded 2 times (x 67B)
Class org.gradle.tooling.model.Model                                                  : loaded 2 times (x 67B)
Class kotlin.UninitializedPropertyAccessException                                     : loaded 2 times (x 79B)
Class settings_66attmhv5m9d63s8m78qcx3pd$_run_closure1                                : loaded 2 times (x 136B)
Class org.jetbrains.plugins.gradle.model.IntelliJProjectSettings                      : loaded 2 times (x 67B)
Class org.jetbrains.kotlin.idea.gradleTooling.model.annotation.AnnotationBasedPluginModel: loaded 2 times (x 67B)
Class org.gradle.internal.installation.GradleInstallation$1                           : loaded 2 times (x 72B)
Class org.gradle.api.internal.classpath.ModuleRegistry                                : loaded 2 times (x 67B)
Class org.jetbrains.plugins.gradle.model.VersionCatalogsModel                         : loaded 2 times (x 67B)
Class org.gradle.api.internal.classpath.DefaultModuleRegistry                         : loaded 2 times (x 80B)
Class settings_66attmhv5m9d63s8m78qcx3pd                                              : loaded 2 times (x 176B)
Class ijInit1_cqzjck0xqbp6zwuqljevsuky4                                               : loaded 2 times (x 176B)
Class org.gradle.internal.time.MonotonicClock                                         : loaded 2 times (x 74B)
Class org.gradle.internal.service.ServiceLookupException                              : loaded 2 times (x 79B)
Class org.gradle.internal.classloader.ClassLoaderFactory                              : loaded 2 times (x 67B)
Class org.gradle.internal.service.CachingServiceLocator                               : loaded 2 times (x 79B)
Class org.jetbrains.plugins.gradle.model.RepositoryModels                             : loaded 2 times (x 67B)
Class org.gradle.internal.time.TimeSource                                             : loaded 2 times (x 67B)
Class org.gradle.tooling.internal.gradle.GradleBuildIdentity                          : loaded 2 times (x 67B)
Class kotlin.enums.EnumEntries                                                        : loaded 2 times (x 67B)
Class org.gradle.internal.exceptions.ResolutionProvider                               : loaded 2 times (x 67B)
Class org.gradle.tooling.model.ProjectIdentifier                                      : loaded 2 times (x 67B)
Class org.gradle.internal.classloader.ClasspathUtil                                   : loaded 2 times (x 68B)
Class org.gradle.internal.time.TimeSource$1                                           : loaded 2 times (x 74B)
Class kotlin.jvm.internal.DefaultConstructorMarker                                    : loaded 2 times (x 68B)
Class org.gradle.api.specs.Spec                                                       : loaded 2 times (x 67B)
Class sync_studio_tooling4347_br92ybp7ep81tyycm9qz9hxhs                               : loaded 2 times (x 176B)
Class org.gradle.internal.time.Clock                                                  : loaded 2 times (x 67B)
Class org.jetbrains.plugins.gradle.model.jar.JarTaskManifestConfiguration             : loaded 2 times (x 67B)
Class kotlin.collections.AbstractList                                                 : loaded 2 times (x 194B)
Class kotlin.collections.AbstractCollection                                           : loaded 2 times (x 114B)
Class org.gradle.internal.classloader.VisitableURLClassLoader$InstrumentingVisitableURLClassLoader: loaded 2 times (x 120B)
Class org.gradle.internal.classloader.VisitableURLClassLoader$Spec                    : loaded 2 times (x 71B)
Class org.gradle.internal.classpath.DefaultClassPath                                  : loaded 2 times (x 87B)
Class org.gradle.internal.classloader.ClassLoaderSpec                                 : loaded 2 times (x 68B)
Class org.gradle.internal.classloader.VisitableURLClassLoader                         : loaded 2 times (x 114B)
Class org.gradle.internal.Cast                                                        : loaded 2 times (x 68B)
Class org.gradle.api.Action                                                           : loaded 2 times (x 67B)
Class kotlin.jvm.functions.Function1                                                  : loaded 2 times (x 67B)
Class org.gradle.internal.agents.InstrumentingClassLoader                             : loaded 2 times (x 67B)
Class org.gradle.internal.classpath.DefaultClassPath$ImmutableUniqueList$Builder      : loaded 2 times (x 72B)
Class org.jetbrains.kotlin.idea.gradleTooling.model.samWithReceiver.SamWithReceiverModel: loaded 2 times (x 67B)
Class org.gradle.internal.classloader.FilteringClassLoader                            : loaded 2 times (x 102B)
Class org.gradle.internal.exceptions.NonGradleCauseExceptionsHolder                   : loaded 2 times (x 67B)
Class org.jetbrains.kotlin.idea.gradleTooling.model.assignment.AssignmentModel        : loaded 2 times (x 67B)
Class kotlin.enums.EnumEntriesKt                                                      : loaded 2 times (x 68B)
Class org.gradle.internal.IoActions                                                   : loaded 2 times (x 68B)
Class org.gradle.internal.classloader.SystemClassLoaderSpec                           : loaded 2 times (x 68B)
Class org.gradle.internal.exceptions.MultiCauseException                              : loaded 2 times (x 67B)
Class org.gradle.internal.time.CountdownTimer                                         : loaded 2 times (x 67B)
Class kotlin.jvm.internal.Intrinsics                                                  : loaded 2 times (x 68B)
Class org.jetbrains.kotlin.idea.gradleTooling.model.parcelize.ParcelizeGradleModel    : loaded 2 times (x 67B)
Class org.gradle.tooling.model.ProjectModel                                           : loaded 2 times (x 67B)
Class kotlin.KotlinNullPointerException                                               : loaded 2 times (x 80B)
Class org.jetbrains.plugins.gradle.model.tests.ExternalTestsModel                     : loaded 2 times (x 67B)
Class org.gradle.internal.exceptions.DefaultMultiCauseException                       : loaded 2 times (x 92B)
Class org.gradle.internal.time.Time                                                   : loaded 2 times (x 68B)
Class org.jetbrains.plugins.gradle.model.DependencyAccessorsModel                     : loaded 2 times (x 67B)
Class org.jetbrains.kotlin.idea.gradleTooling.KotlinMPPGradleModel                    : loaded 2 times (x 67B)
Class org.gradle.tooling.model.BuildIdentifier                                        : loaded 2 times (x 67B)
Class org.jetbrains.kotlin.idea.gradleTooling.PrepareKotlinIdeImportTaskModel         : loaded 2 times (x 67B)
Class org.gradle.internal.time.Timer                                                  : loaded 2 times (x 67B)
Class kotlin.jvm.internal.markers.KMappedMarker                                       : loaded 2 times (x 67B)
Class org.gradle.internal.installation.CurrentGradleInstallationLocator               : loaded 2 times (x 68B)
Class org.gradle.internal.service.DefaultServiceLocator                               : loaded 2 times (x 80B)
Class org.gradle.util.GradleVersion                                                   : loaded 2 times (x 80B)
Class org.gradle.internal.installation.CurrentGradleInstallation                      : loaded 2 times (x 70B)
Class org.gradle.util.internal.GUtil                                                  : loaded 2 times (x 68B)
Class org.gradle.internal.installation.GradleInstallation                             : loaded 2 times (x 72B)

---------------  S Y S T E M  ---------------

OS:
 Windows 11 , 64 bit Build 26100 (10.0.26100.2454)
OS uptime: 4 days 12:04 hours
Hyper-V role detected

CPU: total 20 (initial active 20) (10 cores per cpu, 2 threads per core) family 6 model 154 stepping 3 microcode 0x435, cx8, cmov, fxsr, ht, mmx, 3dnowpref, sse, sse2, sse3, ssse3, sse4.1, sse4.2, popcnt, lzcnt, tsc, tscinvbit, avx, avx2, aes, erms, clmul, bmi1, bmi2, adx, sha, fma, vzeroupper, clflush, clflushopt, clwb, hv, serialize, rdtscp, rdpid, fsrm, f16c, cet_ibt, cet_ss
Processor Information for processor 0
  Max Mhz: 2300, Current Mhz: 2300, Mhz Limit: 2300
Processor Information for processor 1
  Max Mhz: 2300, Current Mhz: 2300, Mhz Limit: 2300
Processor Information for processor 2
  Max Mhz: 2300, Current Mhz: 2300, Mhz Limit: 2300
Processor Information for processor 3
  Max Mhz: 2300, Current Mhz: 2300, Mhz Limit: 2300
Processor Information for processor 4
  Max Mhz: 2300, Current Mhz: 2300, Mhz Limit: 2300
Processor Information for processor 5
  Max Mhz: 2300, Current Mhz: 2300, Mhz Limit: 2300
Processor Information for processor 6
  Max Mhz: 2300, Current Mhz: 2300, Mhz Limit: 2300
Processor Information for processor 7
  Max Mhz: 2300, Current Mhz: 2300, Mhz Limit: 2300
Processor Information for processor 8
  Max Mhz: 2300, Current Mhz: 2300, Mhz Limit: 2300
Processor Information for processor 9
  Max Mhz: 2300, Current Mhz: 1506, Mhz Limit: 2300
Processor Information for processor 10
  Max Mhz: 2300, Current Mhz: 1506, Mhz Limit: 2300
Processor Information for processor 11
  Max Mhz: 2300, Current Mhz: 1506, Mhz Limit: 2300
Processor Information for processor 12
  Max Mhz: 2300, Current Mhz: 2300, Mhz Limit: 2300
Processor Information for processor 13
  Max Mhz: 2300, Current Mhz: 2300, Mhz Limit: 2300
Processor Information for processor 14
  Max Mhz: 2300, Current Mhz: 2300, Mhz Limit: 2300
Processor Information for processor 15
  Max Mhz: 2300, Current Mhz: 1488, Mhz Limit: 2300
Processor Information for processor 16
  Max Mhz: 2300, Current Mhz: 1488, Mhz Limit: 2300
Processor Information for processor 17
  Max Mhz: 2300, Current Mhz: 1488, Mhz Limit: 2300
Processor Information for processor 18
  Max Mhz: 2300, Current Mhz: 1488, Mhz Limit: 2300
Processor Information for processor 19
  Max Mhz: 2300, Current Mhz: 1488, Mhz Limit: 2300

Memory: 4k page, system-wide physical 16068M (1959M free)
TotalPageFile size 26308M (AvailPageFile size 5M)
current process WorkingSet (physical memory assigned to process): 385M, peak: 386M
current process commit charge ("private bytes"): 440M, peak: 443M

vm_info: OpenJDK 64-Bit Server VM (21.0.3+-12282718-b509.11) for windows-amd64 JRE (21.0.3+-12282718-b509.11), built on 2024-08-27T17:34:15Z by "builder" with MS VC++ 16.10 / 16.11 (VS2019)

END.
