#
# There is insufficient memory for the Java Runtime Environment to continue.
# Native memory allocation (malloc) failed to allocate 1599504 bytes. Error detail: Chunk::new
# Possible reasons:
#   The system is out of physical RAM or swap space
#   This process is running with CompressedOops enabled, and the Java Heap may be blocking the growth of the native heap
# Possible solutions:
#   Reduce memory load on the system
#   Increase physical memory or swap space
#   Check if swap backing store is full
#   Decrease Java heap size (-Xmx/-Xms)
#   Decrease number of Java threads
#   Decrease Java thread stack sizes (-Xss)
#   Set larger code cache with -XX:ReservedCodeCacheSize=
#   JVM is running with Unscaled Compressed Oops mode in which the Java heap is
#     placed in the first 4GB address space. The Java Heap base address is the
#     maximum limit for the native heap growth. Please use -XX:HeapBaseMinAddress
#     to set the Java Heap base and to place the Java Heap above 4GB virtual address.
# This output file may be truncated or incomplete.
#
#  Out of Memory Error (arena.cpp:168), pid=524, tid=24056
#
# JRE version: OpenJDK Runtime Environment (21.0.3) (build 21.0.3+-12282718-b509.11)
# Java VM: OpenJDK 64-Bit Server VM (21.0.3+-12282718-b509.11, mixed mode, tiered, compressed oops, compressed class ptrs, g1 gc, windows-amd64)
# No core dump will be written. Minidumps are not enabled by default on client versions of Windows
#

---------------  S U M M A R Y ------------

Command Line: --add-opens=java.base/java.util=ALL-UNNAMED --add-opens=java.base/java.lang=ALL-UNNAMED --add-opens=java.base/java.lang.invoke=ALL-UNNAMED --add-opens=java.prefs/java.util.prefs=ALL-UNNAMED --add-exports=jdk.compiler/com.sun.tools.javac.api=ALL-UNNAMED --add-exports=jdk.compiler/com.sun.tools.javac.util=ALL-UNNAMED --add-opens=java.base/java.nio.charset=ALL-UNNAMED --add-opens=java.base/java.net=ALL-UNNAMED --add-opens=java.base/java.util.concurrent.atomic=ALL-UNNAMED -Xmx2048m -Dfile.encoding=UTF-8 -Duser.country=US -Duser.language=en -Duser.variant -javaagent:C:\Users\PC\.gradle\wrapper\dists\gradle-8.9-bin\90cnw93cvbtalezasaz0blq0a\gradle-8.9\lib\agents\gradle-instrumentation-agent-8.9.jar org.gradle.launcher.daemon.bootstrap.GradleDaemon 8.9

Host: 12th Gen Intel(R) Core(TM) i7-12700H, 20 cores, 15G,  Windows 11 , 64 bit Build 26100 (10.0.26100.2454)
Time: Mon Feb 17 13:20:45 2025 Egypt Standard Time elapsed time: 5.157022 seconds (0d 0h 0m 5s)

---------------  T H R E A D  ---------------

Current thread (0x0000028d6ac3bef0):  JavaThread "C2 CompilerThread1" daemon [_thread_in_native, id=24056, stack(0x000000d2d1800000,0x000000d2d1900000) (1024K)]


Current CompileTask:
C2:   5157 6922   !   4       java.net.URLClassLoader::findClass (47 bytes)

Stack: [0x000000d2d1800000,0x000000d2d1900000]
Native frames: (J=compiled Java code, j=interpreted, Vv=VM code, C=native code)
V  [jvm.dll+0x6cafb9]
V  [jvm.dll+0x858523]
V  [jvm.dll+0x85aa7e]
V  [jvm.dll+0x85b163]
V  [jvm.dll+0x27d356]
V  [jvm.dll+0xbf93d]
V  [jvm.dll+0xbfe73]
V  [jvm.dll+0x3b1ceb]
V  [jvm.dll+0x1dde94]
V  [jvm.dll+0x246c54]
V  [jvm.dll+0x2460d1]
V  [jvm.dll+0x1c5804]
V  [jvm.dll+0x25575c]
V  [jvm.dll+0x253c36]
V  [jvm.dll+0x3ec996]
V  [jvm.dll+0x800d78]
V  [jvm.dll+0x6c98cd]
C  [ucrtbase.dll+0x14ea0]
C  [KERNEL32.DLL+0x2e8d7]
C  [ntdll.dll+0xdfbcc]


---------------  P R O C E S S  ---------------

Threads class SMR info:
_java_thread_list=0x0000028d754347e0, length=77, elements={
0x0000028d4fdd9320, 0x0000028d6a9445f0, 0x0000028d6a949170, 0x0000028d6a964f40,
0x0000028d6a967010, 0x0000028d6a966980, 0x0000028d6a9655d0, 0x0000028d6a971e10,
0x0000028d6a974600, 0x0000028d6a965c60, 0x0000028d6ab740a0, 0x0000028d6a9683c0,
0x0000028d6ac3bef0, 0x0000028d6f1c6ab0, 0x0000028d6f1b7b90, 0x0000028d6a9676a0,
0x0000028d6a967d30, 0x0000028d70dc9170, 0x0000028d70dc5cf0, 0x0000028d70dc9800,
0x0000028d70dc6380, 0x0000028d70dc9e90, 0x0000028d70dc70a0, 0x0000028d70dc7730,
0x0000028d70dc8450, 0x0000028d70dc8ae0, 0x0000028d70dc6a10, 0x0000028d70dca520,
0x0000028d70dcb240, 0x0000028d70dcb8d0, 0x0000028d70dcbf60, 0x0000028d70dcc5f0,
0x0000028d70dccc80, 0x0000028d70dcd310, 0x0000028d71770dd0, 0x0000028d7176f390,
0x0000028d71772180, 0x0000028d71771460, 0x0000028d71772810, 0x0000028d71772ea0,
0x0000028d71771af0, 0x0000028d717700b0, 0x0000028d7176fa20, 0x0000028d71773bc0,
0x0000028d71773530, 0x0000028d71770740, 0x0000028d71774f70, 0x0000028d71775600,
0x0000028d71775c90, 0x0000028d717748e0, 0x0000028d71776320, 0x0000028d717769b0,
0x0000028d71774250, 0x0000028d72616190, 0x0000028d72616eb0, 0x0000028d72615470,
0x0000028d72618f80, 0x0000028d72615b00, 0x0000028d7261ca90, 0x0000028d7261bd70,
0x0000028d7261b050, 0x0000028d7261b6e0, 0x0000028d7261c400, 0x0000028d7261a330,
0x0000028d72619610, 0x0000028d72619ca0, 0x0000028d74184170, 0x0000028d74182730,
0x0000028d74181380, 0x0000028d74184800, 0x0000028d74184e90, 0x0000028d74182dc0,
0x0000028d741820a0, 0x0000028d74183450, 0x0000028d74181a10, 0x0000028d741868d0,
0x0000028d74185bb0
}

Java Threads: ( => current thread )
  0x0000028d4fdd9320 JavaThread "main"                              [_thread_blocked, id=29972, stack(0x000000d2d0300000,0x000000d2d0400000) (1024K)]
  0x0000028d6a9445f0 JavaThread "Reference Handler"          daemon [_thread_blocked, id=29256, stack(0x000000d2d0b00000,0x000000d2d0c00000) (1024K)]
  0x0000028d6a949170 JavaThread "Finalizer"                  daemon [_thread_blocked, id=31276, stack(0x000000d2d0c00000,0x000000d2d0d00000) (1024K)]
  0x0000028d6a964f40 JavaThread "Signal Dispatcher"          daemon [_thread_blocked, id=6984, stack(0x000000d2d0d00000,0x000000d2d0e00000) (1024K)]
  0x0000028d6a967010 JavaThread "Attach Listener"            daemon [_thread_blocked, id=3124, stack(0x000000d2d0e00000,0x000000d2d0f00000) (1024K)]
  0x0000028d6a966980 JavaThread "Service Thread"             daemon [_thread_blocked, id=10492, stack(0x000000d2d0f00000,0x000000d2d1000000) (1024K)]
  0x0000028d6a9655d0 JavaThread "Monitor Deflation Thread"   daemon [_thread_blocked, id=4652, stack(0x000000d2d1000000,0x000000d2d1100000) (1024K)]
  0x0000028d6a971e10 JavaThread "C2 CompilerThread0"         daemon [_thread_in_native, id=4368, stack(0x000000d2d1100000,0x000000d2d1200000) (1024K)]
  0x0000028d6a974600 JavaThread "C1 CompilerThread0"         daemon [_thread_blocked, id=17512, stack(0x000000d2d1200000,0x000000d2d1300000) (1024K)]
  0x0000028d6a965c60 JavaThread "Common-Cleaner"             daemon [_thread_blocked, id=24472, stack(0x000000d2d1300000,0x000000d2d1400000) (1024K)]
  0x0000028d6ab740a0 JavaThread "C1 CompilerThread1"         daemon [_thread_in_native, id=19900, stack(0x000000d2d1400000,0x000000d2d1500000) (1024K)]
  0x0000028d6a9683c0 JavaThread "Notification Thread"        daemon [_thread_blocked, id=12048, stack(0x000000d2d1700000,0x000000d2d1800000) (1024K)]
=>0x0000028d6ac3bef0 JavaThread "C2 CompilerThread1"         daemon [_thread_in_native, id=24056, stack(0x000000d2d1800000,0x000000d2d1900000) (1024K)]
  0x0000028d6f1c6ab0 JavaThread "C2 CompilerThread2"         daemon [_thread_in_native, id=25764, stack(0x000000d2d1900000,0x000000d2d1a00000) (1024K)]
  0x0000028d6f1b7b90 JavaThread "C2 CompilerThread3"         daemon [_thread_in_native, id=12292, stack(0x000000d2d1a00000,0x000000d2d1b00000) (1024K)]
  0x0000028d6a9676a0 JavaThread "Daemon health stats"               [_thread_blocked, id=13436, stack(0x000000d2d2000000,0x000000d2d2100000) (1024K)]
  0x0000028d6a967d30 JavaThread "Incoming local TCP Connector on port 62762"        [_thread_in_native, id=24444, stack(0x000000d2d2100000,0x000000d2d2200000) (1024K)]
  0x0000028d70dc9170 JavaThread "Daemon periodic checks"            [_thread_blocked, id=10236, stack(0x000000d2d2200000,0x000000d2d2300000) (1024K)]
  0x0000028d70dc5cf0 JavaThread "Daemon"                            [_thread_blocked, id=22288, stack(0x000000d2d2300000,0x000000d2d2400000) (1024K)]
  0x0000028d70dc9800 JavaThread "Handler for socket connection from /127.0.0.1:62762 to /127.0.0.1:62763"        [_thread_in_native, id=23212, stack(0x000000d2d2400000,0x000000d2d2500000) (1024K)]
  0x0000028d70dc6380 JavaThread "Cancel handler"                    [_thread_blocked, id=7956, stack(0x000000d2d2500000,0x000000d2d2600000) (1024K)]
  0x0000028d70dc9e90 JavaThread "Daemon worker"                     [_thread_in_Java, id=6756, stack(0x000000d2d2600000,0x000000d2d2700000) (1024K)]
  0x0000028d70dc70a0 JavaThread "Asynchronous log dispatcher for DefaultDaemonConnection: socket connection from /127.0.0.1:62762 to /127.0.0.1:62763"        [_thread_blocked, id=10724, stack(0x000000d2d2700000,0x000000d2d2800000) (1024K)]
  0x0000028d70dc7730 JavaThread "Stdin handler"                     [_thread_blocked, id=27380, stack(0x000000d2d2800000,0x000000d2d2900000) (1024K)]
  0x0000028d70dc8450 JavaThread "Daemon client event forwarder"        [_thread_blocked, id=8132, stack(0x000000d2d2900000,0x000000d2d2a00000) (1024K)]
  0x0000028d70dc8ae0 JavaThread "Cache worker for journal cache (C:\Users\PC\.gradle\caches\journal-1)"        [_thread_blocked, id=28540, stack(0x000000d2d3600000,0x000000d2d3700000) (1024K)]
  0x0000028d70dc6a10 JavaThread "File lock request listener"        [_thread_in_native, id=4864, stack(0x000000d2d3700000,0x000000d2d3800000) (1024K)]
  0x0000028d70dca520 JavaThread "Cache worker for file hash cache (C:\Users\PC\.gradle\caches\8.9\fileHashes)"        [_thread_blocked, id=31920, stack(0x000000d2d3800000,0x000000d2d3900000) (1024K)]
  0x0000028d70dcb240 JavaThread "Cache worker for file hash cache (F:\AndroidStudioProjects\QRScannerApp\.gradle\8.9\fileHashes)"        [_thread_blocked, id=23536, stack(0x000000d2d3900000,0x000000d2d3a00000) (1024K)]
  0x0000028d70dcb8d0 JavaThread "Cache worker for Build Output Cleanup Cache (F:\AndroidStudioProjects\QRScannerApp\.gradle\buildOutputCleanup)"        [_thread_blocked, id=4476, stack(0x000000d2d3a00000,0x000000d2d3b00000) (1024K)]
  0x0000028d70dcbf60 JavaThread "File watcher server"        daemon [_thread_in_native, id=32016, stack(0x000000d2d3b00000,0x000000d2d3c00000) (1024K)]
  0x0000028d70dcc5f0 JavaThread "File watcher consumer"      daemon [_thread_blocked, id=32212, stack(0x000000d2d3c00000,0x000000d2d3d00000) (1024K)]
  0x0000028d70dccc80 JavaThread "jar transforms"                    [_thread_blocked, id=27780, stack(0x000000d2d3d00000,0x000000d2d3e00000) (1024K)]
  0x0000028d70dcd310 JavaThread "jar transforms Thread 2"           [_thread_blocked, id=22856, stack(0x000000d2d3e00000,0x000000d2d3f00000) (1024K)]
  0x0000028d71770dd0 JavaThread "jar transforms Thread 3"           [_thread_blocked, id=30976, stack(0x000000d2d3f00000,0x000000d2d4000000) (1024K)]
  0x0000028d7176f390 JavaThread "jar transforms Thread 4"           [_thread_blocked, id=17776, stack(0x000000d2d4000000,0x000000d2d4100000) (1024K)]
  0x0000028d71772180 JavaThread "jar transforms Thread 5"           [_thread_blocked, id=7220, stack(0x000000d2d4100000,0x000000d2d4200000) (1024K)]
  0x0000028d71771460 JavaThread "jar transforms Thread 6"           [_thread_blocked, id=10256, stack(0x000000d2d4200000,0x000000d2d4300000) (1024K)]
  0x0000028d71772810 JavaThread "jar transforms Thread 7"           [_thread_blocked, id=11508, stack(0x000000d2d4300000,0x000000d2d4400000) (1024K)]
  0x0000028d71772ea0 JavaThread "jar transforms Thread 8"           [_thread_blocked, id=7980, stack(0x000000d2d4400000,0x000000d2d4500000) (1024K)]
  0x0000028d71771af0 JavaThread "jar transforms Thread 9"           [_thread_blocked, id=9148, stack(0x000000d2d4500000,0x000000d2d4600000) (1024K)]
  0x0000028d717700b0 JavaThread "jar transforms Thread 10"          [_thread_blocked, id=1952, stack(0x000000d2d4600000,0x000000d2d4700000) (1024K)]
  0x0000028d7176fa20 JavaThread "jar transforms Thread 11"          [_thread_blocked, id=14228, stack(0x000000d2d4700000,0x000000d2d4800000) (1024K)]
  0x0000028d71773bc0 JavaThread "jar transforms Thread 12"          [_thread_blocked, id=31228, stack(0x000000d2d4800000,0x000000d2d4900000) (1024K)]
  0x0000028d71773530 JavaThread "jar transforms Thread 13"          [_thread_blocked, id=26016, stack(0x000000d2d4900000,0x000000d2d4a00000) (1024K)]
  0x0000028d71770740 JavaThread "jar transforms Thread 14"          [_thread_blocked, id=33684, stack(0x000000d2d4a00000,0x000000d2d4b00000) (1024K)]
  0x0000028d71774f70 JavaThread "jar transforms Thread 15"          [_thread_blocked, id=22196, stack(0x000000d2d4b00000,0x000000d2d4c00000) (1024K)]
  0x0000028d71775600 JavaThread "jar transforms Thread 16"          [_thread_blocked, id=26352, stack(0x000000d2d4c00000,0x000000d2d4d00000) (1024K)]
  0x0000028d71775c90 JavaThread "jar transforms Thread 17"          [_thread_blocked, id=19408, stack(0x000000d2d4d00000,0x000000d2d4e00000) (1024K)]
  0x0000028d717748e0 JavaThread "jar transforms Thread 18"          [_thread_blocked, id=31824, stack(0x000000d2d4e00000,0x000000d2d4f00000) (1024K)]
  0x0000028d71776320 JavaThread "jar transforms Thread 19"          [_thread_blocked, id=20580, stack(0x000000d2d4f00000,0x000000d2d5000000) (1024K)]
  0x0000028d717769b0 JavaThread "jar transforms Thread 20"          [_thread_blocked, id=11204, stack(0x000000d2d5000000,0x000000d2d5100000) (1024K)]
  0x0000028d71774250 JavaThread "Cache worker for checksums cache (F:\AndroidStudioProjects\QRScannerApp\.gradle\8.9\checksums)"        [_thread_blocked, id=28668, stack(0x000000d2d5100000,0x000000d2d5200000) (1024K)]
  0x0000028d72616190 JavaThread "Cache worker for file content cache (C:\Users\PC\.gradle\caches\8.9\fileContent)"        [_thread_blocked, id=13164, stack(0x000000d2d5200000,0x000000d2d5300000) (1024K)]
  0x0000028d72616eb0 JavaThread "Cache worker for cache directory md-rule (C:\Users\PC\.gradle\caches\8.9\md-rule)"        [_thread_blocked, id=30632, stack(0x000000d2d5300000,0x000000d2d5400000) (1024K)]
  0x0000028d72615470 JavaThread "Cache worker for cache directory md-supplier (C:\Users\PC\.gradle\caches\8.9\md-supplier)"        [_thread_blocked, id=22300, stack(0x000000d2d5400000,0x000000d2d5500000) (1024K)]
  0x0000028d72618f80 JavaThread "Unconstrained build operations"        [_thread_blocked, id=15896, stack(0x000000d2d5600000,0x000000d2d5700000) (1024K)]
  0x0000028d72615b00 JavaThread "Unconstrained build operations Thread 2"        [_thread_blocked, id=20488, stack(0x000000d2d5700000,0x000000d2d5800000) (1024K)]
  0x0000028d7261ca90 JavaThread "Unconstrained build operations Thread 3"        [_thread_blocked, id=23780, stack(0x000000d2d5800000,0x000000d2d5900000) (1024K)]
  0x0000028d7261bd70 JavaThread "Unconstrained build operations Thread 4"        [_thread_blocked, id=30924, stack(0x000000d2d5900000,0x000000d2d5a00000) (1024K)]
  0x0000028d7261b050 JavaThread "Unconstrained build operations Thread 5"        [_thread_blocked, id=24116, stack(0x000000d2d5a00000,0x000000d2d5b00000) (1024K)]
  0x0000028d7261b6e0 JavaThread "Unconstrained build operations Thread 6"        [_thread_blocked, id=14088, stack(0x000000d2d5b00000,0x000000d2d5c00000) (1024K)]
  0x0000028d7261c400 JavaThread "Unconstrained build operations Thread 7"        [_thread_blocked, id=30188, stack(0x000000d2d5c00000,0x000000d2d5d00000) (1024K)]
  0x0000028d7261a330 JavaThread "Unconstrained build operations Thread 8"        [_thread_blocked, id=26048, stack(0x000000d2d5d00000,0x000000d2d5e00000) (1024K)]
  0x0000028d72619610 JavaThread "Unconstrained build operations Thread 9"        [_thread_blocked, id=8552, stack(0x000000d2d5e00000,0x000000d2d5f00000) (1024K)]
  0x0000028d72619ca0 JavaThread "Unconstrained build operations Thread 10"        [_thread_blocked, id=25196, stack(0x000000d2d5f00000,0x000000d2d6000000) (1024K)]
  0x0000028d74184170 JavaThread "Unconstrained build operations Thread 11"        [_thread_blocked, id=29804, stack(0x000000d2d6000000,0x000000d2d6100000) (1024K)]
  0x0000028d74182730 JavaThread "Unconstrained build operations Thread 12"        [_thread_blocked, id=17360, stack(0x000000d2d6100000,0x000000d2d6200000) (1024K)]
  0x0000028d74181380 JavaThread "Unconstrained build operations Thread 13"        [_thread_blocked, id=25880, stack(0x000000d2d6200000,0x000000d2d6300000) (1024K)]
  0x0000028d74184800 JavaThread "Unconstrained build operations Thread 14"        [_thread_blocked, id=25540, stack(0x000000d2d6300000,0x000000d2d6400000) (1024K)]
  0x0000028d74184e90 JavaThread "Unconstrained build operations Thread 15"        [_thread_blocked, id=25864, stack(0x000000d2d6400000,0x000000d2d6500000) (1024K)]
  0x0000028d74182dc0 JavaThread "Unconstrained build operations Thread 16"        [_thread_blocked, id=28032, stack(0x000000d2d6500000,0x000000d2d6600000) (1024K)]
  0x0000028d741820a0 JavaThread "Unconstrained build operations Thread 17"        [_thread_blocked, id=15428, stack(0x000000d2d6600000,0x000000d2d6700000) (1024K)]
  0x0000028d74183450 JavaThread "Unconstrained build operations Thread 18"        [_thread_blocked, id=25884, stack(0x000000d2d6700000,0x000000d2d6800000) (1024K)]
  0x0000028d74181a10 JavaThread "Unconstrained build operations Thread 19"        [_thread_blocked, id=25284, stack(0x000000d2d6800000,0x000000d2d6900000) (1024K)]
  0x0000028d741868d0 JavaThread "Unconstrained build operations Thread 20"        [_thread_blocked, id=28440, stack(0x000000d2d6900000,0x000000d2d6a00000) (1024K)]
  0x0000028d74185bb0 JavaThread "Unconstrained build operations Thread 21"        [_thread_blocked, id=20908, stack(0x000000d2d6a00000,0x000000d2d6b00000) (1024K)]
Total: 77

Other Threads:
  0x0000028d69c75030 VMThread "VM Thread"                           [id=14496, stack(0x000000d2d0a00000,0x000000d2d0b00000) (1024K)]
  0x0000028d6a8c09d0 WatcherThread "VM Periodic Task Thread"        [id=532, stack(0x000000d2d0900000,0x000000d2d0a00000) (1024K)]
  0x0000028d521a6780 WorkerThread "GC Thread#0"                     [id=20828, stack(0x000000d2d0400000,0x000000d2d0500000) (1024K)]
  0x0000028d6f9ff920 WorkerThread "GC Thread#1"                     [id=6248, stack(0x000000d2d1b00000,0x000000d2d1c00000) (1024K)]
  0x0000028d6f9ffcc0 WorkerThread "GC Thread#2"                     [id=23052, stack(0x000000d2d1c00000,0x000000d2d1d00000) (1024K)]
  0x0000028d6f3f2490 WorkerThread "GC Thread#3"                     [id=23592, stack(0x000000d2d1d00000,0x000000d2d1e00000) (1024K)]
  0x0000028d6f3f2830 WorkerThread "GC Thread#4"                     [id=31960, stack(0x000000d2d1e00000,0x000000d2d1f00000) (1024K)]
  0x0000028d6f29d470 WorkerThread "GC Thread#5"                     [id=20624, stack(0x000000d2d1f00000,0x000000d2d2000000) (1024K)]
  0x0000028d7100e880 WorkerThread "GC Thread#6"                     [id=14492, stack(0x000000d2d2a00000,0x000000d2d2b00000) (1024K)]
  0x0000028d7100ec20 WorkerThread "GC Thread#7"                     [id=30604, stack(0x000000d2d2b00000,0x000000d2d2c00000) (1024K)]
  0x0000028d70d98fd0 WorkerThread "GC Thread#8"                     [id=26680, stack(0x000000d2d2c00000,0x000000d2d2d00000) (1024K)]
  0x0000028d70d99710 WorkerThread "GC Thread#9"                     [id=33688, stack(0x000000d2d2d00000,0x000000d2d2e00000) (1024K)]
  0x0000028d70d9a1f0 WorkerThread "GC Thread#10"                    [id=33420, stack(0x000000d2d2e00000,0x000000d2d2f00000) (1024K)]
  0x0000028d70d99ab0 WorkerThread "GC Thread#11"                    [id=25040, stack(0x000000d2d2f00000,0x000000d2d3000000) (1024K)]
  0x0000028d70d99e50 WorkerThread "GC Thread#12"                    [id=8896, stack(0x000000d2d3000000,0x000000d2d3100000) (1024K)]
  0x0000028d70d9a590 WorkerThread "GC Thread#13"                    [id=31984, stack(0x000000d2d3100000,0x000000d2d3200000) (1024K)]
  0x0000028d70d99370 WorkerThread "GC Thread#14"                    [id=6340, stack(0x000000d2d3200000,0x000000d2d3300000) (1024K)]
  0x0000028d521b7670 ConcurrentGCThread "G1 Main Marker"            [id=25300, stack(0x000000d2d0500000,0x000000d2d0600000) (1024K)]
  0x0000028d521b8080 WorkerThread "G1 Conc#0"                       [id=30300, stack(0x000000d2d0600000,0x000000d2d0700000) (1024K)]
  0x0000028d70d98c30 WorkerThread "G1 Conc#1"                       [id=5752, stack(0x000000d2d3300000,0x000000d2d3400000) (1024K)]
  0x0000028d70efa580 WorkerThread "G1 Conc#2"                       [id=20420, stack(0x000000d2d3400000,0x000000d2d3500000) (1024K)]
  0x0000028d70ef9aa0 WorkerThread "G1 Conc#3"                       [id=15296, stack(0x000000d2d3500000,0x000000d2d3600000) (1024K)]
  0x0000028d69b70520 ConcurrentGCThread "G1 Refine#0"               [id=4572, stack(0x000000d2d0700000,0x000000d2d0800000) (1024K)]
  0x0000028d69b70e40 ConcurrentGCThread "G1 Service"                [id=22728, stack(0x000000d2d0800000,0x000000d2d0900000) (1024K)]
Total: 24

Threads with active compile tasks:
C2 CompilerThread0     5177 7003       4       java.lang.Class::getMethodsRecursive (99 bytes)
C2 CompilerThread1     5177 6922   !   4       java.net.URLClassLoader::findClass (47 bytes)
C2 CompilerThread2     5177 6926       4       java.net.URLClassLoader$1::run (5 bytes)
C2 CompilerThread3     5177 6927   !   4       java.net.URLClassLoader$1::run (81 bytes)
Total: 4

VM state: not at safepoint (normal execution)

VM Mutex/Monitor currently owned by a thread: None

Heap address: 0x0000000080000000, size: 2048 MB, Compressed Oops mode: 32-bit

CDS archive(s) not mapped
Compressed class space mapped at: 0x0000000100000000-0x0000000140000000, reserved size: 1073741824
Narrow klass base: 0x0000000000000000, Narrow klass shift: 3, Narrow klass range: 0x140000000

GC Precious Log:
 CardTable entry size: 512
 Card Set container configuration: InlinePtr #cards 5 size 8 Array Of Cards #cards 12 size 40 Howl #buckets 4 coarsen threshold 1843 Howl Bitmap #cards 512 size 80 coarsen threshold 460 Card regions per heap region 1 cards per card region 2048
 CPUs: 20 total, 20 available
 Memory: 16068M
 Large Page Support: Disabled
 NUMA Support: Disabled
 Compressed Oops: Enabled (32-bit)
 Heap Region Size: 1M
 Heap Min Capacity: 8M
 Heap Initial Capacity: 252M
 Heap Max Capacity: 2G
 Pre-touch: Disabled
 Parallel Workers: 15
 Concurrent Workers: 4
 Concurrent Refinement Workers: 15
 Periodic GC: Disabled

Heap:
 garbage-first heap   total 142336K, used 88453K [0x0000000080000000, 0x0000000100000000)
  region size 1024K, 10 young (10240K), 3 survivors (3072K)
 Metaspace       used 66426K, committed 68224K, reserved 1114112K
  class space    used 9163K, committed 10048K, reserved 1048576K

Heap Regions: E=young(eden), S=young(survivor), O=old, HS=humongous(starts), HC=humongous(continues), CS=collection set, F=free, TAMS=top-at-mark-start, PB=parsable bottom
|   0|0x0000000080000000, 0x0000000080100000, 0x0000000080100000|100%|HS|  |TAMS 0x0000000080000000| PB 0x0000000080000000| Complete 
|   1|0x0000000080100000, 0x0000000080200000, 0x0000000080200000|100%|HC|  |TAMS 0x0000000080100000| PB 0x0000000080100000| Complete 
|   2|0x0000000080200000, 0x0000000080300000, 0x0000000080300000|100%|HC|  |TAMS 0x0000000080200000| PB 0x0000000080200000| Complete 
|   3|0x0000000080300000, 0x0000000080400000, 0x0000000080400000|100%|HC|  |TAMS 0x0000000080300000| PB 0x0000000080300000| Complete 
|   4|0x0000000080400000, 0x0000000080500000, 0x0000000080500000|100%| O|  |TAMS 0x0000000080400000| PB 0x0000000080400000| Untracked 
|   5|0x0000000080500000, 0x0000000080600000, 0x0000000080600000|100%| O|  |TAMS 0x0000000080500000| PB 0x0000000080500000| Untracked 
|   6|0x0000000080600000, 0x0000000080700000, 0x0000000080700000|100%| O|  |TAMS 0x0000000080600000| PB 0x0000000080600000| Untracked 
|   7|0x0000000080700000, 0x0000000080800000, 0x0000000080800000|100%| O|  |TAMS 0x0000000080700000| PB 0x0000000080700000| Untracked 
|   8|0x0000000080800000, 0x0000000080900000, 0x0000000080900000|100%| O|  |TAMS 0x0000000080800000| PB 0x0000000080800000| Untracked 
|   9|0x0000000080900000, 0x0000000080a00000, 0x0000000080a00000|100%| O|  |TAMS 0x0000000080900000| PB 0x0000000080900000| Untracked 
|  10|0x0000000080a00000, 0x0000000080b00000, 0x0000000080b00000|100%| O|  |TAMS 0x0000000080a00000| PB 0x0000000080a00000| Untracked 
|  11|0x0000000080b00000, 0x0000000080c00000, 0x0000000080c00000|100%|HS|  |TAMS 0x0000000080b00000| PB 0x0000000080b00000| Complete 
|  12|0x0000000080c00000, 0x0000000080d00000, 0x0000000080d00000|100%|HS|  |TAMS 0x0000000080c00000| PB 0x0000000080c00000| Complete 
|  13|0x0000000080d00000, 0x0000000080e00000, 0x0000000080e00000|100%|HC|  |TAMS 0x0000000080d00000| PB 0x0000000080d00000| Complete 
|  14|0x0000000080e00000, 0x0000000080f00000, 0x0000000080f00000|100%|HC|  |TAMS 0x0000000080e00000| PB 0x0000000080e00000| Complete 
|  15|0x0000000080f00000, 0x0000000081000000, 0x0000000081000000|100%|HC|  |TAMS 0x0000000080f00000| PB 0x0000000080f00000| Complete 
|  16|0x0000000081000000, 0x0000000081100000, 0x0000000081100000|100%|HC|  |TAMS 0x0000000081000000| PB 0x0000000081000000| Complete 
|  17|0x0000000081100000, 0x0000000081200000, 0x0000000081200000|100%|HC|  |TAMS 0x0000000081100000| PB 0x0000000081100000| Complete 
|  18|0x0000000081200000, 0x0000000081300000, 0x0000000081300000|100%|HS|  |TAMS 0x0000000081200000| PB 0x0000000081200000| Complete 
|  19|0x0000000081300000, 0x0000000081400000, 0x0000000081400000|100%|HC|  |TAMS 0x0000000081300000| PB 0x0000000081300000| Complete 
|  20|0x0000000081400000, 0x0000000081500000, 0x0000000081500000|100%|HC|  |TAMS 0x0000000081400000| PB 0x0000000081400000| Complete 
|  21|0x0000000081500000, 0x0000000081600000, 0x0000000081600000|100%| O|  |TAMS 0x0000000081500000| PB 0x0000000081500000| Untracked 
|  22|0x0000000081600000, 0x0000000081700000, 0x0000000081700000|100%| O|  |TAMS 0x0000000081600000| PB 0x0000000081600000| Untracked 
|  23|0x0000000081700000, 0x0000000081800000, 0x0000000081800000|100%| O|  |TAMS 0x0000000081700000| PB 0x0000000081700000| Untracked 
|  24|0x0000000081800000, 0x0000000081900000, 0x0000000081900000|100%| O|  |TAMS 0x0000000081800000| PB 0x0000000081800000| Untracked 
|  25|0x0000000081900000, 0x0000000081a00000, 0x0000000081a00000|100%| O|  |TAMS 0x0000000081900000| PB 0x0000000081900000| Untracked 
|  26|0x0000000081a00000, 0x0000000081b00000, 0x0000000081b00000|100%| O|  |TAMS 0x0000000081a00000| PB 0x0000000081a00000| Untracked 
|  27|0x0000000081b00000, 0x0000000081c00000, 0x0000000081c00000|100%| O|  |TAMS 0x0000000081b00000| PB 0x0000000081b00000| Untracked 
|  28|0x0000000081c00000, 0x0000000081d00000, 0x0000000081d00000|100%|HS|  |TAMS 0x0000000081c00000| PB 0x0000000081c00000| Complete 
|  29|0x0000000081d00000, 0x0000000081e00000, 0x0000000081e00000|100%| O|  |TAMS 0x0000000081d00000| PB 0x0000000081d00000| Untracked 
|  30|0x0000000081e00000, 0x0000000081f00000, 0x0000000081f00000|100%| O|  |TAMS 0x0000000081e00000| PB 0x0000000081e00000| Untracked 
|  31|0x0000000081f00000, 0x0000000082000000, 0x0000000082000000|100%| O|  |TAMS 0x0000000081f00000| PB 0x0000000081f00000| Untracked 
|  32|0x0000000082000000, 0x0000000082100000, 0x0000000082100000|100%| O|  |TAMS 0x0000000082000000| PB 0x0000000082000000| Untracked 
|  33|0x0000000082100000, 0x0000000082200000, 0x0000000082200000|100%| O|  |TAMS 0x0000000082100000| PB 0x0000000082100000| Untracked 
|  34|0x0000000082200000, 0x0000000082300000, 0x0000000082300000|100%| O|  |TAMS 0x0000000082200000| PB 0x0000000082200000| Untracked 
|  35|0x0000000082300000, 0x0000000082400000, 0x0000000082400000|100%|HS|  |TAMS 0x0000000082300000| PB 0x0000000082300000| Complete 
|  36|0x0000000082400000, 0x0000000082500000, 0x0000000082500000|100%|HC|  |TAMS 0x0000000082400000| PB 0x0000000082400000| Complete 
|  37|0x0000000082500000, 0x0000000082600000, 0x0000000082600000|100%| O|  |TAMS 0x0000000082500000| PB 0x0000000082500000| Untracked 
|  38|0x0000000082600000, 0x0000000082700000, 0x0000000082700000|100%| O|  |TAMS 0x0000000082600000| PB 0x0000000082600000| Untracked 
|  39|0x0000000082700000, 0x0000000082800000, 0x0000000082800000|100%| O|  |TAMS 0x0000000082700000| PB 0x0000000082700000| Untracked 
|  40|0x0000000082800000, 0x0000000082900000, 0x0000000082900000|100%| O|  |TAMS 0x0000000082800000| PB 0x0000000082800000| Untracked 
|  41|0x0000000082900000, 0x0000000082a00000, 0x0000000082a00000|100%| O|  |TAMS 0x0000000082900000| PB 0x0000000082900000| Untracked 
|  42|0x0000000082a00000, 0x0000000082b00000, 0x0000000082b00000|100%|HS|  |TAMS 0x0000000082a00000| PB 0x0000000082a00000| Complete 
|  43|0x0000000082b00000, 0x0000000082c00000, 0x0000000082c00000|100%|HC|  |TAMS 0x0000000082b00000| PB 0x0000000082b00000| Complete 
|  44|0x0000000082c00000, 0x0000000082d00000, 0x0000000082d00000|100%| O|  |TAMS 0x0000000082c00000| PB 0x0000000082c00000| Untracked 
|  45|0x0000000082d00000, 0x0000000082e00000, 0x0000000082e00000|100%| O|  |TAMS 0x0000000082d00000| PB 0x0000000082d00000| Untracked 
|  46|0x0000000082e00000, 0x0000000082f00000, 0x0000000082f00000|100%| O|  |TAMS 0x0000000082e00000| PB 0x0000000082e00000| Untracked 
|  47|0x0000000082f00000, 0x0000000083000000, 0x0000000083000000|100%|HS|  |TAMS 0x0000000082f00000| PB 0x0000000082f00000| Complete 
|  48|0x0000000083000000, 0x0000000083100000, 0x0000000083100000|100%|HC|  |TAMS 0x0000000083000000| PB 0x0000000083000000| Complete 
|  49|0x0000000083100000, 0x0000000083200000, 0x0000000083200000|100%|HC|  |TAMS 0x0000000083100000| PB 0x0000000083100000| Complete 
|  50|0x0000000083200000, 0x0000000083300000, 0x0000000083300000|100%|HC|  |TAMS 0x0000000083200000| PB 0x0000000083200000| Complete 
|  51|0x0000000083300000, 0x0000000083400000, 0x0000000083400000|100%|HC|  |TAMS 0x0000000083300000| PB 0x0000000083300000| Complete 
|  52|0x0000000083400000, 0x0000000083500000, 0x0000000083500000|100%|HC|  |TAMS 0x0000000083400000| PB 0x0000000083400000| Complete 
|  53|0x0000000083500000, 0x0000000083600000, 0x0000000083600000|100%|HS|  |TAMS 0x0000000083500000| PB 0x0000000083500000| Complete 
|  54|0x0000000083600000, 0x0000000083700000, 0x0000000083700000|100%|HC|  |TAMS 0x0000000083600000| PB 0x0000000083600000| Complete 
|  55|0x0000000083700000, 0x0000000083800000, 0x0000000083800000|100%|HC|  |TAMS 0x0000000083700000| PB 0x0000000083700000| Complete 
|  56|0x0000000083800000, 0x0000000083900000, 0x0000000083900000|100%|HC|  |TAMS 0x0000000083800000| PB 0x0000000083800000| Complete 
|  57|0x0000000083900000, 0x0000000083a00000, 0x0000000083a00000|100%|HC|  |TAMS 0x0000000083900000| PB 0x0000000083900000| Complete 
|  58|0x0000000083a00000, 0x0000000083b00000, 0x0000000083b00000|100%|HC|  |TAMS 0x0000000083a00000| PB 0x0000000083a00000| Complete 
|  59|0x0000000083b00000, 0x0000000083c00000, 0x0000000083c00000|100%| O|  |TAMS 0x0000000083b00000| PB 0x0000000083b00000| Untracked 
|  60|0x0000000083c00000, 0x0000000083d00000, 0x0000000083d00000|100%| O|  |TAMS 0x0000000083c00000| PB 0x0000000083c00000| Untracked 
|  61|0x0000000083d00000, 0x0000000083e00000, 0x0000000083e00000|100%| O|  |TAMS 0x0000000083d00000| PB 0x0000000083d00000| Untracked 
|  62|0x0000000083e00000, 0x0000000083f00000, 0x0000000083f00000|100%| O|  |TAMS 0x0000000083e00000| PB 0x0000000083e00000| Untracked 
|  63|0x0000000083f00000, 0x0000000084000000, 0x0000000084000000|100%| O|  |TAMS 0x0000000083f00000| PB 0x0000000083f00000| Untracked 
|  64|0x0000000084000000, 0x0000000084000000, 0x0000000084100000|  0%| F|  |TAMS 0x0000000084000000| PB 0x0000000084000000| Untracked 
|  65|0x0000000084100000, 0x0000000084200000, 0x0000000084200000|100%| O|  |TAMS 0x0000000084100000| PB 0x0000000084100000| Untracked 
|  66|0x0000000084200000, 0x0000000084300000, 0x0000000084300000|100%| O|  |TAMS 0x0000000084200000| PB 0x0000000084200000| Untracked 
|  67|0x0000000084300000, 0x0000000084400000, 0x0000000084400000|100%| O|  |TAMS 0x0000000084300000| PB 0x0000000084300000| Untracked 
|  68|0x0000000084400000, 0x0000000084500000, 0x0000000084500000|100%| O|  |TAMS 0x0000000084400000| PB 0x0000000084400000| Untracked 
|  69|0x0000000084500000, 0x000000008459b750, 0x0000000084600000| 60%| O|  |TAMS 0x0000000084500000| PB 0x0000000084500000| Untracked 
|  70|0x0000000084600000, 0x0000000084600000, 0x0000000084700000|  0%| F|  |TAMS 0x0000000084600000| PB 0x0000000084600000| Untracked 
|  71|0x0000000084700000, 0x0000000084700000, 0x0000000084800000|  0%| F|  |TAMS 0x0000000084700000| PB 0x0000000084700000| Untracked 
|  72|0x0000000084800000, 0x0000000084800000, 0x0000000084900000|  0%| F|  |TAMS 0x0000000084800000| PB 0x0000000084800000| Untracked 
|  73|0x0000000084900000, 0x0000000084900000, 0x0000000084a00000|  0%| F|  |TAMS 0x0000000084900000| PB 0x0000000084900000| Untracked 
|  74|0x0000000084a00000, 0x0000000084b00000, 0x0000000084b00000|100%| O|  |TAMS 0x0000000084a00000| PB 0x0000000084a00000| Untracked 
|  75|0x0000000084b00000, 0x0000000084c00000, 0x0000000084c00000|100%| O|  |TAMS 0x0000000084b00000| PB 0x0000000084b00000| Untracked 
|  76|0x0000000084c00000, 0x0000000084d00000, 0x0000000084d00000|100%| O|  |TAMS 0x0000000084c00000| PB 0x0000000084c00000| Untracked 
|  77|0x0000000084d00000, 0x0000000084e00000, 0x0000000084e00000|100%| O|  |TAMS 0x0000000084d00000| PB 0x0000000084d00000| Untracked 
|  78|0x0000000084e00000, 0x0000000084f00000, 0x0000000084f00000|100%| O|  |TAMS 0x0000000084e00000| PB 0x0000000084e00000| Untracked 
|  79|0x0000000084f00000, 0x0000000085000000, 0x0000000085000000|100%| O|  |TAMS 0x0000000084f00000| PB 0x0000000084f00000| Untracked 
|  80|0x0000000085000000, 0x0000000085100000, 0x0000000085100000|100%| O|  |TAMS 0x0000000085000000| PB 0x0000000085000000| Untracked 
|  81|0x0000000085100000, 0x0000000085100000, 0x0000000085200000|  0%| F|  |TAMS 0x0000000085100000| PB 0x0000000085100000| Untracked 
|  82|0x0000000085200000, 0x0000000085200000, 0x0000000085300000|  0%| F|  |TAMS 0x0000000085200000| PB 0x0000000085200000| Untracked 
|  83|0x0000000085300000, 0x0000000085300000, 0x0000000085400000|  0%| F|  |TAMS 0x0000000085300000| PB 0x0000000085300000| Untracked 
|  84|0x0000000085400000, 0x0000000085400000, 0x0000000085500000|  0%| F|  |TAMS 0x0000000085400000| PB 0x0000000085400000| Untracked 
|  85|0x0000000085500000, 0x0000000085500000, 0x0000000085600000|  0%| F|  |TAMS 0x0000000085500000| PB 0x0000000085500000| Untracked 
|  86|0x0000000085600000, 0x0000000085600000, 0x0000000085700000|  0%| F|  |TAMS 0x0000000085600000| PB 0x0000000085600000| Untracked 
|  87|0x0000000085700000, 0x0000000085700000, 0x0000000085800000|  0%| F|  |TAMS 0x0000000085700000| PB 0x0000000085700000| Untracked 
|  88|0x0000000085800000, 0x00000000858c5d00, 0x0000000085900000| 77%| S|CS|TAMS 0x0000000085800000| PB 0x0000000085800000| Complete 
|  89|0x0000000085900000, 0x0000000085900000, 0x0000000085a00000|  0%| F|  |TAMS 0x0000000085900000| PB 0x0000000085900000| Untracked 
|  90|0x0000000085a00000, 0x0000000085a00000, 0x0000000085b00000|  0%| F|  |TAMS 0x0000000085a00000| PB 0x0000000085a00000| Untracked 
|  91|0x0000000085b00000, 0x0000000085b00000, 0x0000000085c00000|  0%| F|  |TAMS 0x0000000085b00000| PB 0x0000000085b00000| Untracked 
|  92|0x0000000085c00000, 0x0000000085c00000, 0x0000000085d00000|  0%| F|  |TAMS 0x0000000085c00000| PB 0x0000000085c00000| Untracked 
|  93|0x0000000085d00000, 0x0000000085e00000, 0x0000000085e00000|100%| S|CS|TAMS 0x0000000085d00000| PB 0x0000000085d00000| Complete 
|  94|0x0000000085e00000, 0x0000000085f00000, 0x0000000085f00000|100%| S|CS|TAMS 0x0000000085e00000| PB 0x0000000085e00000| Complete 
|  95|0x0000000085f00000, 0x0000000085f00000, 0x0000000086000000|  0%| F|  |TAMS 0x0000000085f00000| PB 0x0000000085f00000| Untracked 
|  96|0x0000000086000000, 0x0000000086000000, 0x0000000086100000|  0%| F|  |TAMS 0x0000000086000000| PB 0x0000000086000000| Untracked 
|  97|0x0000000086100000, 0x0000000086100000, 0x0000000086200000|  0%| F|  |TAMS 0x0000000086100000| PB 0x0000000086100000| Untracked 
|  98|0x0000000086200000, 0x0000000086200000, 0x0000000086300000|  0%| F|  |TAMS 0x0000000086200000| PB 0x0000000086200000| Untracked 
|  99|0x0000000086300000, 0x0000000086300000, 0x0000000086400000|  0%| F|  |TAMS 0x0000000086300000| PB 0x0000000086300000| Untracked 
| 100|0x0000000086400000, 0x0000000086400000, 0x0000000086500000|  0%| F|  |TAMS 0x0000000086400000| PB 0x0000000086400000| Untracked 
| 101|0x0000000086500000, 0x0000000086500000, 0x0000000086600000|  0%| F|  |TAMS 0x0000000086500000| PB 0x0000000086500000| Untracked 
| 102|0x0000000086600000, 0x0000000086600000, 0x0000000086700000|  0%| F|  |TAMS 0x0000000086600000| PB 0x0000000086600000| Untracked 
| 103|0x0000000086700000, 0x0000000086700000, 0x0000000086800000|  0%| F|  |TAMS 0x0000000086700000| PB 0x0000000086700000| Untracked 
| 104|0x0000000086800000, 0x0000000086800000, 0x0000000086900000|  0%| F|  |TAMS 0x0000000086800000| PB 0x0000000086800000| Untracked 
| 105|0x0000000086900000, 0x0000000086900000, 0x0000000086a00000|  0%| F|  |TAMS 0x0000000086900000| PB 0x0000000086900000| Untracked 
| 106|0x0000000086a00000, 0x0000000086a00000, 0x0000000086b00000|  0%| F|  |TAMS 0x0000000086a00000| PB 0x0000000086a00000| Untracked 
| 107|0x0000000086b00000, 0x0000000086b00000, 0x0000000086c00000|  0%| F|  |TAMS 0x0000000086b00000| PB 0x0000000086b00000| Untracked 
| 108|0x0000000086c00000, 0x0000000086c00000, 0x0000000086d00000|  0%| F|  |TAMS 0x0000000086c00000| PB 0x0000000086c00000| Untracked 
| 109|0x0000000086d00000, 0x0000000086d00000, 0x0000000086e00000|  0%| F|  |TAMS 0x0000000086d00000| PB 0x0000000086d00000| Untracked 
| 110|0x0000000086e00000, 0x0000000086e00000, 0x0000000086f00000|  0%| F|  |TAMS 0x0000000086e00000| PB 0x0000000086e00000| Untracked 
| 111|0x0000000086f00000, 0x0000000086f00000, 0x0000000087000000|  0%| F|  |TAMS 0x0000000086f00000| PB 0x0000000086f00000| Untracked 
| 112|0x0000000087000000, 0x0000000087000000, 0x0000000087100000|  0%| F|  |TAMS 0x0000000087000000| PB 0x0000000087000000| Untracked 
| 113|0x0000000087100000, 0x0000000087100000, 0x0000000087200000|  0%| F|  |TAMS 0x0000000087100000| PB 0x0000000087100000| Untracked 
| 114|0x0000000087200000, 0x0000000087200000, 0x0000000087300000|  0%| F|  |TAMS 0x0000000087200000| PB 0x0000000087200000| Untracked 
| 115|0x0000000087300000, 0x0000000087300000, 0x0000000087400000|  0%| F|  |TAMS 0x0000000087300000| PB 0x0000000087300000| Untracked 
| 116|0x0000000087400000, 0x0000000087400000, 0x0000000087500000|  0%| F|  |TAMS 0x0000000087400000| PB 0x0000000087400000| Untracked 
| 117|0x0000000087500000, 0x0000000087500000, 0x0000000087600000|  0%| F|  |TAMS 0x0000000087500000| PB 0x0000000087500000| Untracked 
| 118|0x0000000087600000, 0x0000000087600000, 0x0000000087700000|  0%| F|  |TAMS 0x0000000087600000| PB 0x0000000087600000| Untracked 
| 119|0x0000000087700000, 0x0000000087700000, 0x0000000087800000|  0%| F|  |TAMS 0x0000000087700000| PB 0x0000000087700000| Untracked 
| 120|0x0000000087800000, 0x0000000087800000, 0x0000000087900000|  0%| F|  |TAMS 0x0000000087800000| PB 0x0000000087800000| Untracked 
| 121|0x0000000087900000, 0x0000000087900000, 0x0000000087a00000|  0%| F|  |TAMS 0x0000000087900000| PB 0x0000000087900000| Untracked 
| 122|0x0000000087a00000, 0x0000000087a00000, 0x0000000087b00000|  0%| F|  |TAMS 0x0000000087a00000| PB 0x0000000087a00000| Untracked 
| 123|0x0000000087b00000, 0x0000000087b00000, 0x0000000087c00000|  0%| F|  |TAMS 0x0000000087b00000| PB 0x0000000087b00000| Untracked 
| 124|0x0000000087c00000, 0x0000000087c00000, 0x0000000087d00000|  0%| F|  |TAMS 0x0000000087c00000| PB 0x0000000087c00000| Untracked 
| 125|0x0000000087d00000, 0x0000000087d00000, 0x0000000087e00000|  0%| F|  |TAMS 0x0000000087d00000| PB 0x0000000087d00000| Untracked 
| 178|0x000000008b200000, 0x000000008b200000, 0x000000008b300000|  0%| F|  |TAMS 0x000000008b200000| PB 0x000000008b200000| Untracked 
| 179|0x000000008b300000, 0x000000008b300000, 0x000000008b400000|  0%| F|  |TAMS 0x000000008b300000| PB 0x000000008b300000| Untracked 
| 180|0x000000008b400000, 0x000000008b400000, 0x000000008b500000|  0%| F|  |TAMS 0x000000008b400000| PB 0x000000008b400000| Untracked 
| 181|0x000000008b500000, 0x000000008b580800, 0x000000008b600000| 50%| E|  |TAMS 0x000000008b500000| PB 0x000000008b500000| Complete 
| 182|0x000000008b600000, 0x000000008b700000, 0x000000008b700000|100%| E|CS|TAMS 0x000000008b600000| PB 0x000000008b600000| Complete 
| 183|0x000000008b700000, 0x000000008b800000, 0x000000008b800000|100%| E|CS|TAMS 0x000000008b700000| PB 0x000000008b700000| Complete 
| 184|0x000000008b800000, 0x000000008b900000, 0x000000008b900000|100%| E|CS|TAMS 0x000000008b800000| PB 0x000000008b800000| Complete 
| 185|0x000000008b900000, 0x000000008ba00000, 0x000000008ba00000|100%| E|CS|TAMS 0x000000008b900000| PB 0x000000008b900000| Complete 
| 186|0x000000008ba00000, 0x000000008bb00000, 0x000000008bb00000|100%| E|CS|TAMS 0x000000008ba00000| PB 0x000000008ba00000| Complete 
| 251|0x000000008fb00000, 0x000000008fc00000, 0x000000008fc00000|100%| E|CS|TAMS 0x000000008fb00000| PB 0x000000008fb00000| Complete 
|2045|0x00000000ffd00000, 0x00000000ffe00000, 0x00000000ffe00000|100%| O|  |TAMS 0x00000000ffd00000| PB 0x00000000ffd00000| Untracked 
|2046|0x00000000ffe00000, 0x00000000fff00000, 0x00000000fff00000|100%| E|CS|TAMS 0x00000000ffe00000| PB 0x00000000ffe00000| Complete 
|2047|0x00000000fff00000, 0x0000000100000000, 0x0000000100000000|100%| O|  |TAMS 0x00000000fff00000| PB 0x00000000fff00000| Untracked 

Card table byte_map: [0x0000028d65130000,0x0000028d65530000] _byte_map_base: 0x0000028d64d30000

Marking Bits: (CMBitMap*) 0x0000028d521a6d90
 Bits: [0x0000028d65530000, 0x0000028d67530000)

Polling page: 0x0000028d4fd80000

Metaspace:

Usage:
  Non-class:     55.93 MB used.
      Class:      8.95 MB used.
       Both:     64.88 MB used.

Virtual space:
  Non-class space:       64.00 MB reserved,      56.81 MB ( 89%) committed,  1 nodes.
      Class space:        1.00 GB reserved,       9.81 MB ( <1%) committed,  1 nodes.
             Both:        1.06 GB reserved,      66.62 MB (  6%) committed. 

Chunk freelists:
   Non-Class:  7.18 MB
       Class:  6.21 MB
        Both:  13.39 MB

MaxMetaspaceSize: unlimited
CompressedClassSpaceSize: 1.00 GB
Initial GC threshold: 21.00 MB
Current GC threshold: 96.38 MB
CDS: off
 - commit_granule_bytes: 65536.
 - commit_granule_words: 8192.
 - virtual_space_node_default_size: 8388608.
 - enlarge_chunks_in_place: 1.
 - use_allocation_guard: 0.


Internal statistics:

num_allocs_failed_limit: 6.
num_arena_births: 3162.
num_arena_deaths: 0.
num_vsnodes_births: 2.
num_vsnodes_deaths: 0.
num_space_committed: 1066.
num_space_uncommitted: 0.
num_chunks_returned_to_freelist: 6.
num_chunks_taken_from_freelist: 5917.
num_chunk_merges: 6.
num_chunk_splits: 3804.
num_chunks_enlarged: 2319.
num_inconsistent_stats: 0.

CodeHeap 'non-profiled nmethods': size=119168Kb used=3540Kb max_used=3540Kb free=115627Kb
 bounds [0x0000028d5ce30000, 0x0000028d5d1b0000, 0x0000028d64290000]
CodeHeap 'profiled nmethods': size=119104Kb used=12265Kb max_used=12265Kb free=106838Kb
 bounds [0x0000028d55290000, 0x0000028d55e90000, 0x0000028d5c6e0000]
CodeHeap 'non-nmethods': size=7488Kb used=3277Kb max_used=4459Kb free=4210Kb
 bounds [0x0000028d5c6e0000, 0x0000028d5cb50000, 0x0000028d5ce30000]
 total_blobs=7110 nmethods=6245 adapters=766
 compilation: enabled
              stopped_count=0, restarted_count=0
 full_count=0

Compilation events (20 events):
Event: 4.143 Thread 0x0000028d6ab74fc0 7022       3       jdk.internal.reflect.ByteVectorImpl::put (27 bytes)
Event: 4.143 Thread 0x0000028d6a974600 7021       1       jdk.internal.reflect.ClassFileAssembler::setMaxLocals (6 bytes)
Event: 4.143 Thread 0x0000028d6ab740a0 7023       3       jdk.internal.reflect.ClassFileAssembler::opc_new (16 bytes)
Event: 4.143 Thread 0x0000028d6ab74910 7024       3       jdk.internal.reflect.ByteVectorFactory::create (8 bytes)
Event: 4.143 Thread 0x0000028d6a974600 nmethod 7021 0x0000028d5d1a4210 code [0x0000028d5d1a43a0, 0x0000028d5d1a4468]
Event: 4.143 Thread 0x0000028d6a974600 7025       3       jdk.internal.reflect.ByteVectorImpl::<init> (7 bytes)
Event: 4.143 Thread 0x0000028d6ab74fc0 nmethod 7022 0x0000028d55e81910 code [0x0000028d55e81ac0, 0x0000028d55e81c98]
Event: 4.143 Thread 0x0000028d6ab74fc0 7026       3       jdk.internal.reflect.ByteVectorImpl::<init> (17 bytes)
Event: 4.143 Thread 0x0000028d6ab74910 nmethod 7024 0x0000028d55e81e10 code [0x0000028d55e81fc0, 0x0000028d55e82318]
Event: 4.143 Thread 0x0000028d6ab74910 7027       3       jdk.internal.reflect.ClassFileAssembler::<init> (30 bytes)
Event: 4.143 Thread 0x0000028d6ab74fc0 nmethod 7026 0x0000028d55e82490 code [0x0000028d55e82640, 0x0000028d55e828a0]
Event: 4.143 Thread 0x0000028d6ab740a0 nmethod 7023 0x0000028d55e82990 code [0x0000028d55e82ba0, 0x0000028d55e830f0]
Event: 4.143 Thread 0x0000028d6ab740a0 7028       3       jdk.internal.reflect.AccessorGenerator::add (5 bytes)
Event: 4.143 Thread 0x0000028d6ab740a0 nmethod 7028 0x0000028d55e83390 code [0x0000028d55e83520, 0x0000028d55e83618]
Event: 4.143 Thread 0x0000028d6a974600 nmethod 7025 0x0000028d55e83690 code [0x0000028d55e83840, 0x0000028d55e83b00]
Event: 4.143 Thread 0x0000028d6a974600 7029       3       jdk.internal.reflect.ByteVectorImpl::resize (44 bytes)
Event: 4.143 Thread 0x0000028d6ab74910 nmethod 7027 0x0000028d55e83c10 code [0x0000028d55e83dc0, 0x0000028d55e83f98]
Event: 4.144 Thread 0x0000028d6a974600 nmethod 7029 0x0000028d55e84090 code [0x0000028d55e84240, 0x0000028d55e84518]
Event: 5.000 Thread 0x0000028d6ab740a0 7031       3       java.util.stream.ReferencePipeline$Head::forEach (26 bytes)
Event: 5.000 Thread 0x0000028d6a974600 7032       3       java.util.stream.AbstractPipeline::sourceStageSpliterator (112 bytes)

GC Heap History (20 events):
Event: 2.035 GC heap before
{Heap before GC invocations=5 (full 0):
 garbage-first heap   total 89088K, used 72179K [0x0000000080000000, 0x0000000100000000)
  region size 1024K, 52 young (53248K), 13 survivors (13312K)
 Metaspace       used 34919K, committed 35776K, reserved 1114112K
  class space    used 4710K, committed 5120K, reserved 1048576K
}
Event: 2.038 GC heap after
{Heap after GC invocations=6 (full 0):
 garbage-first heap   total 92160K, used 36944K [0x0000000080000000, 0x0000000100000000)
  region size 1024K, 7 young (7168K), 7 survivors (7168K)
 Metaspace       used 34919K, committed 35776K, reserved 1114112K
  class space    used 4710K, committed 5120K, reserved 1048576K
}
Event: 2.082 GC heap before
{Heap before GC invocations=6 (full 0):
 garbage-first heap   total 92160K, used 44112K [0x0000000080000000, 0x0000000100000000)
  region size 1024K, 13 young (13312K), 7 survivors (7168K)
 Metaspace       used 35283K, committed 36096K, reserved 1114112K
  class space    used 4764K, committed 5184K, reserved 1048576K
}
Event: 2.085 GC heap after
{Heap after GC invocations=7 (full 0):
 garbage-first heap   total 92160K, used 41966K [0x0000000080000000, 0x0000000100000000)
  region size 1024K, 3 young (3072K), 3 survivors (3072K)
 Metaspace       used 35283K, committed 36096K, reserved 1114112K
  class space    used 4764K, committed 5184K, reserved 1048576K
}
Event: 2.286 GC heap before
{Heap before GC invocations=8 (full 0):
 garbage-first heap   total 92160K, used 68590K [0x0000000080000000, 0x0000000100000000)
  region size 1024K, 28 young (28672K), 3 survivors (3072K)
 Metaspace       used 38221K, committed 39168K, reserved 1114112K
  class space    used 5217K, committed 5696K, reserved 1048576K
}
Event: 2.288 GC heap after
{Heap after GC invocations=9 (full 0):
 garbage-first heap   total 92160K, used 43654K [0x0000000080000000, 0x0000000100000000)
  region size 1024K, 4 young (4096K), 4 survivors (4096K)
 Metaspace       used 38221K, committed 39168K, reserved 1114112K
  class space    used 5217K, committed 5696K, reserved 1048576K
}
Event: 2.445 GC heap before
{Heap before GC invocations=9 (full 0):
 garbage-first heap   total 92160K, used 70278K [0x0000000080000000, 0x0000000100000000)
  region size 1024K, 30 young (30720K), 4 survivors (4096K)
 Metaspace       used 41499K, committed 42688K, reserved 1114112K
  class space    used 5784K, committed 6336K, reserved 1048576K
}
Event: 2.448 GC heap after
{Heap after GC invocations=10 (full 0):
 garbage-first heap   total 92160K, used 44819K [0x0000000080000000, 0x0000000100000000)
  region size 1024K, 3 young (3072K), 3 survivors (3072K)
 Metaspace       used 41499K, committed 42688K, reserved 1114112K
  class space    used 5784K, committed 6336K, reserved 1048576K
}
Event: 2.684 GC heap before
{Heap before GC invocations=10 (full 0):
 garbage-first heap   total 92160K, used 71443K [0x0000000080000000, 0x0000000100000000)
  region size 1024K, 30 young (30720K), 3 survivors (3072K)
 Metaspace       used 47450K, committed 48768K, reserved 1114112K
  class space    used 6509K, committed 7168K, reserved 1048576K
}
Event: 2.688 GC heap after
{Heap after GC invocations=11 (full 0):
 garbage-first heap   total 142336K, used 47470K [0x0000000080000000, 0x0000000100000000)
  region size 1024K, 4 young (4096K), 4 survivors (4096K)
 Metaspace       used 47450K, committed 48768K, reserved 1114112K
  class space    used 6509K, committed 7168K, reserved 1048576K
}
Event: 3.030 GC heap before
{Heap before GC invocations=12 (full 0):
 garbage-first heap   total 142336K, used 107886K [0x0000000080000000, 0x0000000100000000)
  region size 1024K, 59 young (60416K), 4 survivors (4096K)
 Metaspace       used 52778K, committed 54208K, reserved 1114112K
  class space    used 7129K, committed 7808K, reserved 1048576K
}
Event: 3.034 GC heap after
{Heap after GC invocations=13 (full 0):
 garbage-first heap   total 142336K, used 53009K [0x0000000080000000, 0x0000000100000000)
  region size 1024K, 8 young (8192K), 8 survivors (8192K)
 Metaspace       used 52778K, committed 54208K, reserved 1114112K
  class space    used 7129K, committed 7808K, reserved 1048576K
}
Event: 3.473 GC heap before
{Heap before GC invocations=13 (full 0):
 garbage-first heap   total 142336K, used 122641K [0x0000000080000000, 0x0000000100000000)
  region size 1024K, 63 young (64512K), 8 survivors (8192K)
 Metaspace       used 56904K, committed 58432K, reserved 1114112K
  class space    used 7759K, committed 8512K, reserved 1048576K
}
Event: 3.476 GC heap after
{Heap after GC invocations=14 (full 0):
 garbage-first heap   total 142336K, used 75799K [0x0000000080000000, 0x0000000100000000)
  region size 1024K, 8 young (8192K), 8 survivors (8192K)
 Metaspace       used 56904K, committed 58432K, reserved 1114112K
  class space    used 7759K, committed 8512K, reserved 1048576K
}
Event: 3.480 GC heap before
{Heap before GC invocations=14 (full 0):
 garbage-first heap   total 142336K, used 75799K [0x0000000080000000, 0x0000000100000000)
  region size 1024K, 10 young (10240K), 8 survivors (8192K)
 Metaspace       used 56943K, committed 58496K, reserved 1114112K
  class space    used 7765K, committed 8512K, reserved 1048576K
}
Event: 3.482 GC heap after
{Heap after GC invocations=15 (full 0):
 garbage-first heap   total 142336K, used 77105K [0x0000000080000000, 0x0000000100000000)
  region size 1024K, 2 young (2048K), 2 survivors (2048K)
 Metaspace       used 56943K, committed 58496K, reserved 1114112K
  class space    used 7765K, committed 8512K, reserved 1048576K
}
Event: 3.778 GC heap before
{Heap before GC invocations=16 (full 0):
 garbage-first heap   total 142336K, used 122161K [0x0000000080000000, 0x0000000100000000)
  region size 1024K, 44 young (45056K), 2 survivors (2048K)
 Metaspace       used 61220K, committed 62848K, reserved 1114112K
  class space    used 8332K, committed 9088K, reserved 1048576K
}
Event: 3.780 GC heap after
{Heap after GC invocations=17 (full 0):
 garbage-first heap   total 142336K, used 79961K [0x0000000080000000, 0x0000000100000000)
  region size 1024K, 4 young (4096K), 4 survivors (4096K)
 Metaspace       used 61220K, committed 62848K, reserved 1114112K
  class space    used 8332K, committed 9088K, reserved 1048576K
}
Event: 4.093 GC heap before
{Heap before GC invocations=17 (full 0):
 garbage-first heap   total 142336K, used 122969K [0x0000000080000000, 0x0000000100000000)
  region size 1024K, 46 young (47104K), 4 survivors (4096K)
 Metaspace       used 66020K, committed 67776K, reserved 1114112K
  class space    used 9098K, committed 9984K, reserved 1048576K
}
Event: 4.096 GC heap after
{Heap after GC invocations=18 (full 0):
 garbage-first heap   total 142336K, used 82309K [0x0000000080000000, 0x0000000100000000)
  region size 1024K, 3 young (3072K), 3 survivors (3072K)
 Metaspace       used 66020K, committed 67776K, reserved 1114112K
  class space    used 9098K, committed 9984K, reserved 1048576K
}

Dll operation events (3 events):
Event: 0.005 Loaded shared library C:\Program Files\Android\Android Studio3\jbr\bin\java.dll
Event: 0.008 Loaded shared library C:\Program Files\Android\Android Studio3\jbr\bin\zip.dll
Event: 0.315 Loaded shared library C:\Program Files\Android\Android Studio3\jbr\bin\verify.dll

Deoptimization events (20 events):
Event: 4.046 Thread 0x0000028d70dc9e90 Uncommon trap: trap_request=0xffffffdc fr.pc=0x0000028d5d193df0 relative=0x00000000000002b0
Event: 4.046 Thread 0x0000028d70dc9e90 Uncommon trap: reason=class_check action=make_not_entrant pc=0x0000028d5d193df0 method=java.util.ArrayList.toArray([Ljava/lang/Object;)[Ljava/lang/Object; @ 21 c2
Event: 4.046 Thread 0x0000028d70dc9e90 DEOPT PACKING pc=0x0000028d5d193df0 sp=0x000000d2d26f8b30
Event: 4.046 Thread 0x0000028d70dc9e90 DEOPT UNPACKING pc=0x0000028d5c7346a2 sp=0x000000d2d26f8b00 mode 2
Event: 4.061 Thread 0x0000028d70dc9e90 Uncommon trap: trap_request=0xffffff45 fr.pc=0x0000028d5cff4470 relative=0x00000000000016b0
Event: 4.061 Thread 0x0000028d70dc9e90 Uncommon trap: reason=unstable_if action=reinterpret pc=0x0000028d5cff4470 method=java.util.concurrent.ConcurrentHashMap.computeIfAbsent(Ljava/lang/Object;Ljava/util/function/Function;)Ljava/lang/Object; @ 123 c2
Event: 4.061 Thread 0x0000028d70dc9e90 DEOPT PACKING pc=0x0000028d5cff4470 sp=0x000000d2d26f9400
Event: 4.061 Thread 0x0000028d70dc9e90 DEOPT UNPACKING pc=0x0000028d5c7346a2 sp=0x000000d2d26f93a0 mode 2
Event: 4.062 Thread 0x0000028d70dc9e90 Uncommon trap: trap_request=0xffffff45 fr.pc=0x0000028d5ced0714 relative=0x0000000000000374
Event: 4.062 Thread 0x0000028d70dc9e90 Uncommon trap: reason=unstable_if action=reinterpret pc=0x0000028d5ced0714 method=org.gradle.internal.reflect.PropertyAccessorType.isGetGetterName(Ljava/lang/String;)Z @ 14 c2
Event: 4.062 Thread 0x0000028d70dc9e90 DEOPT PACKING pc=0x0000028d5ced0714 sp=0x000000d2d26f8fb0
Event: 4.062 Thread 0x0000028d70dc9e90 DEOPT UNPACKING pc=0x0000028d5c7346a2 sp=0x000000d2d26f8f08 mode 2
Event: 4.074 Thread 0x0000028d70dc9e90 Uncommon trap: trap_request=0xffffffc6 fr.pc=0x0000028d5d079e40 relative=0x0000000000000260
Event: 4.074 Thread 0x0000028d70dc9e90 Uncommon trap: reason=bimorphic_or_optimized_type_check action=maybe_recompile pc=0x0000028d5d079e40 method=java.util.Spliterators$IteratorSpliterator.tryAdvance(Ljava/util/function/Consumer;)Z @ 50 c2
Event: 4.074 Thread 0x0000028d70dc9e90 DEOPT PACKING pc=0x0000028d5d079e40 sp=0x000000d2d26f9280
Event: 4.074 Thread 0x0000028d70dc9e90 DEOPT UNPACKING pc=0x0000028d5c7346a2 sp=0x000000d2d26f9220 mode 2
Event: 4.102 Thread 0x0000028d70dc9e90 Uncommon trap: trap_request=0xffffffc6 fr.pc=0x0000028d5d079e40 relative=0x0000000000000260
Event: 4.102 Thread 0x0000028d70dc9e90 Uncommon trap: reason=bimorphic_or_optimized_type_check action=maybe_recompile pc=0x0000028d5d079e40 method=java.util.Spliterators$IteratorSpliterator.tryAdvance(Ljava/util/function/Consumer;)Z @ 50 c2
Event: 4.102 Thread 0x0000028d70dc9e90 DEOPT PACKING pc=0x0000028d5d079e40 sp=0x000000d2d26f9280
Event: 4.102 Thread 0x0000028d70dc9e90 DEOPT UNPACKING pc=0x0000028d5c7346a2 sp=0x000000d2d26f9220 mode 2

Classes loaded (20 events):
Event: 3.975 Loading class java/util/IdentityHashMap$EntryIterator
Event: 3.975 Loading class java/util/IdentityHashMap$IdentityHashMapIterator
Event: 3.975 Loading class java/util/IdentityHashMap$IdentityHashMapIterator done
Event: 3.975 Loading class java/util/IdentityHashMap$EntryIterator done
Event: 3.975 Loading class java/util/IdentityHashMap$EntryIterator$Entry
Event: 3.976 Loading class java/util/IdentityHashMap$EntryIterator$Entry done
Event: 3.985 Loading class java/util/concurrent/RecursiveAction
Event: 3.985 Loading class java/util/concurrent/RecursiveAction done
Event: 3.997 Loading class java/lang/invoke/SerializedLambda$1
Event: 3.997 Loading class java/lang/invoke/SerializedLambda$1 done
Event: 4.005 Loading class org/xml/sax/Locator
Event: 4.005 Loading class org/xml/sax/Locator done
Event: 4.006 Loading class org/xml/sax/SAXParseException
Event: 4.006 Loading class org/xml/sax/SAXParseException done
Event: 4.006 Loading class org/xml/sax/Attributes
Event: 4.006 Loading class org/xml/sax/Attributes done
Event: 4.033 Loading class java/util/DualPivotQuicksort
Event: 4.033 Loading class java/util/DualPivotQuicksort done
Event: 4.060 Loading class java/util/function/LongUnaryOperator
Event: 4.060 Loading class java/util/function/LongUnaryOperator done

Classes unloaded (0 events):
No events

Classes redefined (0 events):
No events

Internal exceptions (20 events):
Event: 4.125 Thread 0x0000028d70dc9e90 Exception <a 'java/lang/ClassNotFoundException'{0x000000008bacc350}: build_7tw3ojoejcequ1obnjsfxmb1oBeanInfo> (0x000000008bacc350) 
thrown [s\src\hotspot\share\classfile\systemDictionary.cpp, line 312]
Event: 4.125 Thread 0x0000028d70dc9e90 Exception <a 'java/lang/ClassNotFoundException'{0x000000008bad6bf8}: org/gradle/api/internal/project/ProjectScriptBeanInfo> (0x000000008bad6bf8) 
thrown [s\src\hotspot\share\classfile\systemDictionary.cpp, line 312]
Event: 4.125 Thread 0x0000028d70dc9e90 Exception <a 'java/lang/ClassNotFoundException'{0x000000008bae1560}: org/gradle/api/internal/project/ProjectScriptCustomizer> (0x000000008bae1560) 
thrown [s\src\hotspot\share\classfile\systemDictionary.cpp, line 312]
Event: 4.125 Thread 0x0000028d70dc9e90 Exception <a 'java/lang/ClassNotFoundException'{0x000000008baf9788}: build_7tw3ojoejcequ1obnjsfxmb1oCustomizer> (0x000000008baf9788) 
thrown [s\src\hotspot\share\classfile\systemDictionary.cpp, line 312]
Event: 4.130 Thread 0x0000028d70dc9e90 Exception <a 'java/lang/ClassNotFoundException'{0x000000008b94cb78}: org/gradle/plugin/use/internal/PluginRequestCollector$PluginDependenciesSpecImplBeanInfo> (0x000000008b94cb78) 
thrown [s\src\hotspot\share\classfile\systemDictionary.cpp, line 312]
Event: 4.130 Thread 0x0000028d70dc9e90 Exception <a 'java/lang/ClassNotFoundException'{0x000000008b961728}: org/gradle/plugin/use/internal/PluginRequestCollector$PluginDependenciesSpecImplCustomizer> (0x000000008b961728) 
thrown [s\src\hotspot\share\classfile\systemDictionary.cpp, line 312]
Event: 4.132 Thread 0x0000028d70dc9e90 Exception <a 'java/lang/ClassNotFoundException'{0x000000008b9a4830}: org/gradle/accessors/dm/LibrariesForLibs_DecoratedBeanInfo> (0x000000008b9a4830) 
thrown [s\src\hotspot\share\classfile\systemDictionary.cpp, line 312]
Event: 4.132 Thread 0x0000028d70dc9e90 Exception <a 'java/lang/ClassNotFoundException'{0x000000008b9b5860}: org/gradle/accessors/dm/LibrariesForLibsBeanInfo> (0x000000008b9b5860) 
thrown [s\src\hotspot\share\classfile\systemDictionary.cpp, line 312]
Event: 4.132 Thread 0x0000028d70dc9e90 Exception <a 'java/lang/ClassNotFoundException'{0x000000008b9cad90}: org/gradle/api/internal/catalog/AbstractExternalDependencyFactoryBeanInfo> (0x000000008b9cad90) 
thrown [s\src\hotspot\share\classfile\systemDictionary.cpp, line 312]
Event: 4.133 Thread 0x0000028d70dc9e90 Exception <a 'java/lang/ClassNotFoundException'{0x000000008b9e02f0}: org/gradle/api/internal/catalog/AbstractExternalDependencyFactoryCustomizer> (0x000000008b9e02f0) 
thrown [s\src\hotspot\share\classfile\systemDictionary.cpp, line 312]
Event: 4.133 Thread 0x0000028d70dc9e90 Exception <a 'java/lang/ClassNotFoundException'{0x000000008b9f3dc0}: org/gradle/accessors/dm/LibrariesForLibsCustomizer> (0x000000008b9f3dc0) 
thrown [s\src\hotspot\share\classfile\systemDictionary.cpp, line 312]
Event: 4.133 Thread 0x0000028d70dc9e90 Exception <a 'java/lang/ClassNotFoundException'{0x000000008b816608}: org/gradle/accessors/dm/LibrariesForLibs_DecoratedCustomizer> (0x000000008b816608) 
thrown [s\src\hotspot\share\classfile\systemDictionary.cpp, line 312]
Event: 4.135 Thread 0x0000028d70dc9e90 Exception <a 'java/lang/ClassNotFoundException'{0x000000008b863530}: org/gradle/accessors/dm/LibrariesForLibs$PluginAccessorsBeanInfo> (0x000000008b863530) 
thrown [s\src\hotspot\share\classfile\systemDictionary.cpp, line 312]
Event: 4.135 Thread 0x0000028d70dc9e90 Exception <a 'java/lang/ClassNotFoundException'{0x000000008b879038}: org/gradle/api/internal/catalog/AbstractExternalDependencyFactory$PluginFactoryBeanInfo> (0x000000008b879038) 
thrown [s\src\hotspot\share\classfile\systemDictionary.cpp, line 312]
Event: 4.135 Thread 0x0000028d70dc9e90 Exception <a 'java/lang/ClassNotFoundException'{0x000000008b88ee20}: org/gradle/api/internal/catalog/AbstractExternalDependencyFactory$PluginFactoryCustomizer> (0x000000008b88ee20) 
thrown [s\src\hotspot\share\classfile\systemDictionary.cpp, line 312]
Event: 4.135 Thread 0x0000028d70dc9e90 Exception <a 'java/lang/ClassNotFoundException'{0x000000008b8a1aa8}: org/gradle/accessors/dm/LibrariesForLibs$PluginAccessorsCustomizer> (0x000000008b8a1aa8) 
thrown [s\src\hotspot\share\classfile\systemDictionary.cpp, line 312]
Event: 4.136 Thread 0x0000028d70dc9e90 Exception <a 'java/lang/ClassNotFoundException'{0x000000008b8c3ed8}: org/gradle/accessors/dm/LibrariesForLibs$AndroidPluginAccessorsBeanInfo> (0x000000008b8c3ed8) 
thrown [s\src\hotspot\share\classfile\systemDictionary.cpp, line 312]
Event: 4.137 Thread 0x0000028d70dc9e90 Exception <a 'java/lang/ClassNotFoundException'{0x000000008b8d5518}: org/gradle/accessors/dm/LibrariesForLibs$AndroidPluginAccessorsCustomizer> (0x000000008b8d5518) 
thrown [s\src\hotspot\share\classfile\systemDictionary.cpp, line 312]
Event: 4.140 Thread 0x0000028d70dc9e90 Exception <a 'java/lang/IncompatibleClassChangeError'{0x000000008b744ae8}: Found class java.lang.Object, but interface was expected> (0x000000008b744ae8) 
thrown [s\src\hotspot\share\interpreter\linkResolver.cpp, line 851]
Event: 4.141 Thread 0x0000028d70dc9e90 Exception <a 'java/lang/NoSuchMethodError'{0x000000008b773b28}: static Lorg/gradle/api/internal/catalog/DefaultVersionCatalog;.<clinit>()V> (0x000000008b773b28) 
thrown [s\src\hotspot\share\prims\jni.cpp, line 1126]

ZGC Phase Switch (0 events):
No events

VM Operations (20 events):
Event: 3.671 Executing VM operation: ICBufferFull done
Event: 3.778 Executing VM operation: G1CollectForAllocation (G1 Evacuation Pause)
Event: 3.781 Executing VM operation: G1CollectForAllocation (G1 Evacuation Pause) done
Event: 3.814 Executing VM operation: HandshakeAllThreads (Deoptimize)
Event: 3.814 Executing VM operation: HandshakeAllThreads (Deoptimize) done
Event: 3.836 Executing VM operation: HandshakeAllThreads (Deoptimize)
Event: 3.836 Executing VM operation: HandshakeAllThreads (Deoptimize) done
Event: 3.858 Executing VM operation: HandshakeAllThreads (Deoptimize)
Event: 3.858 Executing VM operation: HandshakeAllThreads (Deoptimize) done
Event: 3.866 Executing VM operation: ICBufferFull
Event: 3.866 Executing VM operation: ICBufferFull done
Event: 3.916 Executing VM operation: HandshakeAllThreads (Deoptimize)
Event: 3.916 Executing VM operation: HandshakeAllThreads (Deoptimize) done
Event: 3.982 Executing VM operation: HandshakeAllThreads (Deoptimize)
Event: 3.982 Executing VM operation: HandshakeAllThreads (Deoptimize) done
Event: 4.093 Executing VM operation: G1CollectForAllocation (G1 Evacuation Pause)
Event: 4.096 Executing VM operation: G1CollectForAllocation (G1 Evacuation Pause) done
Event: 4.143 Executing VM operation: HandshakeAllThreads (Deoptimize)
Event: 4.143 Executing VM operation: HandshakeAllThreads (Deoptimize) done
Event: 5.153 Executing VM operation: Cleanup

Events (20 events):
Event: 3.491 Thread 0x0000028d69c75030 flushing nmethod 0x0000028d5cf4e910
Event: 3.491 Thread 0x0000028d69c75030 flushing nmethod 0x0000028d5d004910
Event: 3.491 Thread 0x0000028d69c75030 flushing nmethod 0x0000028d5d05a410
Event: 3.491 Thread 0x0000028d69c75030 flushing nmethod 0x0000028d5d002410
Event: 3.491 Thread 0x0000028d69c75030 flushing nmethod 0x0000028d5d015b90
Event: 3.491 Thread 0x0000028d69c75030 flushing nmethod 0x0000028d5cfef690
Event: 3.491 Thread 0x0000028d69c75030 flushing nmethod 0x0000028d5d013110
Event: 3.491 Thread 0x0000028d69c75030 flushing nmethod 0x0000028d5ce95090
Event: 3.491 Thread 0x0000028d69c75030 flushing nmethod 0x0000028d5cf11e90
Event: 3.491 Thread 0x0000028d69c75030 flushing nmethod 0x0000028d5ceda490
Event: 3.491 Thread 0x0000028d69c75030 flushing nmethod 0x0000028d5ceb6210
Event: 3.491 Thread 0x0000028d69c75030 flushing nmethod 0x0000028d5cee1110
Event: 3.491 Thread 0x0000028d69c75030 flushing nmethod 0x0000028d5ce9ee10
Event: 3.491 Thread 0x0000028d69c75030 flushing nmethod 0x0000028d5cec8f90
Event: 3.491 Thread 0x0000028d69c75030 flushing nmethod 0x0000028d5cebcf90
Event: 3.491 Thread 0x0000028d69c75030 flushing nmethod 0x0000028d5ceca910
Event: 3.491 Thread 0x0000028d69c75030 flushing nmethod 0x0000028d5ce30a10
Event: 3.494 Thread 0x0000028d74e06440 Thread exited: 0x0000028d74e06440
Event: 5.000 Thread 0x0000028d6ab74fc0 Thread exited: 0x0000028d6ab74fc0
Event: 5.000 Thread 0x0000028d6ab74910 Thread exited: 0x0000028d6ab74910


Dynamic libraries:
0x00007ff7253d0000 - 0x00007ff7253da000 	C:\Program Files\Android\Android Studio3\jbr\bin\java.exe
0x00007ffc7fa60000 - 0x00007ffc7fcc3000 	C:\WINDOWS\SYSTEM32\ntdll.dll
0x00007ffc7edb0000 - 0x00007ffc7ee78000 	C:\WINDOWS\System32\KERNEL32.DLL
0x00007ffc7cfc0000 - 0x00007ffc7d372000 	C:\WINDOWS\System32\KERNELBASE.dll
0x00007ffc7d5f0000 - 0x00007ffc7d73b000 	C:\WINDOWS\System32\ucrtbase.dll
0x00007ffc74de0000 - 0x00007ffc74dfb000 	C:\Program Files\Android\Android Studio3\jbr\bin\VCRUNTIME140.dll
0x00007ffc66d50000 - 0x00007ffc66d68000 	C:\Program Files\Android\Android Studio3\jbr\bin\jli.dll
0x00007ffc7f480000 - 0x00007ffc7f648000 	C:\WINDOWS\System32\USER32.dll
0x00007ffc7cf90000 - 0x00007ffc7cfb7000 	C:\WINDOWS\System32\win32u.dll
0x00007ffc621e0000 - 0x00007ffc62470000 	C:\WINDOWS\WinSxS\amd64_microsoft.windows.common-controls_6595b64144ccf1df_6.0.26100.2454_none_3e0b68a2e331ad60\COMCTL32.dll
0x00007ffc7e870000 - 0x00007ffc7e89a000 	C:\WINDOWS\System32\GDI32.dll
0x00007ffc7f870000 - 0x00007ffc7f919000 	C:\WINDOWS\System32\msvcrt.dll
0x00007ffc7d4c0000 - 0x00007ffc7d5eb000 	C:\WINDOWS\System32\gdi32full.dll
0x00007ffc7d380000 - 0x00007ffc7d423000 	C:\WINDOWS\System32\msvcp_win.dll
0x00007ffc7f440000 - 0x00007ffc7f46f000 	C:\WINDOWS\System32\IMM32.DLL
0x00007ffc74e50000 - 0x00007ffc74e5c000 	C:\Program Files\Android\Android Studio3\jbr\bin\vcruntime140_1.dll
0x00007ffc3cdb0000 - 0x00007ffc3ce3d000 	C:\Program Files\Android\Android Studio3\jbr\bin\msvcp140.dll
0x00007ffbd94c0000 - 0x00007ffbda13d000 	C:\Program Files\Android\Android Studio3\jbr\bin\server\jvm.dll
0x00007ffc7eae0000 - 0x00007ffc7eb94000 	C:\WINDOWS\System32\ADVAPI32.dll
0x00007ffc7ed00000 - 0x00007ffc7eda6000 	C:\WINDOWS\System32\sechost.dll
0x00007ffc7ee80000 - 0x00007ffc7ef96000 	C:\WINDOWS\System32\RPCRT4.dll
0x00007ffc7ea60000 - 0x00007ffc7ead4000 	C:\WINDOWS\System32\WS2_32.dll
0x00007ffc759b0000 - 0x00007ffc759e6000 	C:\WINDOWS\SYSTEM32\WINMM.dll
0x00007ffc7baa0000 - 0x00007ffc7baee000 	C:\WINDOWS\SYSTEM32\POWRPROF.dll
0x00007ffc72540000 - 0x00007ffc7254b000 	C:\WINDOWS\SYSTEM32\VERSION.dll
0x00007ffc7ba80000 - 0x00007ffc7ba94000 	C:\WINDOWS\SYSTEM32\UMPDC.dll
0x00007ffc7bd40000 - 0x00007ffc7bd5a000 	C:\WINDOWS\SYSTEM32\kernel.appcore.dll
0x00007ffc74dd0000 - 0x00007ffc74dda000 	C:\Program Files\Android\Android Studio3\jbr\bin\jimage.dll
0x00007ffc7a630000 - 0x00007ffc7a871000 	C:\WINDOWS\SYSTEM32\DBGHELP.DLL
0x00007ffc7dce0000 - 0x00007ffc7e05e000 	C:\WINDOWS\System32\combase.dll
0x00007ffc7e080000 - 0x00007ffc7e156000 	C:\WINDOWS\System32\OLEAUT32.dll
0x00007ffc6e210000 - 0x00007ffc6e249000 	C:\WINDOWS\SYSTEM32\dbgcore.DLL
0x00007ffc7ce30000 - 0x00007ffc7cec9000 	C:\WINDOWS\System32\bcryptPrimitives.dll
0x00007ffc742d0000 - 0x00007ffc742de000 	C:\Program Files\Android\Android Studio3\jbr\bin\instrument.dll
0x00007ffc74db0000 - 0x00007ffc74dcf000 	C:\Program Files\Android\Android Studio3\jbr\bin\java.dll
0x00007ffc74d90000 - 0x00007ffc74da8000 	C:\Program Files\Android\Android Studio3\jbr\bin\zip.dll
0x00007ffc7e160000 - 0x00007ffc7e861000 	C:\WINDOWS\System32\SHELL32.dll
0x00007ffc7ab20000 - 0x00007ffc7b351000 	C:\WINDOWS\SYSTEM32\windows.storage.dll
0x00007ffc7f650000 - 0x00007ffc7f72a000 	C:\WINDOWS\System32\SHCORE.dll
0x00007ffc7f790000 - 0x00007ffc7f7ed000 	C:\WINDOWS\System32\shlwapi.dll
0x00007ffc7cd40000 - 0x00007ffc7cd6e000 	C:\WINDOWS\SYSTEM32\profapi.dll
0x00007ffc74d80000 - 0x00007ffc74d90000 	C:\Program Files\Android\Android Studio3\jbr\bin\net.dll
0x00007ffc749e0000 - 0x00007ffc74b06000 	C:\WINDOWS\SYSTEM32\WINHTTP.dll
0x00007ffc7c220000 - 0x00007ffc7c288000 	C:\WINDOWS\system32\mswsock.dll
0x00007ffc746b0000 - 0x00007ffc746c6000 	C:\Program Files\Android\Android Studio3\jbr\bin\nio.dll
0x00007ffc716f0000 - 0x00007ffc71700000 	C:\Program Files\Android\Android Studio3\jbr\bin\verify.dll
0x00007ffc70680000 - 0x00007ffc706a7000 	C:\Users\PC\.gradle\native\c067742578af261105cb4f569cf0c3c89f3d7b1fecec35dd04571415982c5e48\windows-amd64\native-platform.dll
0x00007ffc37bf0000 - 0x00007ffc37d34000 	C:\Users\PC\.gradle\native\100fb08df4bc3b14c8652ba06237920a3bd2aa13389f12d3474272988ae205f9\windows-amd64\native-platform-file-events.dll
0x00007ffc74d40000 - 0x00007ffc74d49000 	C:\Program Files\Android\Android Studio3\jbr\bin\management.dll
0x00007ffc718f0000 - 0x00007ffc718fb000 	C:\Program Files\Android\Android Studio3\jbr\bin\management_ext.dll
0x00007ffc7efa0000 - 0x00007ffc7efa8000 	C:\WINDOWS\System32\PSAPI.DLL
0x00007ffc7c560000 - 0x00007ffc7c57c000 	C:\WINDOWS\SYSTEM32\CRYPTSP.dll
0x00007ffc7bca0000 - 0x00007ffc7bcd8000 	C:\WINDOWS\system32\rsaenh.dll
0x00007ffc7c2c0000 - 0x00007ffc7c2eb000 	C:\WINDOWS\SYSTEM32\USERENV.dll
0x00007ffc7c6f0000 - 0x00007ffc7c716000 	C:\WINDOWS\SYSTEM32\bcrypt.dll
0x00007ffc7c450000 - 0x00007ffc7c45c000 	C:\WINDOWS\SYSTEM32\CRYPTBASE.dll
0x00007ffc7b730000 - 0x00007ffc7b762000 	C:\WINDOWS\SYSTEM32\IPHLPAPI.DLL
0x00007ffc7e070000 - 0x00007ffc7e07a000 	C:\WINDOWS\System32\NSI.dll
0x00007ffc74d70000 - 0x00007ffc74d79000 	C:\Program Files\Android\Android Studio3\jbr\bin\extnet.dll
0x00007ffc2de90000 - 0x00007ffc2de98000 	C:\WINDOWS\system32\wshunix.dll

dbghelp: loaded successfully - version: 4.0.5 - missing functions: none
symbol engine: initialized successfully - sym options: 0x614 - pdb path: .;C:\Program Files\Android\Android Studio3\jbr\bin;C:\WINDOWS\SYSTEM32;C:\WINDOWS\WinSxS\amd64_microsoft.windows.common-controls_6595b64144ccf1df_6.0.26100.2454_none_3e0b68a2e331ad60;C:\Program Files\Android\Android Studio3\jbr\bin\server;C:\Users\PC\.gradle\native\c067742578af261105cb4f569cf0c3c89f3d7b1fecec35dd04571415982c5e48\windows-amd64;C:\Users\PC\.gradle\native\100fb08df4bc3b14c8652ba06237920a3bd2aa13389f12d3474272988ae205f9\windows-amd64

VM Arguments:
jvm_args: --add-opens=java.base/java.util=ALL-UNNAMED --add-opens=java.base/java.lang=ALL-UNNAMED --add-opens=java.base/java.lang.invoke=ALL-UNNAMED --add-opens=java.prefs/java.util.prefs=ALL-UNNAMED --add-exports=jdk.compiler/com.sun.tools.javac.api=ALL-UNNAMED --add-exports=jdk.compiler/com.sun.tools.javac.util=ALL-UNNAMED --add-opens=java.base/java.nio.charset=ALL-UNNAMED --add-opens=java.base/java.net=ALL-UNNAMED --add-opens=java.base/java.util.concurrent.atomic=ALL-UNNAMED -Xmx2048m -Dfile.encoding=UTF-8 -Duser.country=US -Duser.language=en -Duser.variant -javaagent:C:\Users\PC\.gradle\wrapper\dists\gradle-8.9-bin\90cnw93cvbtalezasaz0blq0a\gradle-8.9\lib\agents\gradle-instrumentation-agent-8.9.jar 
java_command: org.gradle.launcher.daemon.bootstrap.GradleDaemon 8.9
java_class_path (initial): C:\Users\PC\.gradle\wrapper\dists\gradle-8.9-bin\90cnw93cvbtalezasaz0blq0a\gradle-8.9\lib\gradle-daemon-main-8.9.jar
Launcher Type: SUN_STANDARD

[Global flags]
     intx CICompilerCount                          = 12                                        {product} {ergonomic}
     uint ConcGCThreads                            = 4                                         {product} {ergonomic}
     uint G1ConcRefinementThreads                  = 15                                        {product} {ergonomic}
   size_t G1HeapRegionSize                         = 1048576                                   {product} {ergonomic}
    uintx GCDrainStackTargetSize                   = 64                                        {product} {ergonomic}
   size_t InitialHeapSize                          = 264241152                                 {product} {ergonomic}
   size_t MarkStackSize                            = 4194304                                   {product} {ergonomic}
   size_t MaxHeapSize                              = 2147483648                                {product} {command line}
   size_t MaxNewSize                               = 1287651328                                {product} {ergonomic}
   size_t MinHeapDeltaBytes                        = 1048576                                   {product} {ergonomic}
   size_t MinHeapSize                              = 8388608                                   {product} {ergonomic}
    uintx NonNMethodCodeHeapSize                   = 7602480                                {pd product} {ergonomic}
    uintx NonProfiledCodeHeapSize                  = 122027880                              {pd product} {ergonomic}
    uintx ProfiledCodeHeapSize                     = 122027880                              {pd product} {ergonomic}
    uintx ReservedCodeCacheSize                    = 251658240                              {pd product} {ergonomic}
     bool SegmentedCodeCache                       = true                                      {product} {ergonomic}
   size_t SoftMaxHeapSize                          = 2147483648                             {manageable} {ergonomic}
     bool UseCompressedOops                        = true                           {product lp64_product} {ergonomic}
     bool UseG1GC                                  = true                                      {product} {ergonomic}
     bool UseLargePagesIndividualAllocation        = false                                  {pd product} {ergonomic}

Logging:
Log output configuration:
 #0: stdout all=warning uptime,level,tags foldmultilines=false
 #1: stderr all=off uptime,level,tags foldmultilines=false

Environment Variables:
CLASSPATH=.;C:\Program Files (x86)\QuickTime\QTSystem\QTJava.zip
PATH=C:\Program Files\Common Files\Oracle\Java\javapath;C:\Program Files (x86)\Common Files\Intel\Shared Libraries\redist\intel64\compiler;C:\WINDOWS\system32;C:\WINDOWS;C:\WINDOWS\System32\Wbem;C:\WINDOWS\System32\WindowsPowerShell\v1.0\;C:\WINDOWS\System32\OpenSSH\;C:\Program Files (x86)\NVIDIA Corporation\PhysX\Common;C:\Program Files\NVIDIA Corporation\NVIDIA NvDLISR;C:\Program Files\Git\cmd;C:\Program Files\Microsoft SQL Server\150\Tools\Binn\;C:\Program Files (x86)\QuickTime\QTSystem\;C:\Program Files (x86)\Windows Kits\10\Windows Performance Toolkit\;C:\Users\PC\AppData\Local\Programs\Python\Python313;C:\Users\PC\AppData\Local\Programs\Python\Python313\Scripts;C:\Users\PC\AppData\Local\Programs\Python\Python313\Scripts\;C:\Users\PC\AppData\Local\Programs\Python\Python313\;C:\Users\PC\AppData\Local\Microsoft\WindowsApps;C:\Users\PC\AppData\Local\Android\Sdk\platform-tools;
USERNAME=PC
OS=Windows_NT
PROCESSOR_IDENTIFIER=Intel64 Family 6 Model 154 Stepping 3, GenuineIntel
TMP=C:\Users\PC\AppData\Local\Temp
TEMP=C:\Users\PC\AppData\Local\Temp




Periodic native trim disabled

JNI global refs:
JNI global refs: 34, weak refs: 1

JNI global refs memory usage: 835, weak refs: 833

Process memory usage:
Resident Set Size: 394948K (2% of 16454388K total physical memory with 2032712K free physical memory)

OOME stack traces (most recent first):
Classloader memory used:
Loader org.gradle.internal.classloader.VisitableURLClassLoader                         : 31538K
Loader bootstrap                                                                       : 22952K
Loader org.gradle.initialization.MixInLegacyTypesClassLoader                           : 9247K
Loader org.gradle.internal.classloader.VisitableURLClassLoader                         : 849K
Loader org.gradle.internal.classloader.VisitableURLClassLoader$InstrumentingVisitableURLClassLoader: 689K
Loader jdk.internal.loader.ClassLoaders$PlatformClassLoader                            : 501K
Loader jdk.internal.reflect.DelegatingClassLoader                                      : 264K
Loader jdk.internal.loader.ClassLoaders$AppClassLoader                                 : 230K
Loader org.gradle.groovy.scripts.internal.DefaultScriptCompilationHandler$ScriptClassLoader: 163K
Loader org.codehaus.groovy.runtime.callsite.CallSiteClassLoader                        : 56208B

Classes loaded by more than one classloader:
Class org.gradle.api.GradleException                                                  : loaded 3 times (x 79B)
Class org.gradle.internal.classloader.ClassLoaderHierarchy                            : loaded 2 times (x 67B)
Class org.gradle.api.internal.classpath.ManifestUtil                                  : loaded 2 times (x 68B)
Class org.jetbrains.plugins.gradle.model.GradleExtensions                             : loaded 2 times (x 67B)
Class org.jetbrains.plugins.gradle.model.AnnotationProcessingModel                    : loaded 2 times (x 67B)
Class org.gradle.internal.operations.MultipleBuildOperationFailures                   : loaded 2 times (x 92B)
Class org.jetbrains.kotlin.idea.gradleTooling.model.noarg.NoArgModel                  : loaded 2 times (x 67B)
Class org.gradle.internal.classloader.DefaultClassLoaderFactory                       : loaded 2 times (x 79B)
Class kotlin.collections.AbstractList$Companion                                       : loaded 2 times (x 68B)
Class org.gradle.internal.classloader.ClassLoaderVisitor                              : loaded 2 times (x 73B)
Class org.gradle.api.internal.classpath.EffectiveClassPath                            : loaded 2 times (x 87B)
Class org.gradle.tooling.internal.gradle.DefaultProjectIdentifier                     : loaded 2 times (x 83B)
Class org.jetbrains.kotlin.idea.gradleTooling.model.allopen.AllOpenModel              : loaded 2 times (x 67B)
Class org.gradle.api.internal.DefaultClassPathProvider                                : loaded 2 times (x 73B)
Class [Lorg.gradle.api.internal.ClassPathProvider;                                    : loaded 2 times (x 66B)
Class org.gradle.api.internal.ClassPathProvider                                       : loaded 2 times (x 67B)
Class settings_66attmhv5m9d63s8m78qcx3pd$_run_closure1$_closure2                      : loaded 2 times (x 136B)
Class org.gradle.internal.service.UnknownServiceException                             : loaded 2 times (x 80B)
Class org.jetbrains.kotlin.idea.gradleTooling.KotlinDslScriptAdditionalTask           : loaded 2 times (x 67B)
Class org.gradle.internal.classpath.TransformedClassPath                              : loaded 2 times (x 93B)
Class kotlin.enums.EnumEntriesList                                                    : loaded 2 times (x 220B)
Class org.jetbrains.plugins.gradle.model.IntelliJSettings                             : loaded 2 times (x 67B)
Class org.jetbrains.kotlin.idea.gradleTooling.KotlinSourceSetContainer                : loaded 2 times (x 67B)
Class org.gradle.internal.service.ServiceLocator                                      : loaded 2 times (x 67B)
Class org.jetbrains.kotlin.android.synthetic.idea.AndroidExtensionsGradleModel        : loaded 2 times (x 67B)
Class org.gradle.tooling.model.UnsupportedMethodException                             : loaded 2 times (x 79B)
Class org.gradle.internal.InternalTransformer                                         : loaded 2 times (x 67B)
Class org.gradle.internal.time.DefaultTimer                                           : loaded 2 times (x 77B)
Class org.gradle.internal.classloader.ClasspathUtil$1                                 : loaded 2 times (x 73B)
Class org.gradle.api.internal.classpath.DefaultModuleRegistry$DefaultModule           : loaded 2 times (x 83B)
Class org.jetbrains.kotlin.idea.gradleTooling.model.lombok.LombokModel                : loaded 2 times (x 67B)
Class org.gradle.internal.time.DefaultCountdownTimer                                  : loaded 2 times (x 85B)
Class org.gradle.tooling.internal.gradle.DefaultBuildIdentifier                       : loaded 2 times (x 76B)
Class kotlin.Function                                                                 : loaded 2 times (x 67B)
Class org.gradle.api.internal.classpath.Module                                        : loaded 2 times (x 67B)
Class org.gradle.api.internal.classpath.UnknownModuleException                        : loaded 2 times (x 79B)
Class com.intellij.openapi.externalSystem.model.project.dependencies.ProjectDependencies: loaded 2 times (x 67B)
Class org.gradle.tooling.internal.gradle.GradleProjectIdentity                        : loaded 2 times (x 67B)
Class org.gradle.api.internal.DefaultClassPathRegistry                                : loaded 2 times (x 73B)
Class org.gradle.api.internal.ClassPathRegistry                                       : loaded 2 times (x 67B)
Class org.gradle.internal.classpath.DefaultClassPath$ImmutableUniqueList              : loaded 2 times (x 196B)
Class org.gradle.internal.classpath.ClassPath                                         : loaded 2 times (x 67B)
Class org.gradle.api.UncheckedIOException                                             : loaded 2 times (x 79B)
Class org.jetbrains.kotlin.idea.gradleTooling.KotlinGradleModel                       : loaded 2 times (x 67B)
Class org.gradle.tooling.model.Model                                                  : loaded 2 times (x 67B)
Class kotlin.UninitializedPropertyAccessException                                     : loaded 2 times (x 79B)
Class settings_66attmhv5m9d63s8m78qcx3pd$_run_closure1                                : loaded 2 times (x 136B)
Class org.jetbrains.plugins.gradle.model.IntelliJProjectSettings                      : loaded 2 times (x 67B)
Class org.jetbrains.kotlin.idea.gradleTooling.model.annotation.AnnotationBasedPluginModel: loaded 2 times (x 67B)
Class org.gradle.internal.installation.GradleInstallation$1                           : loaded 2 times (x 72B)
Class org.gradle.api.internal.classpath.ModuleRegistry                                : loaded 2 times (x 67B)
Class org.jetbrains.plugins.gradle.model.VersionCatalogsModel                         : loaded 2 times (x 67B)
Class org.gradle.api.internal.classpath.DefaultModuleRegistry                         : loaded 2 times (x 80B)
Class settings_66attmhv5m9d63s8m78qcx3pd                                              : loaded 2 times (x 176B)
Class ijInit1_cqzjck0xqbp6zwuqljevsuky4                                               : loaded 2 times (x 176B)
Class org.gradle.internal.time.MonotonicClock                                         : loaded 2 times (x 74B)
Class org.gradle.internal.service.ServiceLookupException                              : loaded 2 times (x 79B)
Class org.gradle.internal.classloader.ClassLoaderFactory                              : loaded 2 times (x 67B)
Class org.gradle.internal.service.CachingServiceLocator                               : loaded 2 times (x 79B)
Class org.jetbrains.plugins.gradle.model.RepositoryModels                             : loaded 2 times (x 67B)
Class org.gradle.internal.time.TimeSource                                             : loaded 2 times (x 67B)
Class org.gradle.tooling.internal.gradle.GradleBuildIdentity                          : loaded 2 times (x 67B)
Class kotlin.enums.EnumEntries                                                        : loaded 2 times (x 67B)
Class org.gradle.internal.exceptions.ResolutionProvider                               : loaded 2 times (x 67B)
Class org.gradle.tooling.model.ProjectIdentifier                                      : loaded 2 times (x 67B)
Class org.gradle.internal.classloader.ClasspathUtil                                   : loaded 2 times (x 68B)
Class org.gradle.internal.time.TimeSource$1                                           : loaded 2 times (x 74B)
Class kotlin.jvm.internal.DefaultConstructorMarker                                    : loaded 2 times (x 68B)
Class org.gradle.api.specs.Spec                                                       : loaded 2 times (x 67B)
Class org.gradle.internal.time.Clock                                                  : loaded 2 times (x 67B)
Class org.jetbrains.plugins.gradle.model.jar.JarTaskManifestConfiguration             : loaded 2 times (x 67B)
Class kotlin.collections.AbstractList                                                 : loaded 2 times (x 194B)
Class kotlin.collections.AbstractCollection                                           : loaded 2 times (x 114B)
Class org.gradle.internal.classloader.VisitableURLClassLoader$InstrumentingVisitableURLClassLoader: loaded 2 times (x 120B)
Class org.gradle.internal.classloader.VisitableURLClassLoader$Spec                    : loaded 2 times (x 71B)
Class org.gradle.internal.classpath.DefaultClassPath                                  : loaded 2 times (x 87B)
Class org.gradle.internal.classloader.ClassLoaderSpec                                 : loaded 2 times (x 68B)
Class org.gradle.internal.classloader.VisitableURLClassLoader                         : loaded 2 times (x 114B)
Class org.gradle.internal.Cast                                                        : loaded 2 times (x 68B)
Class org.gradle.api.Action                                                           : loaded 2 times (x 67B)
Class kotlin.jvm.functions.Function1                                                  : loaded 2 times (x 67B)
Class org.gradle.internal.agents.InstrumentingClassLoader                             : loaded 2 times (x 67B)
Class org.gradle.internal.classpath.DefaultClassPath$ImmutableUniqueList$Builder      : loaded 2 times (x 72B)
Class org.jetbrains.kotlin.idea.gradleTooling.model.samWithReceiver.SamWithReceiverModel: loaded 2 times (x 67B)
Class org.gradle.internal.classloader.FilteringClassLoader                            : loaded 2 times (x 102B)
Class org.gradle.internal.exceptions.NonGradleCauseExceptionsHolder                   : loaded 2 times (x 67B)
Class org.jetbrains.kotlin.idea.gradleTooling.model.assignment.AssignmentModel        : loaded 2 times (x 67B)
Class kotlin.enums.EnumEntriesKt                                                      : loaded 2 times (x 68B)
Class org.gradle.internal.IoActions                                                   : loaded 2 times (x 68B)
Class org.gradle.internal.classloader.SystemClassLoaderSpec                           : loaded 2 times (x 68B)
Class org.gradle.internal.exceptions.MultiCauseException                              : loaded 2 times (x 67B)
Class org.gradle.internal.time.CountdownTimer                                         : loaded 2 times (x 67B)
Class kotlin.jvm.internal.Intrinsics                                                  : loaded 2 times (x 68B)
Class org.jetbrains.kotlin.idea.gradleTooling.model.parcelize.ParcelizeGradleModel    : loaded 2 times (x 67B)
Class org.gradle.tooling.model.ProjectModel                                           : loaded 2 times (x 67B)
Class kotlin.KotlinNullPointerException                                               : loaded 2 times (x 80B)
Class org.jetbrains.plugins.gradle.model.tests.ExternalTestsModel                     : loaded 2 times (x 67B)
Class org.gradle.internal.exceptions.DefaultMultiCauseException                       : loaded 2 times (x 92B)
Class sync_studio_tooling2689_9j738y6f781xublw5m7ib52ui                               : loaded 2 times (x 176B)
Class org.gradle.internal.time.Time                                                   : loaded 2 times (x 68B)
Class org.jetbrains.plugins.gradle.model.DependencyAccessorsModel                     : loaded 2 times (x 67B)
Class org.jetbrains.kotlin.idea.gradleTooling.KotlinMPPGradleModel                    : loaded 2 times (x 67B)
Class org.gradle.tooling.model.BuildIdentifier                                        : loaded 2 times (x 67B)
Class org.jetbrains.kotlin.idea.gradleTooling.PrepareKotlinIdeImportTaskModel         : loaded 2 times (x 67B)
Class org.gradle.internal.time.Timer                                                  : loaded 2 times (x 67B)
Class kotlin.jvm.internal.markers.KMappedMarker                                       : loaded 2 times (x 67B)
Class org.gradle.internal.installation.CurrentGradleInstallationLocator               : loaded 2 times (x 68B)
Class org.gradle.internal.service.DefaultServiceLocator                               : loaded 2 times (x 80B)
Class org.gradle.util.GradleVersion                                                   : loaded 2 times (x 80B)
Class org.gradle.internal.installation.CurrentGradleInstallation                      : loaded 2 times (x 70B)
Class org.gradle.util.internal.GUtil                                                  : loaded 2 times (x 68B)
Class org.gradle.internal.installation.GradleInstallation                             : loaded 2 times (x 72B)

---------------  S Y S T E M  ---------------

OS:
 Windows 11 , 64 bit Build 26100 (10.0.26100.2454)
OS uptime: 4 days 12:03 hours
Hyper-V role detected

CPU: total 20 (initial active 20) (10 cores per cpu, 2 threads per core) family 6 model 154 stepping 3 microcode 0x435, cx8, cmov, fxsr, ht, mmx, 3dnowpref, sse, sse2, sse3, ssse3, sse4.1, sse4.2, popcnt, lzcnt, tsc, tscinvbit, avx, avx2, aes, erms, clmul, bmi1, bmi2, adx, sha, fma, vzeroupper, clflush, clflushopt, clwb, hv, serialize, rdtscp, rdpid, fsrm, f16c, cet_ibt, cet_ss
Processor Information for processor 0
  Max Mhz: 2300, Current Mhz: 2300, Mhz Limit: 2300
Processor Information for processor 1
  Max Mhz: 2300, Current Mhz: 2300, Mhz Limit: 2300
Processor Information for processor 2
  Max Mhz: 2300, Current Mhz: 2300, Mhz Limit: 2300
Processor Information for processor 3
  Max Mhz: 2300, Current Mhz: 2300, Mhz Limit: 2300
Processor Information for processor 4
  Max Mhz: 2300, Current Mhz: 2300, Mhz Limit: 2300
Processor Information for processor 5
  Max Mhz: 2300, Current Mhz: 2300, Mhz Limit: 2300
Processor Information for processor 6
  Max Mhz: 2300, Current Mhz: 1506, Mhz Limit: 2300
Processor Information for processor 7
  Max Mhz: 2300, Current Mhz: 2300, Mhz Limit: 2300
Processor Information for processor 8
  Max Mhz: 2300, Current Mhz: 1506, Mhz Limit: 2300
Processor Information for processor 9
  Max Mhz: 2300, Current Mhz: 2300, Mhz Limit: 2300
Processor Information for processor 10
  Max Mhz: 2300, Current Mhz: 2300, Mhz Limit: 2300
Processor Information for processor 11
  Max Mhz: 2300, Current Mhz: 2300, Mhz Limit: 2300
Processor Information for processor 12
  Max Mhz: 2300, Current Mhz: 2300, Mhz Limit: 2300
Processor Information for processor 13
  Max Mhz: 2300, Current Mhz: 2300, Mhz Limit: 2300
Processor Information for processor 14
  Max Mhz: 2300, Current Mhz: 2300, Mhz Limit: 2300
Processor Information for processor 15
  Max Mhz: 2300, Current Mhz: 2300, Mhz Limit: 2300
Processor Information for processor 16
  Max Mhz: 2300, Current Mhz: 2300, Mhz Limit: 2300
Processor Information for processor 17
  Max Mhz: 2300, Current Mhz: 1488, Mhz Limit: 2300
Processor Information for processor 18
  Max Mhz: 2300, Current Mhz: 2300, Mhz Limit: 2300
Processor Information for processor 19
  Max Mhz: 2300, Current Mhz: 1488, Mhz Limit: 2300

Memory: 4k page, system-wide physical 16068M (1986M free)
TotalPageFile size 26308M (AvailPageFile size 21M)
current process WorkingSet (physical memory assigned to process): 384M, peak: 389M
current process commit charge ("private bytes"): 439M, peak: 443M

vm_info: OpenJDK 64-Bit Server VM (21.0.3+-12282718-b509.11) for windows-amd64 JRE (21.0.3+-12282718-b509.11), built on 2024-08-27T17:34:15Z by "builder" with MS VC++ 16.10 / 16.11 (VS2019)

END.
