#
# There is insufficient memory for the Java Runtime Environment to continue.
# Native memory allocation (malloc) failed to allocate 1223856 bytes. Error detail: Chunk::new
# Possible reasons:
#   The system is out of physical RAM or swap space
#   This process is running with CompressedOops enabled, and the Java Heap may be blocking the growth of the native heap
# Possible solutions:
#   Reduce memory load on the system
#   Increase physical memory or swap space
#   Check if swap backing store is full
#   Decrease Java heap size (-Xmx/-Xms)
#   Decrease number of Java threads
#   Decrease Java thread stack sizes (-Xss)
#   Set larger code cache with -XX:ReservedCodeCacheSize=
#   JVM is running with Zero Based Compressed Oops mode in which the Java heap is
#     placed in the first 32GB address space. The Java Heap base address is the
#     maximum limit for the native heap growth. Please use -XX:HeapBaseMinAddress
#     to set the Java Heap base and to place the Java Heap above 32GB virtual address.
# This output file may be truncated or incomplete.
#
#  Out of Memory Error (arena.cpp:168), pid=25256, tid=11368
#
# JRE version: OpenJDK Runtime Environment (21.0.3) (build 21.0.3+-12282718-b509.11)
# Java VM: OpenJDK 64-Bit Server VM (21.0.3+-12282718-b509.11, mixed mode, tiered, compressed oops, compressed class ptrs, g1 gc, windows-amd64)
# No core dump will be written. Minidumps are not enabled by default on client versions of Windows
#

---------------  S U M M A R Y ------------

Command Line: git4idea.http.GitAskPassApp Username for 'https://github.com': 

Host: 12th Gen Intel(R) Core(TM) i7-12700H, 20 cores, 15G,  Windows 11 , 64 bit Build 26100 (10.0.26100.2454)
Time: Mon Feb 17 13:21:42 2025 Egypt Standard Time elapsed time: 7.438712 seconds (0d 0h 0m 7s)

---------------  T H R E A D  ---------------

Current thread (0x0000021b3d595f70):  JavaThread "C2 CompilerThread1" daemon [_thread_in_native, id=11368, stack(0x000000d2bd100000,0x000000d2bd200000) (1024K)]


Current CompileTask:
C2:   7438 1150       4       sun.security.ec.ECOperations::setDouble (463 bytes)

Stack: [0x000000d2bd100000,0x000000d2bd200000]
Native frames: (J=compiled Java code, j=interpreted, Vv=VM code, C=native code)
V  [jvm.dll+0x6cafb9]
V  [jvm.dll+0x858523]
V  [jvm.dll+0x85aa7e]
V  [jvm.dll+0x85b163]
V  [jvm.dll+0x27d356]
V  [jvm.dll+0xbf93d]
V  [jvm.dll+0xbfe73]
V  [jvm.dll+0x3b1cb1]
V  [jvm.dll+0x37e787]
V  [jvm.dll+0x37dbfa]
V  [jvm.dll+0x246b02]
V  [jvm.dll+0x2460d1]
V  [jvm.dll+0x1c5804]
V  [jvm.dll+0x25575c]
V  [jvm.dll+0x253c36]
V  [jvm.dll+0x3ec996]
V  [jvm.dll+0x800d78]
V  [jvm.dll+0x6c98cd]
C  [ucrtbase.dll+0x14ea0]
C  [KERNEL32.DLL+0x2e8d7]
C  [ntdll.dll+0xdfbcc]


---------------  P R O C E S S  ---------------

Threads class SMR info:
_java_thread_list=0x0000021b3d8a4e70, length=16, elements={
0x0000021b1b870480, 0x0000021b38b9c130, 0x0000021b38bab0e0, 0x0000021b38bb83c0,
0x0000021b38bb90a0, 0x0000021b38bb9b00, 0x0000021b38bbb2a0, 0x0000021b38bbc030,
0x0000021b38bbd270, 0x0000021b37c9f7f0, 0x0000021b38d91140, 0x0000021b38d96a60,
0x0000021b3d4d0910, 0x0000021b3d5580d0, 0x0000021b3d567460, 0x0000021b3d595f70
}

Java Threads: ( => current thread )
  0x0000021b1b870480 JavaThread "main"                              [_thread_blocked, id=6252, stack(0x000000d2bb900000,0x000000d2bba00000) (1024K)]
  0x0000021b38b9c130 JavaThread "Reference Handler"          daemon [_thread_blocked, id=7992, stack(0x000000d2bc100000,0x000000d2bc200000) (1024K)]
  0x0000021b38bab0e0 JavaThread "Finalizer"                  daemon [_thread_blocked, id=31536, stack(0x000000d2bc200000,0x000000d2bc300000) (1024K)]
  0x0000021b38bb83c0 JavaThread "Signal Dispatcher"          daemon [_thread_blocked, id=3644, stack(0x000000d2bc300000,0x000000d2bc400000) (1024K)]
  0x0000021b38bb90a0 JavaThread "Attach Listener"            daemon [_thread_blocked, id=27756, stack(0x000000d2bc400000,0x000000d2bc500000) (1024K)]
  0x0000021b38bb9b00 JavaThread "Service Thread"             daemon [_thread_blocked, id=16240, stack(0x000000d2bc500000,0x000000d2bc600000) (1024K)]
  0x0000021b38bbb2a0 JavaThread "Monitor Deflation Thread"   daemon [_thread_blocked, id=29688, stack(0x000000d2bc600000,0x000000d2bc700000) (1024K)]
  0x0000021b38bbc030 JavaThread "C2 CompilerThread0"         daemon [_thread_blocked, id=11040, stack(0x000000d2bc700000,0x000000d2bc800000) (1024K)]
  0x0000021b38bbd270 JavaThread "C1 CompilerThread0"         daemon [_thread_blocked, id=16184, stack(0x000000d2bc800000,0x000000d2bc900000) (1024K)]
  0x0000021b37c9f7f0 JavaThread "C1 CompilerThread1"         daemon [_thread_blocked, id=26264, stack(0x000000d2bc900000,0x000000d2bca00000) (1024K)]
  0x0000021b38d91140 JavaThread "Notification Thread"        daemon [_thread_blocked, id=27448, stack(0x000000d2bcb00000,0x000000d2bcc00000) (1024K)]
  0x0000021b38d96a60 JavaThread "Common-Cleaner"             daemon [_thread_blocked, id=5460, stack(0x000000d2bcc00000,0x000000d2bcd00000) (1024K)]
  0x0000021b3d4d0910 JavaThread "HttpClient-1-SelectorManager" daemon [_thread_in_native, id=31988, stack(0x000000d2bcd00000,0x000000d2bce00000) (1024K)]
  0x0000021b3d5580d0 JavaThread "HttpClient-1-Worker-0"      daemon [_thread_blocked, id=27176, stack(0x000000d2bcf00000,0x000000d2bd000000) (1024K)]
  0x0000021b3d567460 JavaThread "HttpClient-1-Worker-1"      daemon [_thread_blocked, id=30556, stack(0x000000d2bd000000,0x000000d2bd100000) (1024K)]
=>0x0000021b3d595f70 JavaThread "C2 CompilerThread1"         daemon [_thread_in_native, id=11368, stack(0x000000d2bd100000,0x000000d2bd200000) (1024K)]
Total: 16

Other Threads:
  0x0000021b38b433b0 VMThread "VM Thread"                           [id=19304, stack(0x000000d2bc000000,0x000000d2bc100000) (1024K)]
  0x0000021b37c9ed70 WatcherThread "VM Periodic Task Thread"        [id=26956, stack(0x000000d2bbf00000,0x000000d2bc000000) (1024K)]
  0x0000021b1dcbd130 WorkerThread "GC Thread#0"                     [id=15448, stack(0x000000d2bba00000,0x000000d2bbb00000) (1024K)]
  0x0000021b1dccdc20 ConcurrentGCThread "G1 Main Marker"            [id=25844, stack(0x000000d2bbb00000,0x000000d2bbc00000) (1024K)]
  0x0000021b1dcce720 WorkerThread "G1 Conc#0"                       [id=11232, stack(0x000000d2bbc00000,0x000000d2bbd00000) (1024K)]
  0x0000021b37b72af0 ConcurrentGCThread "G1 Refine#0"               [id=26200, stack(0x000000d2bbd00000,0x000000d2bbe00000) (1024K)]
  0x0000021b37b73500 ConcurrentGCThread "G1 Service"                [id=21756, stack(0x000000d2bbe00000,0x000000d2bbf00000) (1024K)]
Total: 7

Threads with active compile tasks:
C2 CompilerThread1     7451 1150       4       sun.security.ec.ECOperations::setDouble (463 bytes)
Total: 1

VM state: not at safepoint (normal execution)

VM Mutex/Monitor currently owned by a thread: None

Heap address: 0x0000000704e00000, size: 4018 MB, Compressed Oops mode: Zero based, Oop shift amount: 3

CDS archive(s) not mapped
Compressed class space mapped at: 0x0000000800000000-0x0000000840000000, reserved size: 1073741824
Narrow klass base: 0x0000000800000000, Narrow klass shift: 0, Narrow klass range: 0x40000000

GC Precious Log:
 CardTable entry size: 512
 Card Set container configuration: InlinePtr #cards 4 size 8 Array Of Cards #cards 16 size 48 Howl #buckets 8 coarsen threshold 3686 Howl Bitmap #cards 512 size 80 coarsen threshold 460 Card regions per heap region 1 cards per card region 4096
 CPUs: 20 total, 20 available
 Memory: 16068M
 Large Page Support: Disabled
 NUMA Support: Disabled
 Compressed Oops: Enabled (Zero based)
 Heap Region Size: 2M
 Heap Min Capacity: 8M
 Heap Initial Capacity: 252M
 Heap Max Capacity: 4018M
 Pre-touch: Disabled
 Parallel Workers: 15
 Concurrent Workers: 4
 Concurrent Refinement Workers: 15
 Periodic GC: Disabled

Heap:
 garbage-first heap   total 258048K, used 14336K [0x0000000704e00000, 0x0000000800000000)
  region size 2048K, 8 young (16384K), 0 survivors (0K)
 Metaspace       used 16912K, committed 17152K, reserved 1114112K
  class space    used 1807K, committed 1920K, reserved 1048576K

Heap Regions: E=young(eden), S=young(survivor), O=old, HS=humongous(starts), HC=humongous(continues), CS=collection set, F=free, TAMS=top-at-mark-start, PB=parsable bottom
|   0|0x0000000704e00000, 0x0000000704e00000, 0x0000000705000000|  0%| F|  |TAMS 0x0000000704e00000| PB 0x0000000704e00000| Untracked 
|   1|0x0000000705000000, 0x0000000705000000, 0x0000000705200000|  0%| F|  |TAMS 0x0000000705000000| PB 0x0000000705000000| Untracked 
|   2|0x0000000705200000, 0x0000000705200000, 0x0000000705400000|  0%| F|  |TAMS 0x0000000705200000| PB 0x0000000705200000| Untracked 
|   3|0x0000000705400000, 0x0000000705400000, 0x0000000705600000|  0%| F|  |TAMS 0x0000000705400000| PB 0x0000000705400000| Untracked 
|   4|0x0000000705600000, 0x0000000705600000, 0x0000000705800000|  0%| F|  |TAMS 0x0000000705600000| PB 0x0000000705600000| Untracked 
|   5|0x0000000705800000, 0x0000000705800000, 0x0000000705a00000|  0%| F|  |TAMS 0x0000000705800000| PB 0x0000000705800000| Untracked 
|   6|0x0000000705a00000, 0x0000000705a00000, 0x0000000705c00000|  0%| F|  |TAMS 0x0000000705a00000| PB 0x0000000705a00000| Untracked 
|   7|0x0000000705c00000, 0x0000000705c00000, 0x0000000705e00000|  0%| F|  |TAMS 0x0000000705c00000| PB 0x0000000705c00000| Untracked 
|   8|0x0000000705e00000, 0x0000000705e00000, 0x0000000706000000|  0%| F|  |TAMS 0x0000000705e00000| PB 0x0000000705e00000| Untracked 
|   9|0x0000000706000000, 0x0000000706000000, 0x0000000706200000|  0%| F|  |TAMS 0x0000000706000000| PB 0x0000000706000000| Untracked 
|  10|0x0000000706200000, 0x0000000706200000, 0x0000000706400000|  0%| F|  |TAMS 0x0000000706200000| PB 0x0000000706200000| Untracked 
|  11|0x0000000706400000, 0x0000000706400000, 0x0000000706600000|  0%| F|  |TAMS 0x0000000706400000| PB 0x0000000706400000| Untracked 
|  12|0x0000000706600000, 0x0000000706600000, 0x0000000706800000|  0%| F|  |TAMS 0x0000000706600000| PB 0x0000000706600000| Untracked 
|  13|0x0000000706800000, 0x0000000706800000, 0x0000000706a00000|  0%| F|  |TAMS 0x0000000706800000| PB 0x0000000706800000| Untracked 
|  14|0x0000000706a00000, 0x0000000706a00000, 0x0000000706c00000|  0%| F|  |TAMS 0x0000000706a00000| PB 0x0000000706a00000| Untracked 
|  15|0x0000000706c00000, 0x0000000706c00000, 0x0000000706e00000|  0%| F|  |TAMS 0x0000000706c00000| PB 0x0000000706c00000| Untracked 
|  16|0x0000000706e00000, 0x0000000706e00000, 0x0000000707000000|  0%| F|  |TAMS 0x0000000706e00000| PB 0x0000000706e00000| Untracked 
|  17|0x0000000707000000, 0x0000000707000000, 0x0000000707200000|  0%| F|  |TAMS 0x0000000707000000| PB 0x0000000707000000| Untracked 
|  18|0x0000000707200000, 0x0000000707200000, 0x0000000707400000|  0%| F|  |TAMS 0x0000000707200000| PB 0x0000000707200000| Untracked 
|  19|0x0000000707400000, 0x0000000707400000, 0x0000000707600000|  0%| F|  |TAMS 0x0000000707400000| PB 0x0000000707400000| Untracked 
|  20|0x0000000707600000, 0x0000000707600000, 0x0000000707800000|  0%| F|  |TAMS 0x0000000707600000| PB 0x0000000707600000| Untracked 
|  21|0x0000000707800000, 0x0000000707800000, 0x0000000707a00000|  0%| F|  |TAMS 0x0000000707800000| PB 0x0000000707800000| Untracked 
|  22|0x0000000707a00000, 0x0000000707a00000, 0x0000000707c00000|  0%| F|  |TAMS 0x0000000707a00000| PB 0x0000000707a00000| Untracked 
|  23|0x0000000707c00000, 0x0000000707c00000, 0x0000000707e00000|  0%| F|  |TAMS 0x0000000707c00000| PB 0x0000000707c00000| Untracked 
|  24|0x0000000707e00000, 0x0000000707e00000, 0x0000000708000000|  0%| F|  |TAMS 0x0000000707e00000| PB 0x0000000707e00000| Untracked 
|  25|0x0000000708000000, 0x0000000708000000, 0x0000000708200000|  0%| F|  |TAMS 0x0000000708000000| PB 0x0000000708000000| Untracked 
|  26|0x0000000708200000, 0x0000000708200000, 0x0000000708400000|  0%| F|  |TAMS 0x0000000708200000| PB 0x0000000708200000| Untracked 
|  27|0x0000000708400000, 0x0000000708400000, 0x0000000708600000|  0%| F|  |TAMS 0x0000000708400000| PB 0x0000000708400000| Untracked 
|  28|0x0000000708600000, 0x0000000708600000, 0x0000000708800000|  0%| F|  |TAMS 0x0000000708600000| PB 0x0000000708600000| Untracked 
|  29|0x0000000708800000, 0x0000000708800000, 0x0000000708a00000|  0%| F|  |TAMS 0x0000000708800000| PB 0x0000000708800000| Untracked 
|  30|0x0000000708a00000, 0x0000000708a00000, 0x0000000708c00000|  0%| F|  |TAMS 0x0000000708a00000| PB 0x0000000708a00000| Untracked 
|  31|0x0000000708c00000, 0x0000000708c00000, 0x0000000708e00000|  0%| F|  |TAMS 0x0000000708c00000| PB 0x0000000708c00000| Untracked 
|  32|0x0000000708e00000, 0x0000000708e00000, 0x0000000709000000|  0%| F|  |TAMS 0x0000000708e00000| PB 0x0000000708e00000| Untracked 
|  33|0x0000000709000000, 0x0000000709000000, 0x0000000709200000|  0%| F|  |TAMS 0x0000000709000000| PB 0x0000000709000000| Untracked 
|  34|0x0000000709200000, 0x0000000709200000, 0x0000000709400000|  0%| F|  |TAMS 0x0000000709200000| PB 0x0000000709200000| Untracked 
|  35|0x0000000709400000, 0x0000000709400000, 0x0000000709600000|  0%| F|  |TAMS 0x0000000709400000| PB 0x0000000709400000| Untracked 
|  36|0x0000000709600000, 0x0000000709600000, 0x0000000709800000|  0%| F|  |TAMS 0x0000000709600000| PB 0x0000000709600000| Untracked 
|  37|0x0000000709800000, 0x0000000709800000, 0x0000000709a00000|  0%| F|  |TAMS 0x0000000709800000| PB 0x0000000709800000| Untracked 
|  38|0x0000000709a00000, 0x0000000709a00000, 0x0000000709c00000|  0%| F|  |TAMS 0x0000000709a00000| PB 0x0000000709a00000| Untracked 
|  39|0x0000000709c00000, 0x0000000709c00000, 0x0000000709e00000|  0%| F|  |TAMS 0x0000000709c00000| PB 0x0000000709c00000| Untracked 
|  40|0x0000000709e00000, 0x0000000709e00000, 0x000000070a000000|  0%| F|  |TAMS 0x0000000709e00000| PB 0x0000000709e00000| Untracked 
|  41|0x000000070a000000, 0x000000070a000000, 0x000000070a200000|  0%| F|  |TAMS 0x000000070a000000| PB 0x000000070a000000| Untracked 
|  42|0x000000070a200000, 0x000000070a200000, 0x000000070a400000|  0%| F|  |TAMS 0x000000070a200000| PB 0x000000070a200000| Untracked 
|  43|0x000000070a400000, 0x000000070a400000, 0x000000070a600000|  0%| F|  |TAMS 0x000000070a400000| PB 0x000000070a400000| Untracked 
|  44|0x000000070a600000, 0x000000070a600000, 0x000000070a800000|  0%| F|  |TAMS 0x000000070a600000| PB 0x000000070a600000| Untracked 
|  45|0x000000070a800000, 0x000000070a800000, 0x000000070aa00000|  0%| F|  |TAMS 0x000000070a800000| PB 0x000000070a800000| Untracked 
|  46|0x000000070aa00000, 0x000000070aa00000, 0x000000070ac00000|  0%| F|  |TAMS 0x000000070aa00000| PB 0x000000070aa00000| Untracked 
|  47|0x000000070ac00000, 0x000000070ac00000, 0x000000070ae00000|  0%| F|  |TAMS 0x000000070ac00000| PB 0x000000070ac00000| Untracked 
|  48|0x000000070ae00000, 0x000000070ae00000, 0x000000070b000000|  0%| F|  |TAMS 0x000000070ae00000| PB 0x000000070ae00000| Untracked 
|  49|0x000000070b000000, 0x000000070b000000, 0x000000070b200000|  0%| F|  |TAMS 0x000000070b000000| PB 0x000000070b000000| Untracked 
|  50|0x000000070b200000, 0x000000070b200000, 0x000000070b400000|  0%| F|  |TAMS 0x000000070b200000| PB 0x000000070b200000| Untracked 
|  51|0x000000070b400000, 0x000000070b400000, 0x000000070b600000|  0%| F|  |TAMS 0x000000070b400000| PB 0x000000070b400000| Untracked 
|  52|0x000000070b600000, 0x000000070b600000, 0x000000070b800000|  0%| F|  |TAMS 0x000000070b600000| PB 0x000000070b600000| Untracked 
|  53|0x000000070b800000, 0x000000070b800000, 0x000000070ba00000|  0%| F|  |TAMS 0x000000070b800000| PB 0x000000070b800000| Untracked 
|  54|0x000000070ba00000, 0x000000070ba00000, 0x000000070bc00000|  0%| F|  |TAMS 0x000000070ba00000| PB 0x000000070ba00000| Untracked 
|  55|0x000000070bc00000, 0x000000070bc00000, 0x000000070be00000|  0%| F|  |TAMS 0x000000070bc00000| PB 0x000000070bc00000| Untracked 
|  56|0x000000070be00000, 0x000000070be00000, 0x000000070c000000|  0%| F|  |TAMS 0x000000070be00000| PB 0x000000070be00000| Untracked 
|  57|0x000000070c000000, 0x000000070c000000, 0x000000070c200000|  0%| F|  |TAMS 0x000000070c000000| PB 0x000000070c000000| Untracked 
|  58|0x000000070c200000, 0x000000070c200000, 0x000000070c400000|  0%| F|  |TAMS 0x000000070c200000| PB 0x000000070c200000| Untracked 
|  59|0x000000070c400000, 0x000000070c400000, 0x000000070c600000|  0%| F|  |TAMS 0x000000070c400000| PB 0x000000070c400000| Untracked 
|  60|0x000000070c600000, 0x000000070c600000, 0x000000070c800000|  0%| F|  |TAMS 0x000000070c600000| PB 0x000000070c600000| Untracked 
|  61|0x000000070c800000, 0x000000070c800000, 0x000000070ca00000|  0%| F|  |TAMS 0x000000070c800000| PB 0x000000070c800000| Untracked 
|  62|0x000000070ca00000, 0x000000070ca00000, 0x000000070cc00000|  0%| F|  |TAMS 0x000000070ca00000| PB 0x000000070ca00000| Untracked 
|  63|0x000000070cc00000, 0x000000070cc00000, 0x000000070ce00000|  0%| F|  |TAMS 0x000000070cc00000| PB 0x000000070cc00000| Untracked 
|  64|0x000000070ce00000, 0x000000070ce00000, 0x000000070d000000|  0%| F|  |TAMS 0x000000070ce00000| PB 0x000000070ce00000| Untracked 
|  65|0x000000070d000000, 0x000000070d000000, 0x000000070d200000|  0%| F|  |TAMS 0x000000070d000000| PB 0x000000070d000000| Untracked 
|  66|0x000000070d200000, 0x000000070d200000, 0x000000070d400000|  0%| F|  |TAMS 0x000000070d200000| PB 0x000000070d200000| Untracked 
|  67|0x000000070d400000, 0x000000070d400000, 0x000000070d600000|  0%| F|  |TAMS 0x000000070d400000| PB 0x000000070d400000| Untracked 
|  68|0x000000070d600000, 0x000000070d600000, 0x000000070d800000|  0%| F|  |TAMS 0x000000070d600000| PB 0x000000070d600000| Untracked 
|  69|0x000000070d800000, 0x000000070d800000, 0x000000070da00000|  0%| F|  |TAMS 0x000000070d800000| PB 0x000000070d800000| Untracked 
|  70|0x000000070da00000, 0x000000070da00000, 0x000000070dc00000|  0%| F|  |TAMS 0x000000070da00000| PB 0x000000070da00000| Untracked 
|  71|0x000000070dc00000, 0x000000070dc00000, 0x000000070de00000|  0%| F|  |TAMS 0x000000070dc00000| PB 0x000000070dc00000| Untracked 
|  72|0x000000070de00000, 0x000000070de00000, 0x000000070e000000|  0%| F|  |TAMS 0x000000070de00000| PB 0x000000070de00000| Untracked 
|  73|0x000000070e000000, 0x000000070e000000, 0x000000070e200000|  0%| F|  |TAMS 0x000000070e000000| PB 0x000000070e000000| Untracked 
|  74|0x000000070e200000, 0x000000070e200000, 0x000000070e400000|  0%| F|  |TAMS 0x000000070e200000| PB 0x000000070e200000| Untracked 
|  75|0x000000070e400000, 0x000000070e400000, 0x000000070e600000|  0%| F|  |TAMS 0x000000070e400000| PB 0x000000070e400000| Untracked 
|  76|0x000000070e600000, 0x000000070e600000, 0x000000070e800000|  0%| F|  |TAMS 0x000000070e600000| PB 0x000000070e600000| Untracked 
|  77|0x000000070e800000, 0x000000070e800000, 0x000000070ea00000|  0%| F|  |TAMS 0x000000070e800000| PB 0x000000070e800000| Untracked 
|  78|0x000000070ea00000, 0x000000070ea00000, 0x000000070ec00000|  0%| F|  |TAMS 0x000000070ea00000| PB 0x000000070ea00000| Untracked 
|  79|0x000000070ec00000, 0x000000070ec00000, 0x000000070ee00000|  0%| F|  |TAMS 0x000000070ec00000| PB 0x000000070ec00000| Untracked 
|  80|0x000000070ee00000, 0x000000070ee00000, 0x000000070f000000|  0%| F|  |TAMS 0x000000070ee00000| PB 0x000000070ee00000| Untracked 
|  81|0x000000070f000000, 0x000000070f000000, 0x000000070f200000|  0%| F|  |TAMS 0x000000070f000000| PB 0x000000070f000000| Untracked 
|  82|0x000000070f200000, 0x000000070f200000, 0x000000070f400000|  0%| F|  |TAMS 0x000000070f200000| PB 0x000000070f200000| Untracked 
|  83|0x000000070f400000, 0x000000070f400000, 0x000000070f600000|  0%| F|  |TAMS 0x000000070f400000| PB 0x000000070f400000| Untracked 
|  84|0x000000070f600000, 0x000000070f600000, 0x000000070f800000|  0%| F|  |TAMS 0x000000070f600000| PB 0x000000070f600000| Untracked 
|  85|0x000000070f800000, 0x000000070f800000, 0x000000070fa00000|  0%| F|  |TAMS 0x000000070f800000| PB 0x000000070f800000| Untracked 
|  86|0x000000070fa00000, 0x000000070fa00000, 0x000000070fc00000|  0%| F|  |TAMS 0x000000070fa00000| PB 0x000000070fa00000| Untracked 
|  87|0x000000070fc00000, 0x000000070fc00000, 0x000000070fe00000|  0%| F|  |TAMS 0x000000070fc00000| PB 0x000000070fc00000| Untracked 
|  88|0x000000070fe00000, 0x000000070fe00000, 0x0000000710000000|  0%| F|  |TAMS 0x000000070fe00000| PB 0x000000070fe00000| Untracked 
|  89|0x0000000710000000, 0x0000000710000000, 0x0000000710200000|  0%| F|  |TAMS 0x0000000710000000| PB 0x0000000710000000| Untracked 
|  90|0x0000000710200000, 0x0000000710200000, 0x0000000710400000|  0%| F|  |TAMS 0x0000000710200000| PB 0x0000000710200000| Untracked 
|  91|0x0000000710400000, 0x0000000710400000, 0x0000000710600000|  0%| F|  |TAMS 0x0000000710400000| PB 0x0000000710400000| Untracked 
|  92|0x0000000710600000, 0x0000000710600000, 0x0000000710800000|  0%| F|  |TAMS 0x0000000710600000| PB 0x0000000710600000| Untracked 
|  93|0x0000000710800000, 0x0000000710800000, 0x0000000710a00000|  0%| F|  |TAMS 0x0000000710800000| PB 0x0000000710800000| Untracked 
|  94|0x0000000710a00000, 0x0000000710a00000, 0x0000000710c00000|  0%| F|  |TAMS 0x0000000710a00000| PB 0x0000000710a00000| Untracked 
|  95|0x0000000710c00000, 0x0000000710c00000, 0x0000000710e00000|  0%| F|  |TAMS 0x0000000710c00000| PB 0x0000000710c00000| Untracked 
|  96|0x0000000710e00000, 0x0000000710e00000, 0x0000000711000000|  0%| F|  |TAMS 0x0000000710e00000| PB 0x0000000710e00000| Untracked 
|  97|0x0000000711000000, 0x0000000711000000, 0x0000000711200000|  0%| F|  |TAMS 0x0000000711000000| PB 0x0000000711000000| Untracked 
|  98|0x0000000711200000, 0x0000000711200000, 0x0000000711400000|  0%| F|  |TAMS 0x0000000711200000| PB 0x0000000711200000| Untracked 
|  99|0x0000000711400000, 0x0000000711400000, 0x0000000711600000|  0%| F|  |TAMS 0x0000000711400000| PB 0x0000000711400000| Untracked 
| 100|0x0000000711600000, 0x0000000711600000, 0x0000000711800000|  0%| F|  |TAMS 0x0000000711600000| PB 0x0000000711600000| Untracked 
| 101|0x0000000711800000, 0x0000000711800000, 0x0000000711a00000|  0%| F|  |TAMS 0x0000000711800000| PB 0x0000000711800000| Untracked 
| 102|0x0000000711a00000, 0x0000000711a00000, 0x0000000711c00000|  0%| F|  |TAMS 0x0000000711a00000| PB 0x0000000711a00000| Untracked 
| 103|0x0000000711c00000, 0x0000000711c00000, 0x0000000711e00000|  0%| F|  |TAMS 0x0000000711c00000| PB 0x0000000711c00000| Untracked 
| 104|0x0000000711e00000, 0x0000000711e00000, 0x0000000712000000|  0%| F|  |TAMS 0x0000000711e00000| PB 0x0000000711e00000| Untracked 
| 105|0x0000000712000000, 0x0000000712000000, 0x0000000712200000|  0%| F|  |TAMS 0x0000000712000000| PB 0x0000000712000000| Untracked 
| 106|0x0000000712200000, 0x0000000712200000, 0x0000000712400000|  0%| F|  |TAMS 0x0000000712200000| PB 0x0000000712200000| Untracked 
| 107|0x0000000712400000, 0x0000000712400000, 0x0000000712600000|  0%| F|  |TAMS 0x0000000712400000| PB 0x0000000712400000| Untracked 
| 108|0x0000000712600000, 0x0000000712600000, 0x0000000712800000|  0%| F|  |TAMS 0x0000000712600000| PB 0x0000000712600000| Untracked 
| 109|0x0000000712800000, 0x0000000712800000, 0x0000000712a00000|  0%| F|  |TAMS 0x0000000712800000| PB 0x0000000712800000| Untracked 
| 110|0x0000000712a00000, 0x0000000712a00000, 0x0000000712c00000|  0%| F|  |TAMS 0x0000000712a00000| PB 0x0000000712a00000| Untracked 
| 111|0x0000000712c00000, 0x0000000712c00000, 0x0000000712e00000|  0%| F|  |TAMS 0x0000000712c00000| PB 0x0000000712c00000| Untracked 
| 112|0x0000000712e00000, 0x0000000712e00000, 0x0000000713000000|  0%| F|  |TAMS 0x0000000712e00000| PB 0x0000000712e00000| Untracked 
| 113|0x0000000713000000, 0x0000000713000000, 0x0000000713200000|  0%| F|  |TAMS 0x0000000713000000| PB 0x0000000713000000| Untracked 
| 114|0x0000000713200000, 0x0000000713200000, 0x0000000713400000|  0%| F|  |TAMS 0x0000000713200000| PB 0x0000000713200000| Untracked 
| 115|0x0000000713400000, 0x0000000713400000, 0x0000000713600000|  0%| F|  |TAMS 0x0000000713400000| PB 0x0000000713400000| Untracked 
| 116|0x0000000713600000, 0x0000000713600000, 0x0000000713800000|  0%| F|  |TAMS 0x0000000713600000| PB 0x0000000713600000| Untracked 
| 117|0x0000000713800000, 0x0000000713800000, 0x0000000713a00000|  0%| F|  |TAMS 0x0000000713800000| PB 0x0000000713800000| Untracked 
| 118|0x0000000713a00000, 0x0000000713c00000, 0x0000000713c00000|100%| E|  |TAMS 0x0000000713a00000| PB 0x0000000713a00000| Complete 
| 119|0x0000000713c00000, 0x0000000713e00000, 0x0000000713e00000|100%| E|CS|TAMS 0x0000000713c00000| PB 0x0000000713c00000| Complete 
| 120|0x0000000713e00000, 0x0000000714000000, 0x0000000714000000|100%| E|CS|TAMS 0x0000000713e00000| PB 0x0000000713e00000| Complete 
| 121|0x0000000714000000, 0x0000000714200000, 0x0000000714200000|100%| E|CS|TAMS 0x0000000714000000| PB 0x0000000714000000| Complete 
| 122|0x0000000714200000, 0x0000000714400000, 0x0000000714400000|100%| E|CS|TAMS 0x0000000714200000| PB 0x0000000714200000| Complete 
| 123|0x0000000714400000, 0x0000000714600000, 0x0000000714600000|100%| E|CS|TAMS 0x0000000714400000| PB 0x0000000714400000| Complete 
| 124|0x0000000714600000, 0x0000000714800000, 0x0000000714800000|100%| E|CS|TAMS 0x0000000714600000| PB 0x0000000714600000| Complete 
| 125|0x0000000714800000, 0x0000000714a00000, 0x0000000714a00000|100%| E|CS|TAMS 0x0000000714800000| PB 0x0000000714800000| Complete 

Card table byte_map: [0x0000021b31020000,0x0000021b31800000] _byte_map_base: 0x0000021b2d7f9000

Marking Bits: (CMBitMap*) 0x0000021b1dcbd830
 Bits: [0x0000021b31800000, 0x0000021b356c8000)

Polling page: 0x0000021b1bb70000

Metaspace:

Usage:
  Non-class:     14.75 MB used.
      Class:      1.77 MB used.
       Both:     16.52 MB used.

Virtual space:
  Non-class space:       64.00 MB reserved,      14.88 MB ( 23%) committed,  1 nodes.
      Class space:        1.00 GB reserved,       1.88 MB ( <1%) committed,  1 nodes.
             Both:        1.06 GB reserved,      16.75 MB (  2%) committed. 

Chunk freelists:
   Non-Class:  784.00 KB
       Class:  14.13 MB
        Both:  14.90 MB

MaxMetaspaceSize: unlimited
CompressedClassSpaceSize: 1.00 GB
Initial GC threshold: 21.00 MB
Current GC threshold: 21.00 MB
CDS: off
 - commit_granule_bytes: 65536.
 - commit_granule_words: 8192.
 - virtual_space_node_default_size: 8388608.
 - enlarge_chunks_in_place: 1.
 - use_allocation_guard: 0.


Internal statistics:

num_allocs_failed_limit: 0.
num_arena_births: 242.
num_arena_deaths: 0.
num_vsnodes_births: 2.
num_vsnodes_deaths: 0.
num_space_committed: 268.
num_space_uncommitted: 0.
num_chunks_returned_to_freelist: 0.
num_chunks_taken_from_freelist: 436.
num_chunk_merges: 0.
num_chunk_splits: 242.
num_chunks_enlarged: 111.
num_inconsistent_stats: 0.

CodeHeap 'non-profiled nmethods': size=119168Kb used=384Kb max_used=384Kb free=118783Kb
 bounds [0x0000021b28940000, 0x0000021b28bb0000, 0x0000021b2fda0000]
CodeHeap 'profiled nmethods': size=119104Kb used=2149Kb max_used=2149Kb free=116955Kb
 bounds [0x0000021b20da0000, 0x0000021b21010000, 0x0000021b281f0000]
CodeHeap 'non-nmethods': size=7488Kb used=1972Kb max_used=2559Kb free=5515Kb
 bounds [0x0000021b281f0000, 0x0000021b28480000, 0x0000021b28940000]
 total_blobs=1754 nmethods=1238 adapters=420
 compilation: enabled
              stopped_count=0, restarted_count=0
 full_count=0

Compilation events (20 events):
Event: 6.424 Thread 0x0000021b37c9f7f0 nmethod 1230 0x0000021b20fb3390 code [0x0000021b20fb3520, 0x0000021b20fb3628]
Event: 6.424 Thread 0x0000021b38bbd270 nmethod 1229 0x0000021b20fb3690 code [0x0000021b20fb38e0, 0x0000021b20fb40c0]
Event: 6.424 Thread 0x0000021b38bbd270 1231   !   3       java.lang.invoke.MethodHandleNatives::linkMethodHandleConstant (50 bytes)
Event: 6.424 Thread 0x0000021b37c9f7f0 1232       3       java.lang.invoke.MethodHandles$Lookup::linkMethodHandleConstant (223 bytes)
Event: 6.425 Thread 0x0000021b38bbd270 nmethod 1231 0x0000021b20fb4390 code [0x0000021b20fb4560, 0x0000021b20fb4768]
Event: 6.425 Thread 0x0000021b38bbd270 1233       3       jdk.internal.misc.Unsafe::checkNativeAddress (28 bytes)
Event: 6.425 Thread 0x0000021b38bbd270 nmethod 1233 0x0000021b20fb4910 code [0x0000021b20fb4aa0, 0x0000021b20fb4bb8]
Event: 6.425 Thread 0x0000021b37c9f7f0 nmethod 1232 0x0000021b20fb4c90 code [0x0000021b20fb5080, 0x0000021b20fb6938]
Event: 6.426 Thread 0x0000021b37c9f7f0 1234       3       java.util.concurrent.locks.AbstractQueuedSynchronizer::signalNext (34 bytes)
Event: 6.426 Thread 0x0000021b38bbd270 1235       3       java.nio.ByteBuffer::hasArray (20 bytes)
Event: 6.426 Thread 0x0000021b37c9f7f0 nmethod 1234 0x0000021b20fb7110 code [0x0000021b20fb7300, 0x0000021b20fb77b8]
Event: 6.426 Thread 0x0000021b38bbd270 nmethod 1235 0x0000021b20fb7990 code [0x0000021b20fb7b40, 0x0000021b20fb7ce8]
Event: 6.428 Thread 0x0000021b38bbd270 1236   !   3       jdk.internal.misc.ScopedMemoryAccess::copyMemory (27 bytes)
Event: 6.428 Thread 0x0000021b37c9f7f0 1237   !   3       jdk.internal.misc.ScopedMemoryAccess::copyMemoryInternal (56 bytes)
Event: 6.428 Thread 0x0000021b37c9f7f0 nmethod 1237 0x0000021b20fb7d90 code [0x0000021b20fb7f80, 0x0000021b20fb84c0]
Event: 6.428 Thread 0x0000021b37c9f7f0 1238       1       java.util.concurrent.atomic.AtomicInteger::get (5 bytes)
Event: 6.428 Thread 0x0000021b38bbd270 nmethod 1236 0x0000021b20fb8810 code [0x0000021b20fb8a20, 0x0000021b20fb9048]
Event: 6.428 Thread 0x0000021b37c9f7f0 nmethod 1238 0x0000021b2899fb90 code [0x0000021b2899fd20, 0x0000021b2899fde8]
Event: 6.429 Thread 0x0000021b38bbd270 1239       1       sun.security.provider.DigestBase::engineGetDigestLength (5 bytes)
Event: 6.429 Thread 0x0000021b38bbd270 nmethod 1239 0x0000021b2899fe90 code [0x0000021b289a0020, 0x0000021b289a00e8]

GC Heap History (0 events):
No events

Dll operation events (2 events):
Event: 0.005 Loaded shared library C:\Program Files\Android\Android Studio3\jbr\bin\java.dll
Event: 0.008 Loaded shared library C:\Program Files\Android\Android Studio3\jbr\bin\zip.dll

Deoptimization events (20 events):
Event: 1.340 Thread 0x0000021b3d5580d0 Uncommon trap: trap_request=0xffffff66 fr.pc=0x0000021b289959e4 relative=0x0000000000000304
Event: 1.340 Thread 0x0000021b3d5580d0 Uncommon trap: reason=speculate_class_check action=maybe_recompile pc=0x0000021b289959e4 method=sun.security.util.math.intpoly.IntegerPolynomial.multByInt([JJ)V @ 26 c2
Event: 1.340 Thread 0x0000021b3d5580d0 DEOPT PACKING pc=0x0000021b289959e4 sp=0x000000d2bcffe3d0
Event: 1.340 Thread 0x0000021b3d5580d0 DEOPT UNPACKING pc=0x0000021b282446a2 sp=0x000000d2bcffe2b8 mode 2
Event: 1.340 Thread 0x0000021b3d5580d0 Uncommon trap: trap_request=0xffffff66 fr.pc=0x0000021b289959e4 relative=0x0000000000000304
Event: 1.340 Thread 0x0000021b3d5580d0 Uncommon trap: reason=speculate_class_check action=maybe_recompile pc=0x0000021b289959e4 method=sun.security.util.math.intpoly.IntegerPolynomial.multByInt([JJ)V @ 26 c2
Event: 1.340 Thread 0x0000021b3d5580d0 DEOPT PACKING pc=0x0000021b289959e4 sp=0x000000d2bcffe3d0
Event: 1.340 Thread 0x0000021b3d5580d0 DEOPT UNPACKING pc=0x0000021b282446a2 sp=0x000000d2bcffe2b8 mode 2
Event: 1.340 Thread 0x0000021b3d5580d0 Uncommon trap: trap_request=0xffffff66 fr.pc=0x0000021b28996364 relative=0x0000000000000304
Event: 1.340 Thread 0x0000021b3d5580d0 Uncommon trap: reason=speculate_class_check action=maybe_recompile pc=0x0000021b28996364 method=sun.security.util.math.intpoly.IntegerPolynomial.multByInt([JJ)V @ 26 c2
Event: 1.340 Thread 0x0000021b3d5580d0 DEOPT PACKING pc=0x0000021b28996364 sp=0x000000d2bcffe360
Event: 1.340 Thread 0x0000021b3d5580d0 DEOPT UNPACKING pc=0x0000021b282446a2 sp=0x000000d2bcffe2b0 mode 2
Event: 1.340 Thread 0x0000021b3d5580d0 Uncommon trap: trap_request=0xffffff66 fr.pc=0x0000021b28996364 relative=0x0000000000000304
Event: 1.340 Thread 0x0000021b3d5580d0 Uncommon trap: reason=speculate_class_check action=maybe_recompile pc=0x0000021b28996364 method=sun.security.util.math.intpoly.IntegerPolynomial.multByInt([JJ)V @ 26 c2
Event: 1.340 Thread 0x0000021b3d5580d0 DEOPT PACKING pc=0x0000021b28996364 sp=0x000000d2bcffe360
Event: 1.340 Thread 0x0000021b3d5580d0 DEOPT UNPACKING pc=0x0000021b282446a2 sp=0x000000d2bcffe2b0 mode 2
Event: 6.429 Thread 0x0000021b3d5580d0 Uncommon trap: trap_request=0xffffff45 fr.pc=0x0000021b28999cf8 relative=0x0000000000000938
Event: 6.429 Thread 0x0000021b3d5580d0 Uncommon trap: reason=unstable_if action=reinterpret pc=0x0000021b28999cf8 method=java.util.HashMap.putVal(ILjava/lang/Object;Ljava/lang/Object;ZZ)Ljava/lang/Object; @ 81 c2
Event: 6.429 Thread 0x0000021b3d5580d0 DEOPT PACKING pc=0x0000021b28999cf8 sp=0x000000d2bcffe690
Event: 6.429 Thread 0x0000021b3d5580d0 DEOPT UNPACKING pc=0x0000021b282446a2 sp=0x000000d2bcffe620 mode 2

Classes loaded (20 events):
Event: 1.362 Loading class jdk/internal/event/TLSHandshakeEvent
Event: 1.362 Loading class jdk/internal/event/TLSHandshakeEvent done
Event: 1.362 Loading class com/sun/crypto/provider/GaloisCounterMode$GCMEncrypt
Event: 1.362 Loading class com/sun/crypto/provider/GaloisCounterMode$GCMEncrypt done
Event: 1.362 Loading class com/sun/crypto/provider/GaloisCounterMode$EncryptOp
Event: 1.362 Loading class com/sun/crypto/provider/GaloisCounterMode$EncryptOp done
Event: 1.362 Loading class sun/security/ssl/CipherSuite$1
Event: 1.362 Loading class sun/security/ssl/CipherSuite$1 done
Event: 1.363 Loading class java/util/concurrent/CompletionException
Event: 1.363 Loading class java/util/concurrent/CompletionException done
Event: 6.422 Loading class java/util/Collections$UnmodifiableMap$UnmodifiableEntrySet
Event: 6.422 Loading class java/util/Collections$UnmodifiableMap$UnmodifiableEntrySet done
Event: 6.422 Loading class java/util/Collections$UnmodifiableMap$UnmodifiableEntrySet$1
Event: 6.422 Loading class java/util/Collections$UnmodifiableMap$UnmodifiableEntrySet$1 done
Event: 6.422 Loading class java/util/Collections$UnmodifiableMap$UnmodifiableEntrySet$UnmodifiableEntry
Event: 6.422 Loading class java/util/Collections$UnmodifiableMap$UnmodifiableEntrySet$UnmodifiableEntry done
Event: 6.428 Loading class sun/security/ssl/NewSessionTicket$T13NewSessionTicketMessage
Event: 6.429 Loading class sun/security/ssl/NewSessionTicket$NewSessionTicketMessage
Event: 6.429 Loading class sun/security/ssl/NewSessionTicket$NewSessionTicketMessage done
Event: 6.429 Loading class sun/security/ssl/NewSessionTicket$T13NewSessionTicketMessage done

Classes unloaded (0 events):
No events

Classes redefined (0 events):
No events

Internal exceptions (20 events):
Event: 0.201 Thread 0x0000021b1b870480 Exception <a 'java/lang/NoSuchMethodError'{0x00000007143791e8}: 'int java.lang.invoke.DirectMethodHandle$Holder.invokeStaticInit(java.lang.Object, long, long)'> (0x00000007143791e8) 
thrown [s\src\hotspot\share\interpreter\linkResolver.cpp, line 784]
Event: 0.201 Thread 0x0000021b1b870480 Exception <a 'java/lang/NoSuchMethodError'{0x000000071437fc28}: 'int java.lang.invoke.DirectMethodHandle$Holder.invokeStaticInit(java.lang.Object, float, float)'> (0x000000071437fc28) 
thrown [s\src\hotspot\share\interpreter\linkResolver.cpp, line 784]
Event: 0.202 Thread 0x0000021b1b870480 Exception <a 'java/lang/NoSuchMethodError'{0x0000000714386538}: 'int java.lang.invoke.DirectMethodHandle$Holder.invokeStaticInit(java.lang.Object, double, double)'> (0x0000000714386538) 
thrown [s\src\hotspot\share\interpreter\linkResolver.cpp, line 784]
Event: 0.202 Thread 0x0000021b1b870480 Exception <a 'java/lang/NoSuchMethodError'{0x000000071438a9c0}: 'int java.lang.invoke.DirectMethodHandle$Holder.invokeStatic(java.lang.Object, long)'> (0x000000071438a9c0) 
thrown [s\src\hotspot\share\interpreter\linkResolver.cpp, line 784]
Event: 0.204 Thread 0x0000021b1b870480 Exception <a 'java/lang/NoSuchMethodError'{0x00000007143b6840}: 'java.lang.Object java.lang.invoke.DelegatingMethodHandle$Holder.delegate(java.lang.Object, int, java.lang.Object, java.lang.Object)'> (0x00000007143b6840) 
thrown [s\src\hotspot\share\interpreter\linkResolver.cpp, line 784]
Event: 0.205 Thread 0x0000021b1b870480 Exception <a 'java/lang/NoSuchMethodError'{0x00000007143c5c00}: 'int java.lang.invoke.Invokers$Holder.linkToTargetMethod(java.lang.Object, java.lang.Object, java.lang.Object)'> (0x00000007143c5c00) 
thrown [s\src\hotspot\share\interpreter\linkResolver.cpp, line 784]
Event: 0.207 Thread 0x0000021b1b870480 Exception <a 'java/lang/NoSuchMethodError'{0x00000007143f4be0}: 'long java.lang.invoke.DirectMethodHandle$Holder.invokeSpecial(java.lang.Object, java.lang.Object)'> (0x00000007143f4be0) 
thrown [s\src\hotspot\share\interpreter\linkResolver.cpp, line 784]
Event: 0.208 Thread 0x0000021b1b870480 Exception <a 'java/lang/NoSuchMethodError'{0x00000007143fb2e0}: 'int java.lang.invoke.DirectMethodHandle$Holder.invokeStatic(java.lang.Object, java.lang.Object, java.lang.Object, java.lang.Object)'> (0x00000007143fb2e0) 
thrown [s\src\hotspot\share\interpreter\linkResolver.cpp, line 784]
Event: 0.208 Thread 0x0000021b1b870480 Exception <a 'java/lang/NoSuchMethodError'{0x00000007143fe6b0}: 'java.lang.Object java.lang.invoke.Invokers$Holder.invokeExact_MT(java.lang.Object, java.lang.Object, java.lang.Object, java.lang.Object, java.lang.Object, java.lang.Object)'> (0x00000007143fe6b0) 
thrown [s\src\hotspot\share\interpreter\linkResolver.cpp, line 784]
Event: 0.246 Thread 0x0000021b1b870480 Exception <a 'java/lang/NoSuchMethodError'{0x00000007141dff00}: 'java.lang.Object java.lang.invoke.DirectMethodHandle$Holder.newInvokeSpecial(java.lang.Object, java.lang.Object, java.lang.Object, java.lang.Object, java.lang.Object)'> (0x00000007141dff00) 
thrown [s\src\hotspot\share\interpreter\linkResolver.cpp, line 784]
Event: 0.261 Thread 0x0000021b1b870480 Exception <a 'java/lang/NoSuchMethodError'{0x0000000713f30c98}: 'java.lang.Object java.lang.invoke.DirectMethodHandle$Holder.invokeSpecial(java.lang.Object, java.lang.Object, java.lang.Object, java.lang.Object, int)'> (0x0000000713f30c98) 
thrown [s\src\hotspot\share\interpreter\linkResolver.cpp, line 784]
Event: 0.261 Thread 0x0000021b1b870480 Exception <a 'java/lang/NoSuchMethodError'{0x0000000713f345e0}: 'java.lang.Object java.lang.invoke.Invokers$Holder.linkToTargetMethod(java.lang.Object, java.lang.Object, int, java.lang.Object)'> (0x0000000713f345e0) 
thrown [s\src\hotspot\share\interpreter\linkResolver.cpp, line 784]
Event: 0.264 Thread 0x0000021b1b870480 Exception <a 'java/lang/NoSuchMethodError'{0x0000000713f5fb10}: 'void java.lang.invoke.DirectMethodHandle$Holder.invokeSpecial(java.lang.Object, java.lang.Object, java.lang.Object)'> (0x0000000713f5fb10) 
thrown [s\src\hotspot\share\interpreter\linkResolver.cpp, line 784]
Event: 0.271 Thread 0x0000021b1b870480 Exception <a 'java/lang/NoSuchMethodError'{0x0000000713fd6320}: 'void java.lang.invoke.DirectMethodHandle$Holder.invokeSpecial(java.lang.Object, java.lang.Object, java.lang.Object, java.lang.Object, java.lang.Object)'> (0x0000000713fd6320) 
thrown [s\src\hotspot\share\interpreter\linkResolver.cpp, line 784]
Event: 0.271 Thread 0x0000021b3d4d0910 Exception <a 'java/lang/NoSuchMethodError'{0x0000000714170930}: 'void java.lang.invoke.DirectMethodHandle$Holder.invokeStatic(java.lang.Object, java.lang.Object, int)'> (0x0000000714170930) 
thrown [s\src\hotspot\share\interpreter\linkResolver.cpp, line 784]
Event: 0.275 Thread 0x0000021b3d4d0910 Exception <a 'java/lang/NoSuchMethodError'{0x00000007141a9050}: 'void java.lang.invoke.DirectMethodHandle$Holder.invokeStatic(java.lang.Object, java.lang.Object)'> (0x00000007141a9050) 
thrown [s\src\hotspot\share\interpreter\linkResolver.cpp, line 784]
Event: 0.276 Thread 0x0000021b3d5580d0 Exception <a 'java/lang/NoSuchMethodError'{0x0000000713c1f978}: 'void java.lang.invoke.DirectMethodHandle$Holder.invokeInterface(java.lang.Object, java.lang.Object, java.lang.Object)'> (0x0000000713c1f978) 
thrown [s\src\hotspot\share\interpreter\linkResolver.cpp, line 784]
Event: 0.279 Thread 0x0000021b3d5580d0 Exception <a 'java/lang/NoSuchMethodError'{0x0000000713c688e0}: 'void java.lang.invoke.DirectMethodHandle$Holder.invokeVirtual(java.lang.Object, java.lang.Object)'> (0x0000000713c688e0) 
thrown [s\src\hotspot\share\interpreter\linkResolver.cpp, line 784]
Event: 1.334 Thread 0x0000021b3d5580d0 Exception <a 'java/lang/NoSuchMethodError'{0x0000000713a66f08}: 'void java.lang.invoke.DirectMethodHandle$Holder.invokeInterface(java.lang.Object, java.lang.Object)'> (0x0000000713a66f08) 
thrown [s\src\hotspot\share\interpreter\linkResolver.cpp, line 784]
Event: 1.363 Thread 0x0000021b3d5580d0 Exception <a 'java/lang/NoSuchMethodError'{0x0000000713ad7cd8}: 'void java.lang.invoke.DirectMethodHandle$Holder.invokeStatic(java.lang.Object, java.lang.Object, java.lang.Object, java.lang.Object)'> (0x0000000713ad7cd8) 
thrown [s\src\hotspot\share\interpreter\linkResolver.cpp, line 784]

ZGC Phase Switch (0 events):
No events

VM Operations (16 events):
Event: 0.062 Executing VM operation: HandshakeAllThreads (Deoptimize)
Event: 0.062 Executing VM operation: HandshakeAllThreads (Deoptimize) done
Event: 0.067 Executing VM operation: HandshakeAllThreads (Deoptimize)
Event: 0.067 Executing VM operation: HandshakeAllThreads (Deoptimize) done
Event: 0.159 Executing VM operation: HandshakeAllThreads (Deoptimize)
Event: 0.159 Executing VM operation: HandshakeAllThreads (Deoptimize) done
Event: 0.273 Executing VM operation: HandshakeAllThreads (Deoptimize)
Event: 0.273 Executing VM operation: HandshakeAllThreads (Deoptimize) done
Event: 1.274 Executing VM operation: Cleanup
Event: 1.274 Executing VM operation: Cleanup done
Event: 2.275 Executing VM operation: Cleanup
Event: 2.275 Executing VM operation: Cleanup done
Event: 3.289 Executing VM operation: Cleanup
Event: 3.289 Executing VM operation: Cleanup done
Event: 7.309 Executing VM operation: Cleanup
Event: 7.309 Executing VM operation: Cleanup done

Events (20 events):
Event: 0.045 Thread 0x0000021b37c9f7f0 Thread added: 0x0000021b37c9f7f0
Event: 0.045 Thread 0x0000021b37c9fea0 Thread added: 0x0000021b37c9fea0
Event: 0.048 Thread 0x0000021b38d91140 Thread added: 0x0000021b38d91140
Event: 0.050 Thread 0x0000021b38d96a60 Thread added: 0x0000021b38d96a60
Event: 0.055 Loaded shared library C:\Program Files\Android\Android Studio3\jbr\bin\net.dll
Event: 0.056 Loaded shared library C:\Program Files\Android\Android Studio3\jbr\bin\nio.dll
Event: 0.060 Loaded shared library C:\Program Files\Android\Android Studio3\jbr\bin\zip.dll
Event: 0.098 Loaded shared library C:\Program Files\Android\Android Studio3\jbr\bin\jimage.dll
Event: 0.241 Loaded shared library C:\Program Files\Android\Android Studio3\jbr\bin\extnet.dll
Event: 0.244 Thread 0x0000021b3d4d0910 Thread added: 0x0000021b3d4d0910
Event: 0.275 Thread 0x0000021b3d5580d0 Thread added: 0x0000021b3d5580d0
Event: 0.282 Thread 0x0000021b3d567460 Thread added: 0x0000021b3d567460
Event: 0.308 Thread 0x0000021b3d595f70 Thread added: 0x0000021b3d595f70
Event: 0.308 Thread 0x0000021b3d630ff0 Thread added: 0x0000021b3d630ff0
Event: 0.309 Thread 0x0000021b3d6316a0 Thread added: 0x0000021b3d6316a0
Event: 0.311 Thread 0x0000021b3d5e3570 Thread added: 0x0000021b3d5e3570
Event: 2.384 Thread 0x0000021b3d5e3570 Thread exited: 0x0000021b3d5e3570
Event: 2.384 Thread 0x0000021b3d6316a0 Thread exited: 0x0000021b3d6316a0
Event: 2.384 Thread 0x0000021b3d630ff0 Thread exited: 0x0000021b3d630ff0
Event: 6.420 Thread 0x0000021b37c9fea0 Thread exited: 0x0000021b37c9fea0


Dynamic libraries:
0x00007ff7253d0000 - 0x00007ff7253da000 	C:\Program Files\Android\Android Studio3\jbr\bin\java.exe
0x00007ffc7fa60000 - 0x00007ffc7fcc3000 	C:\WINDOWS\SYSTEM32\ntdll.dll
0x00007ffc7edb0000 - 0x00007ffc7ee78000 	C:\WINDOWS\System32\KERNEL32.DLL
0x00007ffc7cfc0000 - 0x00007ffc7d372000 	C:\WINDOWS\System32\KERNELBASE.dll
0x00007ffc7d5f0000 - 0x00007ffc7d73b000 	C:\WINDOWS\System32\ucrtbase.dll
0x00007ffc74de0000 - 0x00007ffc74dfb000 	C:\Program Files\Android\Android Studio3\jbr\bin\VCRUNTIME140.dll
0x00007ffc60070000 - 0x00007ffc60088000 	C:\Program Files\Android\Android Studio3\jbr\bin\jli.dll
0x00007ffc7f480000 - 0x00007ffc7f648000 	C:\WINDOWS\System32\USER32.dll
0x00007ffc7cf90000 - 0x00007ffc7cfb7000 	C:\WINDOWS\System32\win32u.dll
0x00007ffc621e0000 - 0x00007ffc62470000 	C:\WINDOWS\WinSxS\amd64_microsoft.windows.common-controls_6595b64144ccf1df_6.0.26100.2454_none_3e0b68a2e331ad60\COMCTL32.dll
0x00007ffc7e870000 - 0x00007ffc7e89a000 	C:\WINDOWS\System32\GDI32.dll
0x00007ffc7f870000 - 0x00007ffc7f919000 	C:\WINDOWS\System32\msvcrt.dll
0x00007ffc7d4c0000 - 0x00007ffc7d5eb000 	C:\WINDOWS\System32\gdi32full.dll
0x00007ffc7d380000 - 0x00007ffc7d423000 	C:\WINDOWS\System32\msvcp_win.dll
0x00007ffc7f440000 - 0x00007ffc7f46f000 	C:\WINDOWS\System32\IMM32.DLL
0x00007ffc74e50000 - 0x00007ffc74e5c000 	C:\Program Files\Android\Android Studio3\jbr\bin\vcruntime140_1.dll
0x00007ffc378b0000 - 0x00007ffc3793d000 	C:\Program Files\Android\Android Studio3\jbr\bin\msvcp140.dll
0x00007ffbd94c0000 - 0x00007ffbda13d000 	C:\Program Files\Android\Android Studio3\jbr\bin\server\jvm.dll
0x00007ffc7eae0000 - 0x00007ffc7eb94000 	C:\WINDOWS\System32\ADVAPI32.dll
0x00007ffc7ed00000 - 0x00007ffc7eda6000 	C:\WINDOWS\System32\sechost.dll
0x00007ffc7ee80000 - 0x00007ffc7ef96000 	C:\WINDOWS\System32\RPCRT4.dll
0x00007ffc7ea60000 - 0x00007ffc7ead4000 	C:\WINDOWS\System32\WS2_32.dll
0x00007ffc759b0000 - 0x00007ffc759e6000 	C:\WINDOWS\SYSTEM32\WINMM.dll
0x00007ffc7baa0000 - 0x00007ffc7baee000 	C:\WINDOWS\SYSTEM32\POWRPROF.dll
0x00007ffc72540000 - 0x00007ffc7254b000 	C:\WINDOWS\SYSTEM32\VERSION.dll
0x00007ffc7ba80000 - 0x00007ffc7ba94000 	C:\WINDOWS\SYSTEM32\UMPDC.dll
0x00007ffc7bd40000 - 0x00007ffc7bd5a000 	C:\WINDOWS\SYSTEM32\kernel.appcore.dll
0x00007ffc74dd0000 - 0x00007ffc74dda000 	C:\Program Files\Android\Android Studio3\jbr\bin\jimage.dll
0x00007ffc7a630000 - 0x00007ffc7a871000 	C:\WINDOWS\SYSTEM32\DBGHELP.DLL
0x00007ffc7dce0000 - 0x00007ffc7e05e000 	C:\WINDOWS\System32\combase.dll
0x00007ffc7e080000 - 0x00007ffc7e156000 	C:\WINDOWS\System32\OLEAUT32.dll
0x00007ffc6e210000 - 0x00007ffc6e249000 	C:\WINDOWS\SYSTEM32\dbgcore.DLL
0x00007ffc7ce30000 - 0x00007ffc7cec9000 	C:\WINDOWS\System32\bcryptPrimitives.dll
0x00007ffc74db0000 - 0x00007ffc74dcf000 	C:\Program Files\Android\Android Studio3\jbr\bin\java.dll
0x00007ffc74d90000 - 0x00007ffc74da8000 	C:\Program Files\Android\Android Studio3\jbr\bin\zip.dll
0x00007ffc7e160000 - 0x00007ffc7e861000 	C:\WINDOWS\System32\SHELL32.dll
0x00007ffc7ab20000 - 0x00007ffc7b351000 	C:\WINDOWS\SYSTEM32\windows.storage.dll
0x00007ffc7f650000 - 0x00007ffc7f72a000 	C:\WINDOWS\System32\SHCORE.dll
0x00007ffc7f790000 - 0x00007ffc7f7ed000 	C:\WINDOWS\System32\shlwapi.dll
0x00007ffc7cd40000 - 0x00007ffc7cd6e000 	C:\WINDOWS\SYSTEM32\profapi.dll
0x00007ffc74d80000 - 0x00007ffc74d90000 	C:\Program Files\Android\Android Studio3\jbr\bin\net.dll
0x00007ffc749e0000 - 0x00007ffc74b06000 	C:\WINDOWS\SYSTEM32\WINHTTP.dll
0x00007ffc7c220000 - 0x00007ffc7c288000 	C:\WINDOWS\system32\mswsock.dll
0x00007ffc746b0000 - 0x00007ffc746c6000 	C:\Program Files\Android\Android Studio3\jbr\bin\nio.dll
0x00007ffc7c560000 - 0x00007ffc7c57c000 	C:\WINDOWS\SYSTEM32\CRYPTSP.dll
0x00007ffc7bca0000 - 0x00007ffc7bcd8000 	C:\WINDOWS\system32\rsaenh.dll
0x00007ffc7c2c0000 - 0x00007ffc7c2eb000 	C:\WINDOWS\SYSTEM32\USERENV.dll
0x00007ffc7c6f0000 - 0x00007ffc7c716000 	C:\WINDOWS\SYSTEM32\bcrypt.dll
0x00007ffc7c450000 - 0x00007ffc7c45c000 	C:\WINDOWS\SYSTEM32\CRYPTBASE.dll
0x00007ffc7b730000 - 0x00007ffc7b762000 	C:\WINDOWS\SYSTEM32\IPHLPAPI.DLL
0x00007ffc7e070000 - 0x00007ffc7e07a000 	C:\WINDOWS\System32\NSI.dll
0x00007ffc2de90000 - 0x00007ffc2de98000 	C:\WINDOWS\system32\wshunix.dll
0x00007ffc74d70000 - 0x00007ffc74d79000 	C:\Program Files\Android\Android Studio3\jbr\bin\extnet.dll

dbghelp: loaded successfully - version: 4.0.5 - missing functions: none
symbol engine: initialized successfully - sym options: 0x614 - pdb path: .;C:\Program Files\Android\Android Studio3\jbr\bin;C:\WINDOWS\SYSTEM32;C:\WINDOWS\WinSxS\amd64_microsoft.windows.common-controls_6595b64144ccf1df_6.0.26100.2454_none_3e0b68a2e331ad60;C:\Program Files\Android\Android Studio3\jbr\bin\server

VM Arguments:
java_command: git4idea.http.GitAskPassApp Username for 'https://github.com': 
java_class_path (initial): C:/Program Files/Android/Android Studio3/plugins/vcs-git/lib/git4idea-rt.jar;C:/Program Files/Android/Android Studio3/lib/externalProcess-rt.jar
Launcher Type: SUN_STANDARD

[Global flags]
     intx CICompilerCount                          = 12                                        {product} {ergonomic}
     uint ConcGCThreads                            = 4                                         {product} {ergonomic}
     uint G1ConcRefinementThreads                  = 15                                        {product} {ergonomic}
   size_t G1HeapRegionSize                         = 2097152                                   {product} {ergonomic}
    uintx GCDrainStackTargetSize                   = 64                                        {product} {ergonomic}
   size_t InitialHeapSize                          = 264241152                                 {product} {ergonomic}
   size_t MarkStackSize                            = 4194304                                   {product} {ergonomic}
   size_t MaxHeapSize                              = 4213178368                                {product} {ergonomic}
   size_t MaxNewSize                               = 2527068160                                {product} {ergonomic}
   size_t MinHeapDeltaBytes                        = 2097152                                   {product} {ergonomic}
   size_t MinHeapSize                              = 8388608                                   {product} {ergonomic}
    uintx NonNMethodCodeHeapSize                   = 7602480                                {pd product} {ergonomic}
    uintx NonProfiledCodeHeapSize                  = 122027880                              {pd product} {ergonomic}
    uintx ProfiledCodeHeapSize                     = 122027880                              {pd product} {ergonomic}
    uintx ReservedCodeCacheSize                    = 251658240                              {pd product} {ergonomic}
     bool SegmentedCodeCache                       = true                                      {product} {ergonomic}
   size_t SoftMaxHeapSize                          = 4213178368                             {manageable} {ergonomic}
     bool UseCompressedOops                        = true                           {product lp64_product} {ergonomic}
     bool UseG1GC                                  = true                                      {product} {ergonomic}
     bool UseLargePagesIndividualAllocation        = false                                  {pd product} {ergonomic}

Logging:
Log output configuration:
 #0: stdout all=warning uptime,level,tags foldmultilines=false
 #1: stderr all=off uptime,level,tags foldmultilines=false

Environment Variables:
CLASSPATH=.;C:\Program Files (x86)\QuickTime\QTSystem\QTJava.zip
PATH=C:\Program Files\Git\mingw64\libexec\git-core;C:\Program Files\Git\mingw64\libexec\git-core;C:\Program Files\Git\mingw64\bin;C:\Program Files\Git\usr\bin;C:\Users\PC\bin;C:\Program Files\Common Files\Oracle\Java\javapath;C:\Program Files (x86)\Common Files\Intel\Shared Libraries\redist\intel64\compiler;C:\WINDOWS\system32;C:\WINDOWS;C:\WINDOWS\System32\Wbem;C:\WINDOWS\System32\WindowsPowerShell\v1.0;C:\WINDOWS\System32\OpenSSH;C:\Program Files (x86)\NVIDIA Corporation\PhysX\Common;C:\Program Files\NVIDIA Corporation\NVIDIA NvDLISR;C:\Program Files\Git\cmd;C:\Program Files\Microsoft SQL Server\150\Tools\Binn;C:\Program Files (x86)\QuickTime\QTSystem;C:\Program Files (x86)\Windows Kits\10\Windows Performance Toolkit;C:\Users\PC\AppData\Local\Programs\Python\Python313;C:\Users\PC\AppData\Local\Programs\Python\Python313\Scripts;C:\Users\PC\AppData\Local\Programs\Python\Python313\Scripts;C:\Users\PC\AppData\Local\Programs\Python\Python313;C:\Users\PC\AppData\Local\Microsoft\WindowsApps;C:\Users\PC\AppData\Local\Android\Sdk\platform-tools
USERNAME=PC
DISPLAY=:0.0
LC_ALL=en_US.UTF-8
TERM=xterm-256color
TMPDIR=C:\Users\PC\AppData\Local\Temp
OS=Windows_NT
PROCESSOR_IDENTIFIER=Intel64 Family 6 Model 154 Stepping 3, GenuineIntel
TMP=C:\Users\PC\AppData\Local\Temp
TEMP=C:\Users\PC\AppData\Local\Temp




Periodic native trim disabled

JNI global refs:
JNI global refs: 28, weak refs: 0

JNI global refs memory usage: 835, weak refs: 201

Process memory usage:
Resident Set Size: 86772K (0% of 16454388K total physical memory with 2317056K free physical memory)

OOME stack traces (most recent first):
Classloader memory used:
Loader bootstrap                                                                       : 15117K
Loader jdk.internal.loader.ClassLoaders$PlatformClassLoader                            : 1779K
Loader jdk.internal.loader.ClassLoaders$AppClassLoader                                 : 16456B

---------------  S Y S T E M  ---------------

OS:
 Windows 11 , 64 bit Build 26100 (10.0.26100.2454)
OS uptime: 4 days 12:04 hours
Hyper-V role detected

CPU: total 20 (initial active 20) (10 cores per cpu, 2 threads per core) family 6 model 154 stepping 3 microcode 0x435, cx8, cmov, fxsr, ht, mmx, 3dnowpref, sse, sse2, sse3, ssse3, sse4.1, sse4.2, popcnt, lzcnt, tsc, tscinvbit, avx, avx2, aes, erms, clmul, bmi1, bmi2, adx, sha, fma, vzeroupper, clflush, clflushopt, clwb, hv, serialize, rdtscp, rdpid, fsrm, f16c, cet_ibt, cet_ss
Processor Information for processor 0
  Max Mhz: 2300, Current Mhz: 2300, Mhz Limit: 2300
Processor Information for processor 1
  Max Mhz: 2300, Current Mhz: 2300, Mhz Limit: 2300
Processor Information for processor 2
  Max Mhz: 2300, Current Mhz: 2300, Mhz Limit: 2300
Processor Information for processor 3
  Max Mhz: 2300, Current Mhz: 2300, Mhz Limit: 2300
Processor Information for processor 4
  Max Mhz: 2300, Current Mhz: 2300, Mhz Limit: 2300
Processor Information for processor 5
  Max Mhz: 2300, Current Mhz: 2300, Mhz Limit: 2300
Processor Information for processor 6
  Max Mhz: 2300, Current Mhz: 1506, Mhz Limit: 2300
Processor Information for processor 7
  Max Mhz: 2300, Current Mhz: 2300, Mhz Limit: 2300
Processor Information for processor 8
  Max Mhz: 2300, Current Mhz: 2300, Mhz Limit: 2300
Processor Information for processor 9
  Max Mhz: 2300, Current Mhz: 1506, Mhz Limit: 2300
Processor Information for processor 10
  Max Mhz: 2300, Current Mhz: 2300, Mhz Limit: 2300
Processor Information for processor 11
  Max Mhz: 2300, Current Mhz: 2300, Mhz Limit: 2300
Processor Information for processor 12
  Max Mhz: 2300, Current Mhz: 2300, Mhz Limit: 2300
Processor Information for processor 13
  Max Mhz: 2300, Current Mhz: 2300, Mhz Limit: 2300
Processor Information for processor 14
  Max Mhz: 2300, Current Mhz: 2300, Mhz Limit: 2300
Processor Information for processor 15
  Max Mhz: 2300, Current Mhz: 2300, Mhz Limit: 2300
Processor Information for processor 16
  Max Mhz: 2300, Current Mhz: 2300, Mhz Limit: 2300
Processor Information for processor 17
  Max Mhz: 2300, Current Mhz: 2300, Mhz Limit: 2300
Processor Information for processor 18
  Max Mhz: 2300, Current Mhz: 1488, Mhz Limit: 2300
Processor Information for processor 19
  Max Mhz: 2300, Current Mhz: 2300, Mhz Limit: 2300

Memory: 4k page, system-wide physical 16068M (2262M free)
TotalPageFile size 26308M (AvailPageFile size 1M)
current process WorkingSet (physical memory assigned to process): 84M, peak: 85M
current process commit charge ("private bytes"): 374M, peak: 376M

vm_info: OpenJDK 64-Bit Server VM (21.0.3+-12282718-b509.11) for windows-amd64 JRE (21.0.3+-12282718-b509.11), built on 2024-08-27T17:34:15Z by "builder" with MS VC++ 16.10 / 16.11 (VS2019)

END.
